#
# A fatal error has been detected by the Java Runtime Environment:
#
#  SIGSEGV (0xb) at pc=0x000000010e5e5c9e, pid=14260, tid=17923
#
# JRE version: OpenJDK Runtime Environment (13.0.2+8) (build 13.0.2+8)
# Java VM: OpenJDK 64-Bit Server VM (13.0.2+8, mixed mode, sharing, tiered, compressed oops, g1 gc, bsd-amd64)
# Problematic frame:
# V  [libjvm.dylib+0x5e5c9e]  _ZN22MetadataOnStackClosure11do_metadataEP8Metadata+0xa
#
# No core dump will be written. Core dumps have been disabled. To enable core dumping, try "ulimit -c unlimited" before starting Java again
#
# If you would like to submit a bug report, please visit:
#   http://bugreport.java.com/bugreport/crash.jsp
#

---------------  S U M M A R Y ------------

Command Line: -Djava.awt.headless=true -javaagent:/var/folders/my/1qtkmkpd47v5pfljf3gykccc0000gn/T/1587941762661048420218867871499736781780073850343.jar -Dclassworlds.conf=/usr/local/Cellar/maven/3.6.3_1/libexec/bin/m2.conf -Dmaven.home=/usr/local/Cellar/maven/3.6.3_1/libexec -Dlibrary.jansi.path=/usr/local/Cellar/maven/3.6.3_1/libexec/lib/jansi-native -Dmaven.multiModuleProjectDirectory=/Users/yusungsim/jsoup-pit org.pitest.mutationtest.execute.MutationTestMinion 53914

Host: MacBookPro12,1 x86_64 2700 MHz, 4 cores, 8G, Darwin 19.4.0
Time: Mon Apr 27 07:59:58 2020 KST elapsed time: 34 seconds (0d 0h 0m 34s)

---------------  T H R E A D  ---------------

Current thread (0x00007f9278048000):  VMThread "VM Thread" [stack: 0x0000700009356000,0x0000700009456000] [id=17923]

Stack: [0x0000700009356000,0x0000700009456000],  sp=0x00007000094559a0,  free space=1022k
Native frames: (J=compiled Java code, A=aot compiled Java code, j=interpreted, Vv=VM code, C=native code)
V  [libjvm.dylib+0x5e5c9e]  _ZN22MetadataOnStackClosure11do_metadataEP8Metadata+0xa
V  [libjvm.dylib+0x615ce3]  _ZN7nmethod11metadata_doEP15MetadataClosure+0x1c3
V  [libjvm.dylib+0x200119]  _ZN9CodeCache11metadata_doEP15MetadataClosure+0x6d
V  [libjvm.dylib+0x5e5a65]  _ZN19MetadataOnStackMarkC2Ebb+0x41
V  [libjvm.dylib+0x50b8d0]  _ZN18VM_RedefineClasses4doitEv+0x4a
V  [libjvm.dylib+0x7f0479]  _ZN12VM_Operation8evaluateEv+0xd5
V  [libjvm.dylib+0x7f8176]  _ZN8VMThread18evaluate_operationEP12VM_Operation+0x122
V  [libjvm.dylib+0x7f7bad]  _ZN8VMThread4loopEv+0xfb
V  [libjvm.dylib+0x7f79c8]  _ZN8VMThread3runEv+0x78
V  [libjvm.dylib+0x79af53]  _ZN6Thread8call_runEv+0x71
V  [libjvm.dylib+0x633c9c]  _ZL19thread_native_entryP6Thread+0x12f
C  [libsystem_pthread.dylib+0x6109]  _pthread_start+0x94
C  [libsystem_pthread.dylib+0x1b8b]  thread_start+0xf


siginfo: si_signo: 11 (SIGSEGV), si_code: 1 (SEGV_MAPERR), si_addr: 0x0000000000000073

Register to memory mapping:

RAX=0x000000000000000b is an unknown value
RBX=0x00000001239643a8 is at entry_point+7624 in (nmethod*)0x0000000123962310
RCX=0x0000000080080001 is an unknown value
RDX=0x0000000080080001 is an unknown value
RSP=0x00007000094559a0 points into unknown readable memory: a0 5a 45 09 00 70 00 00
RBP=0x00007000094559a0 points into unknown readable memory: a0 5a 45 09 00 70 00 00
RSI=0x0000000130c16bc0 is pointing into metadata
RDI=0x0000000130c16bc0 is pointing into metadata
R8 =0x00000001239625c4 is at entry_point+-28 in (nmethod*)0x0000000123962310
R9 =0xffffffff00000000 is an unknown value
R10=0x00007f9277e0ccb8 points into unknown readable memory: 00 00 00 00 00 00 00 00
R11=0x00007f927da60ad0 points into unknown readable memory: e7 3c a0 27 f9 07 00 10
R12=0x0000700009455b08 points into unknown readable memory: c8 f2 99 0e 01 00 00 00
R13=0x00007f9277e41e80 points into unknown readable memory: 6f 72 67 2e 6a 73 6f 75
R14=0x0000000123962310 is at entry_point+-720 in (nmethod*)0x0000000123962310
R15=0x0000000130c16bc0 is pointing into metadata


Registers:
RAX=0x000000000000000b, RBX=0x00000001239643a8, RCX=0x0000000080080001, RDX=0x0000000080080001
RSP=0x00007000094559a0, RBP=0x00007000094559a0, RSI=0x0000000130c16bc0, RDI=0x0000000130c16bc0
R8 =0x00000001239625c4, R9 =0xffffffff00000000, R10=0x00007f9277e0ccb8, R11=0x00007f927da60ad0
R12=0x0000700009455b08, R13=0x00007f9277e41e80, R14=0x0000000123962310, R15=0x0000000130c16bc0
RIP=0x000000010e5e5c9e, EFLAGS=0x0000000000010206, ERR=0x0000000000000004
  TRAPNO=0x000000000000000e

Top of Stack: (sp=0x00007000094559a0)
0x00007000094559a0:   0000700009455aa0 000000010e615ce3
0x00007000094559b0:   0000000000000000 00000001239625d0
0x00007000094559c0:   00000001239625d0 0000000123962310
0x00007000094559d0:   0000000123964156 000000010e630003
0x00007000094559e0:   00000001239625c4 000000000000ffff
0x00007000094559f0:   00000001239625e0 00000001239625e0
0x0000700009455a00:   00000001239640c0 00000001239625e0
0x0000700009455a10:   00000001239640c0 0000000123964160
0x0000700009455a20:   000000010e9a6f18 00007000094559b0
0x0000700009455a30:   0000000000000000 0000000100000000
0x0000700009455a40:   000000010e996028 00007f9277d26190
0x0000700009455a50:   00007f9277e41e70 00007f9277e41e80
0x0000700009455a60:   00007f9277e42258 00000000000003d8
0x0000700009455a70:   000000010e9a6f18 0000700009455b08
0x0000700009455a80:   000000010ea2b4c0 0000000000000000
0x0000700009455a90:   0000700009455ab0 0000700008e43328
0x0000700009455aa0:   0000700009455af0 000000010e200119
0x0000700009455ab0:   0000000123962310 00007f9277d0c060
0x0000700009455ac0:   0000700000000000 00007f9277d0c060
0x0000700009455ad0:   0000000000000002 000000010ea20101
0x0000700009455ae0:   0000000000000001 0000000000000001
0x0000700009455af0:   0000700009455b20 000000010e5e5a65
0x0000700009455b00:   0000700009455b20 000000010e99f2c8
0x0000700009455b10:   0000700008e43328 00007f9278048000
0x0000700009455b20:   0000700009455bb0 000000010e50b8d0
0x0000700009455b30:   000000010d795a00 0000000000000002
0x0000700009455b40:   000000010d781080 00007f927a000000
0x0000700009455b50:   0000700009455bc0 00007fff69df8d8b
0x0000700009455b60:   0000700000000000 00007fff69df7385
0x0000700009455b70:   000000010d780000 00007f927da00000
0x0000700009455b80:   0000000009455bc0 00007f927a03ce70
0x0000700009455b90:   0000700008e43328 000000010ea2b4c0 

Instructions: (pc=0x000000010e5e5c9e)
0x000000010e5e5b9e:   c7 05 60 55 44 00 00 00 00 00 5d c3 55 48 89 e5
0x000000010e5e5bae:   5d e9 04 ff ff ff 55 48 89 e5 48 85 ff 74 15 48
0x000000010e5e5bbe:   8b 05 34 55 44 00 48 89 87 08 02 00 00 48 89 3d
0x000000010e5e5bce:   26 55 44 00 5d c3 55 48 89 e5 53 50 48 8b 1d 1f
0x000000010e5e5bde:   55 44 00 48 85 db 74 10 48 8b 83 10 02 00 00 48
0x000000010e5e5bee:   89 05 0c 55 44 00 eb 32 31 db bf 18 02 00 00 be
0x000000010e5e5bfe:   08 00 00 00 31 d2 e8 70 4b b0 ff 48 85 c0 74 1a
0x000000010e5e5c0e:   48 89 80 00 02 00 00 31 c9 48 89 88 10 02 00 00
0x000000010e5e5c1e:   48 89 88 08 02 00 00 48 89 c3 48 89 d8 48 83 c4
0x000000010e5e5c2e:   08 5b 5d c3 55 48 89 e5 53 50 48 89 fb 48 8b 05
0x000000010e5e5c3e:   c6 54 44 00 48 85 c0 74 28 48 8d 90 00 02 00 00
0x000000010e5e5c4e:   48 8b 88 00 02 00 00 48 39 d1 75 28 48 8b 0d 97
0x000000010e5e5c5e:   54 44 00 48 89 88 08 02 00 00 48 89 05 89 54 44
0x000000010e5e5c6e:   00 e8 60 ff ff ff 48 89 05 8d 54 44 00 48 8b 88
0x000000010e5e5c7e:   00 02 00 00 48 89 19 48 83 80 00 02 00 00 08 48
0x000000010e5e5c8e:   83 c4 08 5b 5d c3 55 48 89 e5 48 89 f7 48 8b 06
0x000000010e5e5c9e:   48 8b 40 68 be 01 00 00 00 5d ff e0 55 48 89 e5
0x000000010e5e5cae:   48 8d 05 a3 3d 3d 00 48 8b 00 48 8b 0d c1 54 44
0x000000010e5e5cbe:   00 48 8d 54 0f ff 48 f7 d9 48 21 d1 48 39 c1 76
0x000000010e5e5cce:   14 48 8d 15 9a 3d 3d 00 48 8b 12 48 01 c8 48 39
0x000000010e5e5cde:   d1 48 0f 46 c2 5d c3 90 55 48 89 e5 48 8b 05 37
0x000000010e5e5cee:   54 44 00 5d c3 90 55 48 89 e5 4c 8b 05 29 54 44
0x000000010e5e5cfe:   00 31 c0 48 2b 05 78 54 44 00 4c 01 c7 48 0f 42
0x000000010e5e5d0e:   f8 48 8d 05 0a 3d 3d 00 48 3b 38 76 0a 48 85 c9
0x000000010e5e5d1e:   74 35 c6 01 00 eb 30 48 85 c9 74 03 c6 01 01 48
0x000000010e5e5d2e:   8d 0d f4 53 44 00 4c 89 c0 f0 48 0f b1 39 49 39
0x000000010e5e5d3e:   c0 75 14 48 85 f6 74 03 48 89 3e b0 01 48 85 d2
0x000000010e5e5d4e:   74 07 4c 89 02 eb 02 31 c0 5d c3 90 55 48 89 e5
0x000000010e5e5d5e:   48 89 f8 48 f7 d8 48 8d 0d bd 53 44 00 f0 48 0f
0x000000010e5e5d6e:   c1 01 48 29 f8 5d c3 90 55 48 89 e5 48 8d 05 9f
0x000000010e5e5d7e:   3c 3d 00 48 8b 00 48 89 05 9d 53 44 00 5d c3 90
0x000000010e5e5d8e:   55 48 89 e5 48 8b 05 ff 53 44 00 48 85 c0 74 0a 


Stack slot to memory mapping:
stack at sp + 0 slots: 0x0000700009455aa0 points into unknown readable memory: f0 5a 45 09 00 70 00 00
stack at sp + 1 slots: 0x000000010e615ce3: _ZN7nmethod11metadata_doEP15MetadataClosure+0x1c3 in /usr/local/Cellar/openjdk/13.0.2+8_2/libexec/openjdk.jdk/Contents/Home/lib/server/libjvm.dylib at 0x000000010e000000
stack at sp + 2 slots: 0x0 is NULL
stack at sp + 3 slots: 0x00000001239625d0 is at entry_point+-16 in (nmethod*)0x0000000123962310
stack at sp + 4 slots: 0x00000001239625d0 is at entry_point+-16 in (nmethod*)0x0000000123962310
stack at sp + 5 slots: 0x0000000123962310 is at entry_point+-720 in (nmethod*)0x0000000123962310
stack at sp + 6 slots: 0x0000000123964156 is at entry_point+7030 in (nmethod*)0x0000000123962310
stack at sp + 7 slots: 0x000000010e630003: _ZL19signal_thread_entryP10JavaThreadP6Thread+0x39a in /usr/local/Cellar/openjdk/13.0.2+8_2/libexec/openjdk.jdk/Contents/Home/lib/server/libjvm.dylib at 0x000000010e000000

VM_Operation (0x0000700008e43328): RedefineClasses, mode: safepoint, requested by thread 0x00007f927800e000


---------------  P R O C E S S  ---------------

Threads class SMR info:
_java_thread_list=0x00007f927dad0bc0, length=19, elements={
0x00007f927800e000, 0x00007f9278048800, 0x00007f927804b800, 0x00007f927980c000,
0x00007f9278049800, 0x00007f9278888000, 0x00007f9278889000, 0x00007f92788a6000,
0x00007f9279016000, 0x00007f92799bd000, 0x00007f9279cfc800, 0x00007f927b157800,
0x00007f92783ad800, 0x00007f927930a000, 0x00007f9279522000, 0x00007f9279cfd800,
0x00007f9279523000, 0x00007f9279527800, 0x00007f9279308000
}

Java Threads: ( => current thread )
  0x00007f927800e000 JavaThread "main" [_thread_blocked, id=9731, stack(0x0000700008d44000,0x0000700008e44000)]
  0x00007f9278048800 JavaThread "Reference Handler" daemon [_thread_blocked, id=17155, stack(0x0000700009459000,0x0000700009559000)]
  0x00007f927804b800 JavaThread "Finalizer" daemon [_thread_blocked, id=13827, stack(0x000070000955c000,0x000070000965c000)]
  0x00007f927980c000 JavaThread "Signal Dispatcher" daemon [_thread_blocked, id=21763, stack(0x0000700009765000,0x0000700009865000)]
  0x00007f9278049800 JavaThread "C2 CompilerThread0" daemon [_thread_blocked, id=22275, stack(0x0000700009868000,0x0000700009968000)]
  0x00007f9278888000 JavaThread "C1 CompilerThread0" daemon [_thread_blocked, id=22531, stack(0x000070000996b000,0x0000700009a6b000)]
  0x00007f9278889000 JavaThread "Sweeper thread" daemon [_thread_blocked, id=42243, stack(0x0000700009a6e000,0x0000700009b6e000)]
  0x00007f92788a6000 JavaThread "Common-Cleaner" daemon [_thread_blocked, id=41987, stack(0x0000700009b71000,0x0000700009c71000)]
  0x00007f9279016000 JavaThread "Service Thread" daemon [_thread_blocked, id=24067, stack(0x0000700009c74000,0x0000700009d74000)]
  0x00007f92799bd000 JavaThread "qtp468471475-2699" [_thread_in_native, id=26019, stack(0x000070000a389000,0x000070000a489000)]
  0x00007f9279cfc800 JavaThread "qtp468471475-2700" [_thread_blocked, id=14995, stack(0x000070000a48c000,0x000070000a58c000)]
  0x00007f927b157800 JavaThread "qtp468471475-2701-acceptor-0@654301a2-ServerConnector@2f7155d6{HTTP/1.1,[http/1.1]}{0.0.0.0:53931}" [_thread_in_native, id=28703, stack(0x000070000a58f000,0x000070000a68f000)]
  0x00007f92783ad800 JavaThread "qtp468471475-2702" [_thread_blocked, id=26495, stack(0x000070000a692000,0x000070000a792000)]
  0x00007f927930a000 JavaThread "qtp468471475-2703" [_thread_in_native, id=27935, stack(0x000070000a795000,0x000070000a895000)]
  0x00007f9279522000 JavaThread "qtp468471475-2704" [_thread_blocked, id=37919, stack(0x000070000a898000,0x000070000a998000)]
  0x00007f9279cfd800 JavaThread "qtp468471475-2705" [_thread_blocked, id=40223, stack(0x000070000a99b000,0x000070000aa9b000)]
  0x00007f9279523000 JavaThread "qtp468471475-2706" [_thread_blocked, id=27679, stack(0x000070000aa9e000,0x000070000ab9e000)]
  0x00007f9279527800 JavaThread "Connector-Scheduler-2f7155d6-5" [_thread_blocked, id=39943, stack(0x000070000aba1000,0x000070000aca1000)]
  0x00007f9279308000 JavaThread "C2 CompilerThread1" daemon [_thread_blocked, id=29459, stack(0x0000700009e7a000,0x0000700009f7a000)]

Other Threads:
=>0x00007f9278048000 VMThread "VM Thread" [stack: 0x0000700009356000,0x0000700009456000] [id=17923]
  0x00007f927804e000 WatcherThread [stack: 0x0000700009d77000,0x0000700009e77000] [id=41731]
  0x00007f9278035000 GCTaskThread "GC Thread#0" [stack: 0x0000700008e47000,0x0000700008f47000] [id=20739]
  0x00007f927888c800 GCTaskThread "GC Thread#1" [stack: 0x0000700009f7d000,0x000070000a07d000] [id=25091]
  0x00007f9279855000 GCTaskThread "GC Thread#2" [stack: 0x000070000a080000,0x000070000a180000] [id=25347]
  0x00007f927d16f000 GCTaskThread "GC Thread#3" [stack: 0x000070000a286000,0x000070000a386000] [id=26767]
  0x00007f9278819800 ConcurrentGCThread "G1 Main Marker" [stack: 0x0000700008f4a000,0x000070000904a000] [id=11523]
  0x00007f927881a000 ConcurrentGCThread "G1 Conc#0" [stack: 0x000070000904d000,0x000070000914d000] [id=11779]
  0x00007f9278873800 ConcurrentGCThread "G1 Refine#0" [stack: 0x0000700009150000,0x0000700009250000] [id=19203]
  0x00007f9278874000 ConcurrentGCThread "G1 Young RemSet Sampling" [stack: 0x0000700009253000,0x0000700009353000] [id=18947]

Threads with active compile tasks:
C2 CompilerThread0    34869 8834       4       org.jsoup.parser.HtmlTreeBuilderState$7::inBodyStartTag (2573 bytes)
C2 CompilerThread1    34869 8838       4       org.jsoup.parser.HtmlTreeBuilderState$7::inBodyEndTag (882 bytes)

VM state:at safepoint (normal execution)

VM Mutex/Monitor currently owned by a thread:  ([mutex/lock_event])
[0x00007f9277e0c420] Threads_lock - owner thread: 0x00007f9278048000

OutOfMemory and StackOverflow Exception counts:
StackOverflowErrors=6
LinkageErrors=36

Heap address: 0x0000000780000000, size: 2048 MB, Compressed Oops mode: Zero based, Oop shift amount: 3
Narrow klass base: 0x0000000800000000, Narrow klass shift: 3
Compressed class space size: 1073741824 Address: 0x0000000800af5000

Heap:
 garbage-first heap   total 72704K, used 30351K [0x0000000780000000, 0x0000000800000000)
  region size 1024K, 8 young (8192K), 1 survivors (1024K)
 Metaspace       used 20838K, capacity 21914K, committed 22144K, reserved 1069056K
  class space    used 2207K, capacity 2580K, committed 2688K, reserved 1048576K
Heap Regions: E=young(eden), S=young(survivor), O=old, HS=humongous(starts), HC=humongous(continues), CS=collection set, F=free, A=archive, TAMS=top-at-mark-start (previous, next)
|   0|0x0000000780000000, 0x0000000780100000, 0x0000000780100000|100%| O|  |TAMS 0x0000000780100000, 0x0000000780000000| Untracked 
|   1|0x0000000780100000, 0x0000000780200000, 0x0000000780200000|100%| O|  |TAMS 0x0000000780200000, 0x0000000780100000| Untracked 
|   2|0x0000000780200000, 0x0000000780300000, 0x0000000780300000|100%| O|  |TAMS 0x0000000780300000, 0x0000000780200000| Untracked 
|   3|0x0000000780300000, 0x000000078035aa00, 0x0000000780400000| 35%| O|  |TAMS 0x000000078035aa00, 0x0000000780300000| Untracked 
|   4|0x0000000780400000, 0x0000000780500000, 0x0000000780500000|100%|HS|  |TAMS 0x0000000780400000, 0x0000000780400000| Complete 
|   5|0x0000000780500000, 0x0000000780600000, 0x0000000780600000|100%|HC|  |TAMS 0x0000000780500000, 0x0000000780500000| Complete 
|   6|0x0000000780600000, 0x0000000780642800, 0x0000000780700000| 25%| O|  |TAMS 0x0000000780641600, 0x0000000780600000| Untracked 
|   7|0x0000000780700000, 0x0000000780800000, 0x0000000780800000|100%|HS|  |TAMS 0x0000000780700000, 0x0000000780700000| Complete 
|   8|0x0000000780800000, 0x0000000780900000, 0x0000000780900000|100%|HC|  |TAMS 0x0000000780800000, 0x0000000780800000| Complete 
|   9|0x0000000780900000, 0x0000000780a00000, 0x0000000780a00000|100%|HS|  |TAMS 0x0000000780900000, 0x0000000780900000| Complete 
|  10|0x0000000780a00000, 0x0000000780b00000, 0x0000000780b00000|100%|HS|  |TAMS 0x0000000780a00000, 0x0000000780a00000| Complete 
|  11|0x0000000780b00000, 0x0000000780c00000, 0x0000000780c00000|100%|HC|  |TAMS 0x0000000780b00000, 0x0000000780b00000| Complete 
|  12|0x0000000780c00000, 0x0000000780d00000, 0x0000000780d00000|100%|HS|  |TAMS 0x0000000780c00000, 0x0000000780c00000| Complete 
|  13|0x0000000780d00000, 0x0000000780e00000, 0x0000000780e00000|100%|HS|  |TAMS 0x0000000780d00000, 0x0000000780d00000| Complete 
|  14|0x0000000780e00000, 0x0000000780f00000, 0x0000000780f00000|100%|HS|  |TAMS 0x0000000780e00000, 0x0000000780e00000| Complete 
|  15|0x0000000780f00000, 0x0000000781000000, 0x0000000781000000|100%|HC|  |TAMS 0x0000000780f00000, 0x0000000780f00000| Complete 
|  16|0x0000000781000000, 0x0000000781100000, 0x0000000781100000|100%|HS|  |TAMS 0x0000000781000000, 0x0000000781000000| Complete 
|  17|0x0000000781100000, 0x0000000781200000, 0x0000000781200000|100%|HS|  |TAMS 0x0000000781100000, 0x0000000781100000| Complete 
|  18|0x0000000781200000, 0x0000000781300000, 0x0000000781300000|100%|HS|  |TAMS 0x0000000781200000, 0x0000000781200000| Complete 
|  19|0x0000000781300000, 0x0000000781300000, 0x0000000781400000|  0%| F|  |TAMS 0x0000000781300000, 0x0000000781300000| Untracked 
|  20|0x0000000781400000, 0x0000000781400000, 0x0000000781500000|  0%| F|  |TAMS 0x0000000781400000, 0x0000000781400000| Untracked 
|  21|0x0000000781500000, 0x0000000781500000, 0x0000000781600000|  0%| F|  |TAMS 0x0000000781500000, 0x0000000781500000| Untracked 
|  22|0x0000000781600000, 0x0000000781600000, 0x0000000781700000|  0%| F|  |TAMS 0x0000000781600000, 0x0000000781600000| Untracked 
|  23|0x0000000781700000, 0x0000000781700000, 0x0000000781800000|  0%| F|  |TAMS 0x0000000781700000, 0x0000000781700000| Untracked 
|  24|0x0000000781800000, 0x0000000781800000, 0x0000000781900000|  0%| F|  |TAMS 0x0000000781800000, 0x0000000781800000| Untracked 
|  25|0x0000000781900000, 0x0000000781900000, 0x0000000781a00000|  0%| F|  |TAMS 0x0000000781900000, 0x0000000781900000| Untracked 
|  26|0x0000000781a00000, 0x0000000781a00000, 0x0000000781b00000|  0%| F|  |TAMS 0x0000000781a00000, 0x0000000781a00000| Untracked 
|  27|0x0000000781b00000, 0x0000000781b00000, 0x0000000781c00000|  0%| F|  |TAMS 0x0000000781b00000, 0x0000000781b00000| Untracked 
|  28|0x0000000781c00000, 0x0000000781c00000, 0x0000000781d00000|  0%| F|  |TAMS 0x0000000781c00000, 0x0000000781c00000| Untracked 
|  29|0x0000000781d00000, 0x0000000781d00000, 0x0000000781e00000|  0%| F|  |TAMS 0x0000000781d00000, 0x0000000781d00000| Untracked 
|  30|0x0000000781e00000, 0x0000000781e00000, 0x0000000781f00000|  0%| F|  |TAMS 0x0000000781e00000, 0x0000000781e00000| Untracked 
|  31|0x0000000781f00000, 0x0000000781f00000, 0x0000000782000000|  0%| F|  |TAMS 0x0000000781f00000, 0x0000000781f00000| Untracked 
|  32|0x0000000782000000, 0x0000000782000000, 0x0000000782100000|  0%| F|  |TAMS 0x0000000782000000, 0x0000000782000000| Untracked 
|  33|0x0000000782100000, 0x0000000782100000, 0x0000000782200000|  0%| F|  |TAMS 0x0000000782100000, 0x0000000782100000| Untracked 
|  34|0x0000000782200000, 0x0000000782200000, 0x0000000782300000|  0%| F|  |TAMS 0x0000000782200000, 0x0000000782200000| Untracked 
|  35|0x0000000782300000, 0x0000000782400000, 0x0000000782400000|100%| O|  |TAMS 0x0000000782400000, 0x0000000782300000| Untracked 
|  36|0x0000000782400000, 0x0000000782500000, 0x0000000782500000|100%| O|  |TAMS 0x0000000782500000, 0x0000000782400000| Untracked 
|  37|0x0000000782500000, 0x000000078252f800, 0x0000000782600000| 18%| O|  |TAMS 0x000000078252f800, 0x0000000782500000| Untracked 
|  38|0x0000000782600000, 0x0000000782700000, 0x0000000782700000|100%| O|  |TAMS 0x0000000782700000, 0x0000000782600000| Untracked 
|  39|0x0000000782700000, 0x0000000782800000, 0x0000000782800000|100%| O|  |TAMS 0x0000000782800000, 0x0000000782700000| Untracked 
|  40|0x0000000782800000, 0x0000000782800000, 0x0000000782900000|  0%| F|  |TAMS 0x0000000782800000, 0x0000000782800000| Untracked 
|  41|0x0000000782900000, 0x0000000782900000, 0x0000000782a00000|  0%| F|  |TAMS 0x0000000782900000, 0x0000000782900000| Untracked 
|  42|0x0000000782a00000, 0x0000000782a00000, 0x0000000782b00000|  0%| F|  |TAMS 0x0000000782a00000, 0x0000000782a00000| Untracked 
|  43|0x0000000782b00000, 0x0000000782b00000, 0x0000000782c00000|  0%| F|  |TAMS 0x0000000782b00000, 0x0000000782b00000| Untracked 
|  44|0x0000000782c00000, 0x0000000782c00000, 0x0000000782d00000|  0%| F|  |TAMS 0x0000000782c00000, 0x0000000782c00000| Untracked 
|  45|0x0000000782d00000, 0x0000000782d00000, 0x0000000782e00000|  0%| F|  |TAMS 0x0000000782d00000, 0x0000000782d00000| Untracked 
|  46|0x0000000782e00000, 0x0000000782e00000, 0x0000000782f00000|  0%| F|  |TAMS 0x0000000782e00000, 0x0000000782e00000| Untracked 
|  47|0x0000000782f00000, 0x0000000782f00000, 0x0000000783000000|  0%| F|  |TAMS 0x0000000782f00000, 0x0000000782f00000| Untracked 
|  48|0x0000000783000000, 0x0000000783000000, 0x0000000783100000|  0%| F|  |TAMS 0x0000000783000000, 0x0000000783000000| Untracked 
|  49|0x0000000783100000, 0x0000000783100000, 0x0000000783200000|  0%| F|  |TAMS 0x0000000783100000, 0x0000000783100000| Untracked 
|  50|0x0000000783200000, 0x0000000783200000, 0x0000000783300000|  0%| F|  |TAMS 0x0000000783200000, 0x0000000783200000| Untracked 
|  51|0x0000000783300000, 0x0000000783300000, 0x0000000783400000|  0%| F|  |TAMS 0x0000000783300000, 0x0000000783300000| Untracked 
|  52|0x0000000783400000, 0x0000000783400000, 0x0000000783500000|  0%| F|  |TAMS 0x0000000783400000, 0x0000000783400000| Untracked 
|  53|0x0000000783500000, 0x0000000783500000, 0x0000000783600000|  0%| F|  |TAMS 0x0000000783500000, 0x0000000783500000| Untracked 
|  54|0x0000000783600000, 0x0000000783600000, 0x0000000783700000|  0%| F|  |TAMS 0x0000000783600000, 0x0000000783600000| Untracked 
|  55|0x0000000783700000, 0x0000000783700000, 0x0000000783800000|  0%| F|  |TAMS 0x0000000783700000, 0x0000000783700000| Untracked 
|  56|0x0000000783800000, 0x0000000783800000, 0x0000000783900000|  0%| F|  |TAMS 0x0000000783800000, 0x0000000783800000| Untracked 
|  57|0x0000000783900000, 0x0000000783900000, 0x0000000783a00000|  0%| F|  |TAMS 0x0000000783900000, 0x0000000783900000| Untracked 
|  58|0x0000000783a00000, 0x0000000783a00000, 0x0000000783b00000|  0%| F|  |TAMS 0x0000000783a00000, 0x0000000783a00000| Untracked 
|  59|0x0000000783b00000, 0x0000000783b7b710, 0x0000000783c00000| 48%| E|  |TAMS 0x0000000783b00000, 0x0000000783b00000| Complete 
|  60|0x0000000783c00000, 0x0000000783d00000, 0x0000000783d00000|100%| E|CS|TAMS 0x0000000783c00000, 0x0000000783c00000| Complete 
|  61|0x0000000783d00000, 0x0000000783dffec8, 0x0000000783e00000| 99%| E|  |TAMS 0x0000000783d00000, 0x0000000783d00000| Complete 
|  62|0x0000000783e00000, 0x0000000783f00000, 0x0000000783f00000|100%| E|CS|TAMS 0x0000000783e00000, 0x0000000783e00000| Complete 
|  63|0x0000000783f00000, 0x0000000784000000, 0x0000000784000000|100%| E|CS|TAMS 0x0000000783f00000, 0x0000000783f00000| Complete 
|  64|0x0000000784000000, 0x0000000784100000, 0x0000000784100000|100%| E|CS|TAMS 0x0000000784000000, 0x0000000784000000| Complete 
|  65|0x0000000784100000, 0x0000000784200000, 0x0000000784200000|100%|HS|  |TAMS 0x0000000784200000, 0x0000000784100000| Complete 
|  66|0x0000000784200000, 0x0000000784300000, 0x0000000784300000|100%|HS|  |TAMS 0x0000000784300000, 0x0000000784200000| Complete 
|  67|0x0000000784300000, 0x0000000784318308, 0x0000000784400000|  9%| S|CS|TAMS 0x0000000784300000, 0x0000000784300000| Complete 
| 185|0x000000078b900000, 0x000000078ba00000, 0x000000078ba00000|100%| E|CS|TAMS 0x000000078b900000, 0x000000078b900000| Complete 
|1022|0x00000007bfe00000, 0x00000007bfe48000, 0x00000007bff00000| 28%|OA|  |TAMS 0x00000007bfe48000, 0x00000007bfe00000| Untracked 
|1023|0x00000007bff00000, 0x00000007bff77000, 0x00000007c0000000| 46%|CA|  |TAMS 0x00000007bff77000, 0x00000007bff00000| Untracked 

Card table byte_map: [0x00000001180c0000,0x00000001184c0000] _byte_map_base: 0x00000001144c0000

Marking Bits (Prev, Next): (CMBitMap*) 0x00007f9279008818, (CMBitMap*) 0x00007f9279008858
 Prev Bits: [0x00000001188c0000, 0x000000011a8c0000)
 Next Bits: [0x000000012a88e000, 0x000000012c88e000)

Polling page: 0x000000010d7ec000

Metaspace:

Usage:
  Non-class:     18.88 MB capacity,    18.19 MB ( 96%) used,   592.04 KB (  3%) free+waste,   110.38 KB ( <1%) overhead. 
      Class:      2.52 MB capacity,     2.16 MB ( 86%) used,   325.36 KB ( 13%) free+waste,    47.44 KB (  2%) overhead. 
       Both:     21.40 MB capacity,    20.35 MB ( 95%) used,   917.40 KB (  4%) free+waste,   157.81 KB ( <1%) overhead. 

Virtual space:
  Non-class space:       20.00 MB reserved,      19.00 MB ( 95%) committed 
      Class space:        1.00 GB reserved,       2.62 MB ( <1%) committed 
             Both:        1.02 GB reserved,      21.62 MB (  2%) committed 

Chunk freelists:
   Non-Class:  2.00 KB
       Class:  0 bytes
        Both:  2.00 KB

MaxMetaspaceSize: unlimited
CompressedClassSpaceSize: 1.00 GB

CodeHeap 'non-profiled nmethods': size=120032Kb used=6287Kb max_used=6287Kb free=113744Kb
 bounds [0x0000000123356000, 0x0000000123986000, 0x000000012a88e000]
CodeHeap 'profiled nmethods': size=120028Kb used=13212Kb max_used=14179Kb free=106815Kb
 bounds [0x000000011be1f000, 0x000000011cc5f000, 0x0000000123356000]
CodeHeap 'non-nmethods': size=5700Kb used=1233Kb max_used=1316Kb free=4466Kb
 bounds [0x000000011b88e000, 0x000000011bafe000, 0x000000011be1f000]
 total_blobs=12483 nmethods=5881 adapters=408
 compilation: enabled
              stopped_count=0, restarted_count=0
 full_count=0

Compilation events (20 events):
Event: 34.782 Thread 0x00007f9279308000 nmethod 8831 0x0000000123972f90 code [0x00000001239731e0, 0x0000000123974620]
Event: 34.782 Thread 0x00007f9279308000 8837       4       org.jsoup.parser.HtmlTreeBuilderState$7::process (150 bytes)
Event: 34.782 Thread 0x00007f9278888000 8843       3       com.sun.org.apache.xml.internal.serializer.utils.StringToIntTable::getIgnoreCase (49 bytes)
Event: 34.783 Thread 0x00007f9278888000 nmethod 8843 0x000000011c92fd10 code [0x000000011c92fee0, 0x000000011c930288]
Event: 34.784 Thread 0x00007f9278888000 8844 %     3       org.xml.sax.helpers.AttributesImpl::getIndex @ 9 (41 bytes)
Event: 34.784 Thread 0x00007f9278888000 nmethod 8844% 0x000000011bfa5110 code [0x000000011bfa52e0, 0x000000011bfa5688]
Event: 34.797 Thread 0x00007f9279308000 nmethod 8837 0x0000000123975410 code [0x0000000123975680, 0x00000001239761e0]
Event: 34.797 Thread 0x00007f9279308000 8846       4       org.jsoup.parser.HtmlTreeBuilderState$7::inBodyEndTagAdoption (545 bytes)
Event: 34.839 Thread 0x00007f9278888000 8847       3       org.jsoup.nodes.Comment::attr (6 bytes)
Event: 34.841 Thread 0x00007f9278888000 nmethod 8847 0x000000011c407c10 code [0x000000011c407dc0, 0x000000011c407f68]
Event: 34.846 Thread 0x00007f9278888000 8849       3       com.sun.org.apache.xerces.internal.impl.XMLEntityScanner::scanName (305 bytes)
Event: 34.848 Thread 0x00007f9278888000 nmethod 8849 0x000000011cb52890 code [0x000000011cb52b20, 0x000000011cb53648]
Event: 34.848 Thread 0x00007f9278888000 8848       3       com.sun.org.apache.xerces.internal.util.ParserConfigurationSettings::getProperty (20 bytes)
Event: 34.848 Thread 0x00007f9278888000 nmethod 8848 0x000000011c66ba90 code [0x000000011c66bc40, 0x000000011c66bf88]
Event: 34.852 Thread 0x00007f9279308000 nmethod 8846 0x0000000123976a90 code [0x0000000123976d20, 0x00000001239785e0]
Event: 34.852 Thread 0x00007f9279308000 8850       4       com.sun.org.apache.xerces.internal.dom.NodeImpl::needsSyncData (26 bytes)
Event: 34.853 Thread 0x00007f9279308000 nmethod 8850 0x0000000123979790 code [0x0000000123979900, 0x0000000123979998]
Event: 34.853 Thread 0x00007f9279308000 8841       4       com.sun.org.apache.xerces.internal.dom.DocumentImpl::setAttrNode (40 bytes)
Event: 34.853 Thread 0x00007f9279308000 nmethod 8841 0x0000000123979a90 code [0x0000000123979c00, 0x0000000123979c98]
Event: 34.853 Thread 0x00007f9279308000 8838       4       org.jsoup.parser.HtmlTreeBuilderState$7::inBodyEndTag (882 bytes)

GC Heap History (20 events):
Event: 33.500 GC heap before
{Heap before GC invocations=69 (full 0):
 garbage-first heap   total 66560K, used 47736K [0x0000000780000000, 0x0000000800000000)
  region size 1024K, 39 young (39936K), 1 survivors (1024K)
 Metaspace       used 20789K, capacity 21853K, committed 22144K, reserved 1069056K
  class space    used 2201K, capacity 2570K, committed 2688K, reserved 1048576K
}
Event: 33.501 GC heap after
{Heap after GC invocations=70 (full 0):
 garbage-first heap   total 66560K, used 8848K [0x0000000780000000, 0x0000000800000000)
  region size 1024K, 1 young (1024K), 1 survivors (1024K)
 Metaspace       used 20789K, capacity 21853K, committed 22144K, reserved 1069056K
  class space    used 2201K, capacity 2570K, committed 2688K, reserved 1048576K
}
Event: 33.578 GC heap before
{Heap before GC invocations=70 (full 0):
 garbage-first heap   total 66560K, used 46736K [0x0000000780000000, 0x0000000800000000)
  region size 1024K, 39 young (39936K), 1 survivors (1024K)
 Metaspace       used 20797K, capacity 21865K, committed 22144K, reserved 1069056K
  class space    used 2202K, capacity 2572K, committed 2688K, reserved 1048576K
}
Event: 33.578 GC heap after
{Heap after GC invocations=71 (full 0):
 garbage-first heap   total 66560K, used 8855K [0x0000000780000000, 0x0000000800000000)
  region size 1024K, 1 young (1024K), 1 survivors (1024K)
 Metaspace       used 20797K, capacity 21865K, committed 22144K, reserved 1069056K
  class space    used 2202K, capacity 2572K, committed 2688K, reserved 1048576K
}
Event: 33.658 GC heap before
{Heap before GC invocations=71 (full 0):
 garbage-first heap   total 66560K, used 46743K [0x0000000780000000, 0x0000000800000000)
  region size 1024K, 39 young (39936K), 1 survivors (1024K)
 Metaspace       used 20802K, capacity 21871K, committed 22144K, reserved 1069056K
  class space    used 2203K, capacity 2573K, committed 2688K, reserved 1048576K
}
Event: 33.659 GC heap after
{Heap after GC invocations=72 (full 0):
 garbage-first heap   total 66560K, used 8867K [0x0000000780000000, 0x0000000800000000)
  region size 1024K, 1 young (1024K), 1 survivors (1024K)
 Metaspace       used 20802K, capacity 21871K, committed 22144K, reserved 1069056K
  class space    used 2203K, capacity 2573K, committed 2688K, reserved 1048576K
}
Event: 33.737 GC heap before
{Heap before GC invocations=72 (full 0):
 garbage-first heap   total 66560K, used 47779K [0x0000000780000000, 0x0000000800000000)
  region size 1024K, 39 young (39936K), 1 survivors (1024K)
 Metaspace       used 20814K, capacity 21889K, committed 22144K, reserved 1069056K
  class space    used 2205K, capacity 2576K, committed 2688K, reserved 1048576K
}
Event: 33.737 GC heap after
{Heap after GC invocations=73 (full 0):
 garbage-first heap   total 66560K, used 8873K [0x0000000780000000, 0x0000000800000000)
  region size 1024K, 1 young (1024K), 1 survivors (1024K)
 Metaspace       used 20814K, capacity 21889K, committed 22144K, reserved 1069056K
  class space    used 2205K, capacity 2576K, committed 2688K, reserved 1048576K
}
Event: 33.988 GC heap before
{Heap before GC invocations=73 (full 0):
 garbage-first heap   total 66560K, used 47785K [0x0000000780000000, 0x0000000800000000)
  region size 1024K, 39 young (39936K), 1 survivors (1024K)
 Metaspace       used 20818K, capacity 21895K, committed 22144K, reserved 1069056K
  class space    used 2205K, capacity 2577K, committed 2688K, reserved 1048576K
}
Event: 33.988 GC heap after
{Heap after GC invocations=74 (full 0):
 garbage-first heap   total 66560K, used 8824K [0x0000000780000000, 0x0000000800000000)
  region size 1024K, 1 young (1024K), 1 survivors (1024K)
 Metaspace       used 20818K, capacity 21895K, committed 22144K, reserved 1069056K
  class space    used 2205K, capacity 2577K, committed 2688K, reserved 1048576K
}
Event: 34.100 GC heap before
{Heap before GC invocations=74 (full 0):
 garbage-first heap   total 66560K, used 47736K [0x0000000780000000, 0x0000000800000000)
  region size 1024K, 39 young (39936K), 1 survivors (1024K)
 Metaspace       used 20822K, capacity 21901K, committed 22144K, reserved 1069056K
  class space    used 2206K, capacity 2578K, committed 2688K, reserved 1048576K
}
Event: 34.101 GC heap after
{Heap after GC invocations=75 (full 0):
 garbage-first heap   total 66560K, used 8828K [0x0000000780000000, 0x0000000800000000)
  region size 1024K, 1 young (1024K), 1 survivors (1024K)
 Metaspace       used 20822K, capacity 21901K, committed 22144K, reserved 1069056K
  class space    used 2206K, capacity 2578K, committed 2688K, reserved 1048576K
}
Event: 34.231 GC heap before
{Heap before GC invocations=75 (full 0):
 garbage-first heap   total 66560K, used 60028K [0x0000000780000000, 0x0000000800000000)
  region size 1024K, 35 young (35840K), 1 survivors (1024K)
 Metaspace       used 20825K, capacity 21902K, committed 22144K, reserved 1069056K
  class space    used 2206K, capacity 2578K, committed 2688K, reserved 1048576K
}
Event: 34.232 GC heap after
{Heap after GC invocations=76 (full 0):
 garbage-first heap   total 66560K, used 10914K [0x0000000780000000, 0x0000000800000000)
  region size 1024K, 1 young (1024K), 1 survivors (1024K)
 Metaspace       used 20825K, capacity 21902K, committed 22144K, reserved 1069056K
  class space    used 2206K, capacity 2578K, committed 2688K, reserved 1048576K
}
Event: 34.528 GC heap before
{Heap before GC invocations=77 (full 0):
 garbage-first heap   total 66560K, used 61090K [0x0000000780000000, 0x0000000800000000)
  region size 1024K, 35 young (35840K), 1 survivors (1024K)
 Metaspace       used 20833K, capacity 21908K, committed 22144K, reserved 1069056K
  class space    used 2206K, capacity 2579K, committed 2688K, reserved 1048576K
}
Event: 34.528 GC heap after
{Heap after GC invocations=78 (full 0):
 garbage-first heap   total 67584K, used 8832K [0x0000000780000000, 0x0000000800000000)
  region size 1024K, 1 young (1024K), 1 survivors (1024K)
 Metaspace       used 20833K, capacity 21908K, committed 22144K, reserved 1069056K
  class space    used 2206K, capacity 2579K, committed 2688K, reserved 1048576K
}
Event: 34.650 GC heap before
{Heap before GC invocations=78 (full 0):
 garbage-first heap   total 67584K, used 47744K [0x0000000780000000, 0x0000000800000000)
  region size 1024K, 39 young (39936K), 1 survivors (1024K)
 Metaspace       used 20838K, capacity 21914K, committed 22144K, reserved 1069056K
  class space    used 2207K, capacity 2580K, committed 2688K, reserved 1048576K
}
Event: 34.651 GC heap after
{Heap after GC invocations=79 (full 0):
 garbage-first heap   total 67584K, used 8857K [0x0000000780000000, 0x0000000800000000)
  region size 1024K, 1 young (1024K), 1 survivors (1024K)
 Metaspace       used 20838K, capacity 21914K, committed 22144K, reserved 1069056K
  class space    used 2207K, capacity 2580K, committed 2688K, reserved 1048576K
}
Event: 34.804 GC heap before
{Heap before GC invocations=79 (full 0):
 garbage-first heap   total 71680K, used 65177K [0x0000000780000000, 0x0000000800000000)
  region size 1024K, 39 young (39936K), 1 survivors (1024K)
 Metaspace       used 20838K, capacity 21914K, committed 22144K, reserved 1069056K
  class space    used 2207K, capacity 2580K, committed 2688K, reserved 1048576K
}
Event: 34.806 GC heap after
{Heap after GC invocations=80 (full 0):
 garbage-first heap   total 72704K, used 10895K [0x0000000780000000, 0x0000000800000000)
  region size 1024K, 1 young (1024K), 1 survivors (1024K)
 Metaspace       used 20838K, capacity 21914K, committed 22144K, reserved 1069056K
  class space    used 2207K, capacity 2580K, committed 2688K, reserved 1048576K
}

Deoptimization events (20 events):
Event: 34.782 Thread 0x00007f927d1cd800 DEOPT PACKING pc=0x000000011c3b3e85 sp=0x000070000ada0c70
Event: 34.782 Thread 0x00007f927d1cd800 DEOPT UNPACKING pc=0x000000011b8d733a sp=0x000070000ada0208 mode 0
Event: 34.785 Thread 0x00007f927d1d0800 Uncommon trap: trap_request=0xffffffbe fr.pc=0x0000000123973f04 relative=0x0000000000000d24
Event: 34.785 Thread 0x00007f927d1d0800 Uncommon trap: reason=profile_predicate action=maybe_recompile pc=0x0000000123973f04 method=org.jsoup.parser.HtmlTreeBuilderState$7.inBodyEndTagAdoption(Lorg/jsoup/parser/Token;Lorg/jsoup/parser/HtmlTreeBuilder;)Z @ 187 c2
Event: 34.785 Thread 0x00007f927d1d0800 DEOPT PACKING pc=0x0000000123973f04 sp=0x000070000a280f30
Event: 34.786 Thread 0x00007f927d1d0800 DEOPT UNPACKING pc=0x000000011b8d6e25 sp=0x000070000a280e70 mode 2
Event: 34.786 Thread 0x00007f927d1d0800 Uncommon trap: trap_request=0xffffffbe fr.pc=0x0000000123973f04 relative=0x0000000000000d24
Event: 34.786 Thread 0x00007f927d1d0800 Uncommon trap: reason=profile_predicate action=maybe_recompile pc=0x0000000123973f04 method=org.jsoup.parser.HtmlTreeBuilderState$7.inBodyEndTagAdoption(Lorg/jsoup/parser/Token;Lorg/jsoup/parser/HtmlTreeBuilder;)Z @ 187 c2
Event: 34.786 Thread 0x00007f927d1d0800 DEOPT PACKING pc=0x0000000123973f04 sp=0x000070000a280f30
Event: 34.786 Thread 0x00007f927d1d0800 DEOPT UNPACKING pc=0x000000011b8d6e25 sp=0x000070000a280e70 mode 2
Event: 34.786 Thread 0x00007f927d1d0800 Uncommon trap: trap_request=0xffffffbe fr.pc=0x0000000123973f04 relative=0x0000000000000d24
Event: 34.786 Thread 0x00007f927d1d0800 Uncommon trap: reason=profile_predicate action=maybe_recompile pc=0x0000000123973f04 method=org.jsoup.parser.HtmlTreeBuilderState$7.inBodyEndTagAdoption(Lorg/jsoup/parser/Token;Lorg/jsoup/parser/HtmlTreeBuilder;)Z @ 187 c2
Event: 34.786 Thread 0x00007f927d1d0800 DEOPT PACKING pc=0x0000000123973f04 sp=0x000070000a280f30
Event: 34.786 Thread 0x00007f927d1d0800 DEOPT UNPACKING pc=0x000000011b8d6e25 sp=0x000070000a280e70 mode 2
Event: 34.786 Thread 0x00007f927d1d0800 Uncommon trap: trap_request=0xffffffbe fr.pc=0x0000000123973f04 relative=0x0000000000000d24
Event: 34.786 Thread 0x00007f927d1d0800 Uncommon trap: reason=profile_predicate action=maybe_recompile pc=0x0000000123973f04 method=org.jsoup.parser.HtmlTreeBuilderState$7.inBodyEndTagAdoption(Lorg/jsoup/parser/Token;Lorg/jsoup/parser/HtmlTreeBuilder;)Z @ 187 c2
Event: 34.786 Thread 0x00007f927d1d0800 DEOPT PACKING pc=0x0000000123973f04 sp=0x000070000a280f30
Event: 34.786 Thread 0x00007f927d1d0800 DEOPT UNPACKING pc=0x000000011b8d6e25 sp=0x000070000a280e70 mode 2
Event: 34.834 Thread 0x00007f927d1d0800 DEOPT PACKING pc=0x000000011c1a177a sp=0x000070000a281070
Event: 34.834 Thread 0x00007f927d1d0800 DEOPT UNPACKING pc=0x000000011b8d733a sp=0x000070000a280588 mode 0

Classes unloaded (0 events):
No events

Classes redefined (20 events):
Event: 32.014 Thread 0x00007f9278048000 redefined class name=org.jsoup.parser.HtmlTreeBuilderState$7, count=129
Event: 32.051 Thread 0x00007f9278048000 redefined class name=org.jsoup.parser.HtmlTreeBuilderState$7, count=130
Event: 32.170 Thread 0x00007f9278048000 redefined class name=org.jsoup.parser.HtmlTreeBuilderState$7, count=131
Event: 32.208 Thread 0x00007f9278048000 redefined class name=org.jsoup.parser.HtmlTreeBuilderState$7, count=132
Event: 32.247 Thread 0x00007f9278048000 redefined class name=org.jsoup.parser.HtmlTreeBuilderState$7, count=133
Event: 32.286 Thread 0x00007f9278048000 redefined class name=org.jsoup.parser.HtmlTreeBuilderState$7, count=134
Event: 32.338 Thread 0x00007f9278048000 redefined class name=org.jsoup.parser.HtmlTreeBuilderState$7, count=135
Event: 32.415 Thread 0x00007f9278048000 redefined class name=org.jsoup.parser.HtmlTreeBuilderState$7, count=136
Event: 32.651 Thread 0x00007f9278048000 redefined class name=org.jsoup.parser.HtmlTreeBuilderState$7, count=137
Event: 33.340 Thread 0x00007f9278048000 redefined class name=org.jsoup.parser.HtmlTreeBuilderState$7, count=138
Event: 33.779 Thread 0x00007f9278048000 redefined class name=org.jsoup.parser.HtmlTreeBuilderState$7, count=139
Event: 33.837 Thread 0x00007f9278048000 redefined class name=org.jsoup.parser.HtmlTreeBuilderState$7, count=140
Event: 33.880 Thread 0x00007f9278048000 redefined class name=org.jsoup.parser.HtmlTreeBuilderState$7, count=141
Event: 33.916 Thread 0x00007f9278048000 redefined class name=org.jsoup.parser.HtmlTreeBuilderState$7, count=142
Event: 33.969 Thread 0x00007f9278048000 redefined class name=org.jsoup.parser.HtmlTreeBuilderState$7, count=143
Event: 34.008 Thread 0x00007f9278048000 redefined class name=org.jsoup.parser.HtmlTreeBuilderState$7, count=144
Event: 34.292 Thread 0x00007f9278048000 redefined class name=org.jsoup.parser.HtmlTreeBuilderState$7, count=145
Event: 34.383 Thread 0x00007f9278048000 redefined class name=org.jsoup.parser.HtmlTreeBuilderState$7, count=146
Event: 34.463 Thread 0x00007f9278048000 redefined class name=org.jsoup.parser.HtmlTreeBuilderState$7, count=147
Event: 34.511 Thread 0x00007f9278048000 redefined class name=org.jsoup.parser.HtmlTreeBuilderState$7, count=148

Internal exceptions (20 events):
Event: 31.366 Thread 0x00007f927c92f000 Exception <a 'java/lang/reflect/InvocationTargetException'{0x0000000781818ae8}> (0x0000000781818ae8) 
thrown [/private/tmp/openjdk-20200206-75669-1lx9p0o/jdk13u-jdk-13.0.2+8/src/hotspot/share/runtime/reflection.cpp, line 1188]
Event: 31.520 Thread 0x00007f927d13d800 Exception <a 'java/lang/reflect/InvocationTargetException'{0x0000000780d74638}> (0x0000000780d74638) 
thrown [/private/tmp/openjdk-20200206-75669-1lx9p0o/jdk13u-jdk-13.0.2+8/src/hotspot/share/runtime/reflection.cpp, line 1188]
Event: 31.816 Thread 0x00007f9278219000 Exception <a 'java/lang/reflect/InvocationTargetException'{0x00000007832a83d8}> (0x00000007832a83d8) 
thrown [/private/tmp/openjdk-20200206-75669-1lx9p0o/jdk13u-jdk-13.0.2+8/src/hotspot/share/runtime/reflection.cpp, line 1188]
Event: 31.855 Thread 0x00007f927d13d800 Exception <a 'java/lang/reflect/InvocationTargetException'{0x00000007830f8a28}> (0x00000007830f8a28) 
thrown [/private/tmp/openjdk-20200206-75669-1lx9p0o/jdk13u-jdk-13.0.2+8/src/hotspot/share/runtime/reflection.cpp, line 1188]
Event: 31.938 Thread 0x00007f927d13d800 Exception <a 'java/lang/reflect/InvocationTargetException'{0x000000078b9e33f0}> (0x000000078b9e33f0) 
thrown [/private/tmp/openjdk-20200206-75669-1lx9p0o/jdk13u-jdk-13.0.2+8/src/hotspot/share/runtime/reflection.cpp, line 1188]
Event: 31.991 Thread 0x00007f927d13d800 Exception <a 'java/lang/reflect/InvocationTargetException'{0x000000078366afe8}> (0x000000078366afe8) 
thrown [/private/tmp/openjdk-20200206-75669-1lx9p0o/jdk13u-jdk-13.0.2+8/src/hotspot/share/runtime/reflection.cpp, line 1188]
Event: 32.320 Thread 0x00007f927d17b000 Exception <a 'java/lang/reflect/InvocationTargetException'{0x0000000782faad08}> (0x0000000782faad08) 
thrown [/private/tmp/openjdk-20200206-75669-1lx9p0o/jdk13u-jdk-13.0.2+8/src/hotspot/share/runtime/reflection.cpp, line 1188]
Event: 33.319 Thread 0x00007f927c2d9800 Exception <a 'java/net/ConnectException'{0x0000000782a24938}> (0x0000000782a24938) 
thrown [/private/tmp/openjdk-20200206-75669-1lx9p0o/jdk13u-jdk-13.0.2+8/src/hotspot/share/prims/jni.cpp, line 598]
Event: 33.319 Thread 0x00007f927c2d9800 Exception <a 'java/lang/reflect/InvocationTargetException'{0x0000000782a25170}> (0x0000000782a25170) 
thrown [/private/tmp/openjdk-20200206-75669-1lx9p0o/jdk13u-jdk-13.0.2+8/src/hotspot/share/runtime/reflection.cpp, line 1188]
Event: 33.764 Thread 0x00007f9279308000 Exception <a 'java/lang/reflect/InvocationTargetException'{0x00000007832ec710}> (0x00000007832ec710) 
thrown [/private/tmp/openjdk-20200206-75669-1lx9p0o/jdk13u-jdk-13.0.2+8/src/hotspot/share/runtime/reflection.cpp, line 1188]
Event: 33.860 Thread 0x00007f927984e000 Exception <a 'java/lang/StackOverflowError'{0x0000000782130838}> (0x0000000782130838) 
thrown [/private/tmp/openjdk-20200206-75669-1lx9p0o/jdk13u-jdk-13.0.2+8/src/hotspot/share/interpreter/interpreterRuntime.cpp, line 404]
Event: 33.900 Thread 0x00007f927c2d9800 Exception <a 'java/lang/reflect/InvocationTargetException'{0x0000000781edc738}> (0x0000000781edc738) 
thrown [/private/tmp/openjdk-20200206-75669-1lx9p0o/jdk13u-jdk-13.0.2+8/src/hotspot/share/runtime/reflection.cpp, line 1188]
Event: 33.990 Thread 0x00007f927c2d9800 Exception <a 'java/lang/reflect/InvocationTargetException'{0x0000000783d19938}> (0x0000000783d19938) 
thrown [/private/tmp/openjdk-20200206-75669-1lx9p0o/jdk13u-jdk-13.0.2+8/src/hotspot/share/runtime/reflection.cpp, line 1188]
Event: 34.361 Thread 0x00007f927980c800 Exception <a 'java/lang/reflect/InvocationTargetException'{0x000000078217b238}> (0x000000078217b238) 
thrown [/private/tmp/openjdk-20200206-75669-1lx9p0o/jdk13u-jdk-13.0.2+8/src/hotspot/share/runtime/reflection.cpp, line 1188]
Event: 34.490 Thread 0x00007f927d0d7800 Exception <a 'java/lang/reflect/InvocationTargetException'{0x00000007819bec40}> (0x00000007819bec40) 
thrown [/private/tmp/openjdk-20200206-75669-1lx9p0o/jdk13u-jdk-13.0.2+8/src/hotspot/share/runtime/reflection.cpp, line 1188]
Event: 34.655 Thread 0x00007f9278219000 Exception <a 'java/lang/ClassNotFoundException'{0x0000000783e83d88}: sun/net/www/protocol/something/Handler> (0x0000000783e83d88) 
thrown [/private/tmp/openjdk-20200206-75669-1lx9p0o/jdk13u-jdk-13.0.2+8/src/hotspot/share/classfile/systemDictionary.cpp, line 232]
Event: 34.656 Thread 0x00007f9278219000 Exception <a 'java/lang/ClassNotFoundException'{0x0000000783ea88f0}: sun/net/www/protocol/something/Handler> (0x0000000783ea88f0) 
thrown [/private/tmp/openjdk-20200206-75669-1lx9p0o/jdk13u-jdk-13.0.2+8/src/hotspot/share/classfile/systemDictionary.cpp, line 232]
Event: 34.693 Thread 0x00007f9278219000 Exception <a 'java/lang/ClassNotFoundException'{0x0000000783299af8}: sun/net/www/protocol/javascript/Handler> (0x0000000783299af8) 
thrown [/private/tmp/openjdk-20200206-75669-1lx9p0o/jdk13u-jdk-13.0.2+8/src/hotspot/share/classfile/systemDictionary.cpp, line 232]
Event: 34.699 Thread 0x00007f927980c800 Exception <a 'java/lang/ClassNotFoundException'{0x0000000783078d40}: sun/net/www/protocol/javascript/Handler> (0x0000000783078d40) 
thrown [/private/tmp/openjdk-20200206-75669-1lx9p0o/jdk13u-jdk-13.0.2+8/src/hotspot/share/classfile/systemDictionary.cpp, line 232]
Event: 34.701 Thread 0x00007f927d0d7800 Exception <a 'java/lang/ClassNotFoundException'{0x0000000782f3c420}: sun/net/www/protocol/javascript/Handler> (0x0000000782f3c420) 
thrown [/private/tmp/openjdk-20200206-75669-1lx9p0o/jdk13u-jdk-13.0.2+8/src/hotspot/share/classfile/systemDictionary.cpp, line 232]

Events (20 events):
Event: 34.784 Thread 0x00007f927d1cd800 Thread exited: 0x00007f927d1cd800
Event: 34.784 Thread 0x00007f927d1d0800 Thread added: 0x00007f927d1d0800
Event: 34.784 Protecting memory [0x000070000a183000,0x000070000a187000] with protection modes 0
Event: 34.796 Protecting memory [0x000070000a183000,0x000070000a187000] with protection modes 3
Event: 34.796 Thread 0x00007f927d1d0800 Thread exited: 0x00007f927d1d0800
Event: 34.796 Thread 0x00007f9278219000 Thread added: 0x00007f9278219000
Event: 34.796 Protecting memory [0x000070000aca4000,0x000070000aca8000] with protection modes 0
Event: 34.804 Executing VM operation: G1CollectForAllocation
Event: 34.806 Executing VM operation: G1CollectForAllocation done
Event: 34.823 Executing VM operation: G1Concurrent
Event: 34.828 Executing VM operation: G1Concurrent done
Event: 34.832 Protecting memory [0x000070000aca4000,0x000070000aca8000] with protection modes 3
Event: 34.832 Thread 0x00007f9278219000 Thread exited: 0x00007f9278219000
Event: 34.832 Thread 0x00007f927d1d0800 Thread added: 0x00007f927d1d0800
Event: 34.832 Protecting memory [0x000070000a183000,0x000070000a187000] with protection modes 0
Event: 34.839 Executing VM operation: G1Concurrent
Event: 34.841 Executing VM operation: G1Concurrent done
Event: 34.846 Protecting memory [0x000070000a183000,0x000070000a187000] with protection modes 3
Event: 34.846 Thread 0x00007f927d1d0800 Thread exited: 0x00007f927d1d0800
Event: 34.854 Executing VM operation: RedefineClasses


Dynamic libraries:
0x00007fff6915f000 	/usr/lib/libz.1.dylib
0x000000010d782000 	/usr/local/Cellar/openjdk/13.0.2+8_2/libexec/openjdk.jdk/Contents/Home/lib/libjli.dylib
0x00007fff2ef71000 	/System/Library/Frameworks/Cocoa.framework/Versions/A/Cocoa
0x00007fff3c74e000 	/System/Library/Frameworks/Security.framework/Versions/A/Security
0x00007fff2dedb000 	/System/Library/Frameworks/ApplicationServices.framework/Versions/A/ApplicationServices
0x00007fff66c23000 	/usr/lib/libSystem.B.dylib
0x00007fff69a1f000 	/usr/lib/system/libcache.dylib
0x00007fff69a25000 	/usr/lib/system/libcommonCrypto.dylib
0x00007fff69a31000 	/usr/lib/system/libcompiler_rt.dylib
0x00007fff69a39000 	/usr/lib/system/libcopyfile.dylib
0x00007fff69a43000 	/usr/lib/system/libcorecrypto.dylib
0x00007fff69be2000 	/usr/lib/system/libdispatch.dylib
0x00007fff69c23000 	/usr/lib/system/libdyld.dylib
0x00007fff69c5a000 	/usr/lib/system/libkeymgr.dylib
0x00007fff69c68000 	/usr/lib/system/liblaunch.dylib
0x00007fff69c69000 	/usr/lib/system/libmacho.dylib
0x00007fff69c6f000 	/usr/lib/system/libquarantine.dylib
0x00007fff69c72000 	/usr/lib/system/libremovefile.dylib
0x00007fff69c74000 	/usr/lib/system/libsystem_asl.dylib
0x00007fff69c8c000 	/usr/lib/system/libsystem_blocks.dylib
0x00007fff69c8d000 	/usr/lib/system/libsystem_c.dylib
0x00007fff69d15000 	/usr/lib/system/libsystem_configuration.dylib
0x00007fff69d19000 	/usr/lib/system/libsystem_coreservices.dylib
0x00007fff69d1d000 	/usr/lib/system/libsystem_darwin.dylib
0x00007fff69d26000 	/usr/lib/system/libsystem_dnssd.dylib
0x00007fff69d2e000 	/usr/lib/system/libsystem_featureflags.dylib
0x00007fff69d30000 	/usr/lib/system/libsystem_info.dylib
0x00007fff69dab000 	/usr/lib/system/libsystem_m.dylib
0x00007fff69df3000 	/usr/lib/system/libsystem_malloc.dylib
0x00007fff69e1b000 	/usr/lib/system/libsystem_networkextension.dylib
0x00007fff69e29000 	/usr/lib/system/libsystem_notify.dylib
0x00007fff69e47000 	/usr/lib/system/libsystem_sandbox.dylib
0x00007fff69e4c000 	/usr/lib/system/libsystem_secinit.dylib
0x00007fff69d7e000 	/usr/lib/system/libsystem_kernel.dylib
0x00007fff69e33000 	/usr/lib/system/libsystem_platform.dylib
0x00007fff69e3c000 	/usr/lib/system/libsystem_pthread.dylib
0x00007fff69e4f000 	/usr/lib/system/libsystem_symptoms.dylib
0x00007fff69e57000 	/usr/lib/system/libsystem_trace.dylib
0x00007fff69e6f000 	/usr/lib/system/libunwind.dylib
0x00007fff69e75000 	/usr/lib/system/libxpc.dylib
0x00007fff68a83000 	/usr/lib/libobjc.A.dylib
0x00007fff66f5c000 	/usr/lib/libc++abi.dylib
0x00007fff66f09000 	/usr/lib/libc++.1.dylib
0x00007fff2fe0c000 	/System/Library/Frameworks/CoreFoundation.framework/Versions/A/CoreFoundation
0x00007fff324c2000 	/System/Library/Frameworks/Foundation.framework/Versions/C/Foundation
0x00007fff2d0cc000 	/System/Library/Frameworks/AppKit.framework/Versions/C/AppKit
0x00007fff2f8f5000 	/System/Library/Frameworks/CoreData.framework/Versions/A/CoreData
0x00007fff60c44000 	/System/Library/PrivateFrameworks/UIFoundation.framework/Versions/A/UIFoundation
0x00007fff5bcf2000 	/System/Library/PrivateFrameworks/RemoteViewServices.framework/Versions/A/RemoteViewServices
0x00007fff63798000 	/System/Library/PrivateFrameworks/XCTTargetBootstrap.framework/Versions/A/XCTTargetBootstrap
0x00007fff2fce0000 	/System/Library/Frameworks/CoreDisplay.framework/Versions/A/CoreDisplay
0x00007fff3537b000 	/System/Library/Frameworks/Metal.framework/Versions/A/Metal
0x00007fff49d61000 	/System/Library/PrivateFrameworks/DesktopServicesPriv.framework/Versions/A/DesktopServicesPriv
0x00007fff67d60000 	/usr/lib/liblangid.dylib
0x00007fff48ffa000 	/System/Library/PrivateFrameworks/CoreSVG.framework/Versions/A/CoreSVG
0x00007fff5ee48000 	/System/Library/PrivateFrameworks/SkyLight.framework/Versions/A/SkyLight
0x00007fff3028d000 	/System/Library/Frameworks/CoreGraphics.framework/Versions/A/CoreGraphics
0x00007fff2baa0000 	/System/Library/Frameworks/Accelerate.framework/Versions/A/Accelerate
0x00007fff69050000 	/usr/lib/libxml2.2.dylib
0x00007fff54ca4000 	/System/Library/PrivateFrameworks/IconServices.framework/Versions/A/IconServices
0x00007fff32ca1000 	/System/Library/Frameworks/IOSurface.framework/Versions/A/IOSurface
0x00007fff6674d000 	/usr/lib/libDiagnosticMessagesClient.dylib
0x00007fff49bbb000 	/System/Library/PrivateFrameworks/DFRFoundation.framework/Versions/A/DFRFoundation
0x00007fff67aef000 	/usr/lib/libicucore.A.dylib
0x00007fff2e20d000 	/System/Library/Frameworks/AudioToolbox.framework/Versions/A/AudioToolbox
0x00007fff2e2f0000 	/System/Library/Frameworks/AudioUnit.framework/Versions/A/AudioUnit
0x00007fff66e25000 	/usr/lib/libauto.dylib
0x00007fff49c5d000 	/System/Library/PrivateFrameworks/DataDetectorsCore.framework/Versions/A/DataDetectorsCore
0x00007fff2ea92000 	/System/Library/Frameworks/Carbon.framework/Versions/A/Frameworks/HIToolbox.framework/Versions/A/HIToolbox
0x00007fff3b94b000 	/System/Library/Frameworks/QuartzCore.framework/Versions/A/QuartzCore
0x00007fff2edd1000 	/System/Library/Frameworks/Carbon.framework/Versions/A/Frameworks/SpeechRecognition.framework/Versions/A/SpeechRecognition
0x00007fff496d2000 	/System/Library/PrivateFrameworks/CoreUI.framework/Versions/A/CoreUI
0x00007fff2f360000 	/System/Library/Frameworks/CoreAudio.framework/Versions/A/CoreAudio
0x00007fff32187000 	/System/Library/Frameworks/DiskArbitration.framework/Versions/A/DiskArbitration
0x00007fff56cf1000 	/System/Library/PrivateFrameworks/MultitouchSupport.framework/Versions/A/MultitouchSupport
0x00007fff679b6000 	/usr/lib/libenergytrace.dylib
0x00007fff32bfb000 	/System/Library/Frameworks/IOKit.framework/Versions/A/IOKit
0x00007fff311f4000 	/System/Library/Frameworks/CoreServices.framework/Versions/A/CoreServices
0x00007fff58e88000 	/System/Library/PrivateFrameworks/PerformanceAnalysis.framework/Versions/A/PerformanceAnalysis
0x00007fff3a97e000 	/System/Library/Frameworks/OpenGL.framework/Versions/A/OpenGL
0x00007fff2ef7f000 	/System/Library/Frameworks/ColorSync.framework/Versions/A/ColorSync
0x00007fff3090f000 	/System/Library/Frameworks/CoreImage.framework/Versions/A/CoreImage
0x00007fff31c66000 	/System/Library/Frameworks/CoreText.framework/Versions/A/CoreText
0x00007fff32d31000 	/System/Library/Frameworks/ImageIO.framework/Versions/A/ImageIO
0x00007fff66f85000 	/usr/lib/libcompression.dylib
0x00007fff66a91000 	/usr/lib/libMobileGestalt.dylib
0x00007fff609bd000 	/System/Library/PrivateFrameworks/TextureIO.framework/Versions/A/TextureIO
0x00007fff66d88000 	/usr/lib/libate.dylib
0x00007fff54ead000 	/System/Library/PrivateFrameworks/InternationalSupport.framework/Versions/A/InternationalSupport
0x00007fff67d62000 	/usr/lib/liblzma.5.dylib
0x00007fff679dd000 	/usr/lib/libfakelink.dylib
0x00007fff66d15000 	/usr/lib/libarchive.2.dylib
0x00007fff3d7fe000 	/System/Library/Frameworks/SystemConfiguration.framework/Versions/A/SystemConfiguration
0x00007fff66680000 	/usr/lib/libCRFSuite.dylib
0x00007fff2e683000 	/System/Library/Frameworks/CFNetwork.framework/Versions/A/CFNetwork
0x00007fff66eeb000 	/usr/lib/libbsm.0.dylib
0x00007fff69c5b000 	/usr/lib/system/libkxld.dylib
0x00007fff43590000 	/System/Library/PrivateFrameworks/AppleFSCompression.framework/Versions/A/AppleFSCompression
0x00007fff67276000 	/usr/lib/libcoretls.dylib
0x00007fff6728d000 	/usr/lib/libcoretls_cfhelpers.dylib
0x00007fff68ac9000 	/usr/lib/libpam.2.dylib
0x00007fff68bfe000 	/usr/lib/libsqlite3.dylib
0x00007fff6903d000 	/usr/lib/libxar.1.dylib
0x00007fff66efc000 	/usr/lib/libbz2.1.0.dylib
0x00007fff679fe000 	/usr/lib/libiconv.2.dylib
0x00007fff66f72000 	/usr/lib/libcharset.1.dylib
0x00007fff68568000 	/usr/lib/libnetwork.dylib
0x00007fff68ad0000 	/usr/lib/libpcap.A.dylib
0x00007fff66cca000 	/usr/lib/libapple_nghttp2.dylib
0x00007fff315ab000 	/System/Library/Frameworks/CoreServices.framework/Versions/A/Frameworks/FSEvents.framework/Versions/A/FSEvents
0x00007fff3127b000 	/System/Library/Frameworks/CoreServices.framework/Versions/A/Frameworks/CarbonCore.framework/Versions/A/CarbonCore
0x00007fff317ee000 	/System/Library/Frameworks/CoreServices.framework/Versions/A/Frameworks/Metadata.framework/Versions/A/Metadata
0x00007fff31887000 	/System/Library/Frameworks/CoreServices.framework/Versions/A/Frameworks/OSServices.framework/Versions/A/OSServices
0x00007fff318b5000 	/System/Library/Frameworks/CoreServices.framework/Versions/A/Frameworks/SearchKit.framework/Versions/A/SearchKit
0x00007fff311f5000 	/System/Library/Frameworks/CoreServices.framework/Versions/A/Frameworks/AE.framework/Versions/A/AE
0x00007fff315b4000 	/System/Library/Frameworks/CoreServices.framework/Versions/A/Frameworks/LaunchServices.framework/Versions/A/LaunchServices
0x00007fff3155d000 	/System/Library/Frameworks/CoreServices.framework/Versions/A/Frameworks/DictionaryServices.framework/Versions/A/DictionaryServices
0x00007fff3191d000 	/System/Library/Frameworks/CoreServices.framework/Versions/A/Frameworks/SharedFileList.framework/Versions/A/SharedFileList
0x00007fff3679e000 	/System/Library/Frameworks/NetFS.framework/Versions/A/NetFS
0x00007fff57220000 	/System/Library/PrivateFrameworks/NetAuth.framework/Versions/A/NetAuth
0x00007fff63b65000 	/System/Library/PrivateFrameworks/login.framework/Versions/A/Frameworks/loginsupport.framework/Versions/A/loginsupport
0x00007fff6048a000 	/System/Library/PrivateFrameworks/TCC.framework/Versions/A/TCC
0x00007fff4816d000 	/System/Library/PrivateFrameworks/CoreNLP.framework/Versions/A/CoreNLP
0x00007fff5671f000 	/System/Library/PrivateFrameworks/MetadataUtilities.framework/Versions/A/MetadataUtilities
0x00007fff67e3a000 	/usr/lib/libmecabra.dylib
0x00007fff67d92000 	/usr/lib/libmecab.dylib
0x00007fff679ee000 	/usr/lib/libgermantok.dylib
0x00007fff66cb1000 	/usr/lib/libThaiTokenizer.dylib
0x00007fff666b7000 	/usr/lib/libChineseTokenizer.dylib
0x00007fff2bab8000 	/System/Library/Frameworks/Accelerate.framework/Versions/A/Frameworks/vImage.framework/Versions/A/vImage
0x00007fff2cf22000 	/System/Library/Frameworks/Accelerate.framework/Versions/A/Frameworks/vecLib.framework/Versions/A/vecLib
0x00007fff2ce5f000 	/System/Library/Frameworks/Accelerate.framework/Versions/A/Frameworks/vecLib.framework/Versions/A/libvMisc.dylib
0x00007fff2cc87000 	/System/Library/Frameworks/Accelerate.framework/Versions/A/Frameworks/vecLib.framework/Versions/A/libvDSP.dylib
0x00007fff2c10f000 	/System/Library/Frameworks/Accelerate.framework/Versions/A/Frameworks/vecLib.framework/Versions/A/libBLAS.dylib
0x00007fff2c84b000 	/System/Library/Frameworks/Accelerate.framework/Versions/A/Frameworks/vecLib.framework/Versions/A/libLAPACK.dylib
0x00007fff2cbe7000 	/System/Library/Frameworks/Accelerate.framework/Versions/A/Frameworks/vecLib.framework/Versions/A/libLinearAlgebra.dylib
0x00007fff2cc74000 	/System/Library/Frameworks/Accelerate.framework/Versions/A/Frameworks/vecLib.framework/Versions/A/libSparseBLAS.dylib
0x00007fff2cbfd000 	/System/Library/Frameworks/Accelerate.framework/Versions/A/Frameworks/vecLib.framework/Versions/A/libQuadrature.dylib
0x00007fff2c377000 	/System/Library/Frameworks/Accelerate.framework/Versions/A/Frameworks/vecLib.framework/Versions/A/libBNNS.dylib
0x00007fff2cc03000 	/System/Library/Frameworks/Accelerate.framework/Versions/A/Frameworks/vecLib.framework/Versions/A/libSparse.dylib
0x00007fff55295000 	/System/Library/PrivateFrameworks/LanguageModeling.framework/Versions/A/LanguageModeling
0x00007fff47b1d000 	/System/Library/PrivateFrameworks/CoreEmoji.framework/Versions/A/CoreEmoji
0x00007fff553b3000 	/System/Library/PrivateFrameworks/LinguisticData.framework/Versions/A/LinguisticData
0x00007fff55364000 	/System/Library/PrivateFrameworks/Lexicon.framework/Versions/A/Lexicon
0x00007fff66f73000 	/usr/lib/libcmph.dylib
0x00007fff3938c000 	/System/Library/Frameworks/OpenDirectory.framework/Versions/A/Frameworks/CFOpenDirectory.framework/Versions/A/CFOpenDirectory
0x00007fff393a9000 	/System/Library/Frameworks/OpenDirectory.framework/Versions/A/OpenDirectory
0x00007fff417c9000 	/System/Library/PrivateFrameworks/APFS.framework/Versions/A/APFS
0x00007fff3ca98000 	/System/Library/Frameworks/SecurityFoundation.framework/Versions/A/SecurityFoundation
0x00007fff69039000 	/usr/lib/libutil.dylib
0x00007fff49052000 	/System/Library/PrivateFrameworks/CoreServicesStore.framework/Versions/A/CoreServicesStore
0x00007fff3cb4f000 	/System/Library/Frameworks/ServiceManagement.framework/Versions/A/ServiceManagement
0x00007fff44d5e000 	/System/Library/PrivateFrameworks/BackgroundTaskManagement.framework/Versions/A/BackgroundTaskManagement
0x00007fff69136000 	/usr/lib/libxslt.1.dylib
0x00007fff43c02000 	/System/Library/PrivateFrameworks/AppleSystemInfo.framework/Versions/A/AppleSystemInfo
0x00007fff32f4c000 	/System/Library/Frameworks/ImageIO.framework/Versions/A/Resources/libJPEG.dylib
0x00007fff33208000 	/System/Library/Frameworks/ImageIO.framework/Versions/A/Resources/libTIFF.dylib
0x00007fff331eb000 	/System/Library/Frameworks/ImageIO.framework/Versions/A/Resources/libPng.dylib
0x00007fff32e8e000 	/System/Library/Frameworks/ImageIO.framework/Versions/A/Resources/libGIF.dylib
0x00007fff32e92000 	/System/Library/Frameworks/ImageIO.framework/Versions/A/Resources/libJP2.dylib
0x00007fff33206000 	/System/Library/Frameworks/ImageIO.framework/Versions/A/Resources/libRadiance.dylib
0x00007fff679b7000 	/usr/lib/libexpat.1.dylib
0x00007fff436eb000 	/System/Library/PrivateFrameworks/AppleJPEG.framework/Versions/A/AppleJPEG
0x00007fff4c317000 	/System/Library/PrivateFrameworks/FontServices.framework/libFontParser.dylib
0x00007fff62b6b000 	/System/Library/PrivateFrameworks/WatchdogClient.framework/Versions/A/WatchdogClient
0x00007fff548f1000 	/System/Library/PrivateFrameworks/IOAccelerator.framework/Versions/A/IOAccelerator
0x00007fff35716000 	/System/Library/Frameworks/MetalPerformanceShaders.framework/Versions/A/MetalPerformanceShaders
0x00007fff5108a000 	/System/Library/PrivateFrameworks/GPUWrangler.framework/Versions/A/GPUWrangler
0x00007fff54906000 	/System/Library/PrivateFrameworks/IOPresentment.framework/Versions/A/IOPresentment
0x00007fff49bce000 	/System/Library/PrivateFrameworks/DSExternalDisplay.framework/Versions/A/DSExternalDisplay
0x00007fff39d1d000 	/System/Library/Frameworks/OpenGL.framework/Versions/A/Libraries/libCoreFSCache.dylib
0x00007fff35462000 	/System/Library/Frameworks/MetalPerformanceShaders.framework/Frameworks/MPSCore.framework/Versions/A/MPSCore
0x00007fff354a0000 	/System/Library/Frameworks/MetalPerformanceShaders.framework/Frameworks/MPSImage.framework/Versions/A/MPSImage
0x00007fff35567000 	/System/Library/Frameworks/MetalPerformanceShaders.framework/Frameworks/MPSNeuralNetwork.framework/Versions/A/MPSNeuralNetwork
0x00007fff3552b000 	/System/Library/Frameworks/MetalPerformanceShaders.framework/Frameworks/MPSMatrix.framework/Versions/A/MPSMatrix
0x00007fff356c6000 	/System/Library/Frameworks/MetalPerformanceShaders.framework/Frameworks/MPSRayIntersector.framework/Versions/A/MPSRayIntersector
0x00007fff35551000 	/System/Library/Frameworks/MetalPerformanceShaders.framework/Frameworks/MPSNDArray.framework/Versions/A/MPSNDArray
0x00007fff5676c000 	/System/Library/PrivateFrameworks/MetalTools.framework/Versions/A/MetalTools
0x00007fff4299b000 	/System/Library/PrivateFrameworks/AggregateDictionary.framework/Versions/A/AggregateDictionary
0x00007fff47577000 	/System/Library/PrivateFrameworks/CoreAnalytics.framework/Versions/A/CoreAnalytics
0x00007fff43b21000 	/System/Library/PrivateFrameworks/AppleSauce.framework/Versions/A/AppleSauce
0x00007fff66973000 	/usr/lib/libIOReport.dylib
0x00007fff31e1e000 	/System/Library/Frameworks/CoreVideo.framework/Versions/A/CoreVideo
0x00007fff52504000 	/System/Library/PrivateFrameworks/GraphVisualizer.framework/Versions/A/GraphVisualizer
0x00007fff4b86b000 	/System/Library/PrivateFrameworks/FaceCore.framework/Versions/A/FaceCore
0x00007fff39333000 	/System/Library/Frameworks/OpenCL.framework/Versions/A/OpenCL
0x00007fff66795000 	/usr/lib/libFosl_dynamic.dylib
0x00007fff57c35000 	/System/Library/PrivateFrameworks/OTSVG.framework/Versions/A/OTSVG
0x00007fff2dfe0000 	/System/Library/Frameworks/ApplicationServices.framework/Versions/A/Frameworks/ATS.framework/Versions/A/Resources/libFontRegistry.dylib
0x00007fff4c4e8000 	/System/Library/PrivateFrameworks/FontServices.framework/libhvf.dylib
0x00007fff39d28000 	/System/Library/Frameworks/OpenGL.framework/Versions/A/Libraries/libGFXShared.dylib
0x00007fff39f06000 	/System/Library/Frameworks/OpenGL.framework/Versions/A/Libraries/libGLU.dylib
0x00007fff39d31000 	/System/Library/Frameworks/OpenGL.framework/Versions/A/Libraries/libGL.dylib
0x00007fff39d3c000 	/System/Library/Frameworks/OpenGL.framework/Versions/A/Libraries/libGLImage.dylib
0x00007fff39d1a000 	/System/Library/Frameworks/OpenGL.framework/Versions/A/Libraries/libCVMSPluginSupport.dylib
0x00007fff39d23000 	/System/Library/Frameworks/OpenGL.framework/Versions/A/Libraries/libCoreVMClient.dylib
0x00007fff68409000 	/usr/lib/libncurses.5.4.dylib
0x00007fff2dedc000 	/System/Library/Frameworks/ApplicationServices.framework/Versions/A/Frameworks/ATS.framework/Versions/A/ATS
0x00007fff2e0a9000 	/System/Library/Frameworks/ApplicationServices.framework/Versions/A/Frameworks/ColorSyncLegacy.framework/Versions/A/ColorSyncLegacy
0x00007fff2e147000 	/System/Library/Frameworks/ApplicationServices.framework/Versions/A/Frameworks/HIServices.framework/Versions/A/HIServices
0x00007fff2e19f000 	/System/Library/Frameworks/ApplicationServices.framework/Versions/A/Frameworks/LangAnalysis.framework/Versions/A/LangAnalysis
0x00007fff2e1ae000 	/System/Library/Frameworks/ApplicationServices.framework/Versions/A/Frameworks/PrintCore.framework/Versions/A/PrintCore
0x00007fff2e1f4000 	/System/Library/Frameworks/ApplicationServices.framework/Versions/A/Frameworks/QD.framework/Versions/A/QD
0x00007fff2e1ff000 	/System/Library/Frameworks/ApplicationServices.framework/Versions/A/Frameworks/SpeechSynthesis.framework/Versions/A/SpeechSynthesis
0x00007fff2e079000 	/System/Library/Frameworks/ApplicationServices.framework/Versions/A/Frameworks/ATSUI.framework/Versions/A/ATSUI
0x00007fff6784b000 	/usr/lib/libcups.2.dylib
0x00007fff347b3000 	/System/Library/Frameworks/Kerberos.framework/Versions/A/Kerberos
0x00007fff328f4000 	/System/Library/Frameworks/GSS.framework/Versions/A/GSS
0x00007fff68b8a000 	/usr/lib/libresolv.9.dylib
0x00007fff526b2000 	/System/Library/PrivateFrameworks/Heimdal.framework/Versions/A/Heimdal
0x00007fff347c6000 	/System/Library/Frameworks/Kerberos.framework/Versions/A/Libraries/libHeimdalProxy.dylib
0x00007fff679f4000 	/usr/lib/libheimdal-asn1.dylib
0x00007fff46a10000 	/System/Library/PrivateFrameworks/CommonAuth.framework/Versions/A/CommonAuth
0x00007fff43c9f000 	/System/Library/PrivateFrameworks/AssertionServices.framework/Versions/A/AssertionServices
0x00007fff44841000 	/System/Library/PrivateFrameworks/AudioToolboxCore.framework/Versions/A/AudioToolboxCore
0x00007fff63815000 	/System/Library/PrivateFrameworks/caulk.framework/Versions/A/caulk
0x00007fff44e0a000 	/System/Library/PrivateFrameworks/BaseBoard.framework/Versions/A/BaseBoard
0x00007fff5be80000 	/System/Library/PrivateFrameworks/RunningBoardServices.framework/Versions/A/RunningBoardServices
0x00007fff58e94000 	/System/Library/PrivateFrameworks/PersistentConnection.framework/Versions/A/PersistentConnection
0x00007fff5b87a000 	/System/Library/PrivateFrameworks/ProtocolBuffer.framework/Versions/A/ProtocolBuffer
0x00007fff46a34000 	/System/Library/PrivateFrameworks/CommonUtilities.framework/Versions/A/CommonUtilities
0x00007fff44f98000 	/System/Library/PrivateFrameworks/Bom.framework/Versions/A/Bom
0x00007fff66646000 	/usr/lib/libAudioToolboxUtility.dylib
0x00007fff44d68000 	/System/Library/PrivateFrameworks/Backup.framework/Versions/A/Backup
0x00007fff49aef000 	/System/Library/PrivateFrameworks/CrashReporterSupport.framework/Versions/A/CrashReporterSupport
0x00007fff5d90e000 	/System/Library/PrivateFrameworks/Sharing.framework/Versions/A/Sharing
0x00007fff432ae000 	/System/Library/PrivateFrameworks/Apple80211.framework/Versions/A/Apple80211
0x00007fff44a85000 	/System/Library/PrivateFrameworks/AuthKit.framework/Versions/A/AuthKit
0x00007fff497ff000 	/System/Library/PrivateFrameworks/CoreUtils.framework/Versions/A/CoreUtils
0x00007fff31e63000 	/System/Library/Frameworks/CoreWLAN.framework/Versions/A/CoreWLAN
0x00007fff32a81000 	/System/Library/Frameworks/IOBluetooth.framework/Versions/A/IOBluetooth
0x00007fff56a70000 	/System/Library/PrivateFrameworks/MobileKeyBag.framework/Versions/A/MobileKeyBag
0x00007fff48605000 	/System/Library/PrivateFrameworks/CorePhoneNumbers.framework/Versions/A/CorePhoneNumbers
0x00007fff4369e000 	/System/Library/PrivateFrameworks/AppleIDAuthSupport.framework/Versions/A/AppleIDAuthSupport
0x00007fff367ab000 	/System/Library/Frameworks/Network.framework/Versions/A/Network
0x00007fff55141000 	/System/Library/PrivateFrameworks/KeychainCircle.framework/Versions/A/KeychainCircle
0x00007fff2f8bc000 	/System/Library/Frameworks/CoreBluetooth.framework/Versions/A/CoreBluetooth
0x00007fff5f98b000 	/System/Library/PrivateFrameworks/SpeechRecognitionCore.framework/Versions/A/SpeechRecognitionCore
0x000000010e000000 	/usr/local/Cellar/openjdk/13.0.2+8_2/libexec/openjdk.jdk/Contents/Home/lib/server/libjvm.dylib
0x000000010d7a1000 	/usr/local/Cellar/openjdk/13.0.2+8_2/libexec/openjdk.jdk/Contents/Home/lib/libverify.dylib
0x000000010d7ae000 	/usr/local/Cellar/openjdk/13.0.2+8_2/libexec/openjdk.jdk/Contents/Home/lib/libjava.dylib
0x000000010d7ee000 	/usr/local/Cellar/openjdk/13.0.2+8_2/libexec/openjdk.jdk/Contents/Home/lib/libinstrument.dylib
0x000000010eef3000 	/usr/local/Cellar/openjdk/13.0.2+8_2/libexec/openjdk.jdk/Contents/Home/lib/libzip.dylib
0x000000010eefc000 	/usr/local/Cellar/openjdk/13.0.2+8_2/libexec/openjdk.jdk/Contents/Home/lib/libjimage.dylib
0x000000011b725000 	/usr/local/Cellar/openjdk/13.0.2+8_2/libexec/openjdk.jdk/Contents/Home/lib/libnio.dylib
0x000000011b735000 	/usr/local/Cellar/openjdk/13.0.2+8_2/libexec/openjdk.jdk/Contents/Home/lib/libnet.dylib
0x000000011b753000 	/usr/local/Cellar/openjdk/13.0.2+8_2/libexec/openjdk.jdk/Contents/Home/lib/libextnet.dylib
0x000000011b772000 	/usr/local/Cellar/openjdk/13.0.2+8_2/libexec/openjdk.jdk/Contents/Home/lib/libmanagement.dylib
0x000000011b778000 	/usr/local/Cellar/openjdk/13.0.2+8_2/libexec/openjdk.jdk/Contents/Home/lib/libmanagement_ext.dylib


VM Arguments:
jvm_args: -Djava.awt.headless=true -javaagent:/var/folders/my/1qtkmkpd47v5pfljf3gykccc0000gn/T/1587941762661048420218867871499736781780073850343.jar -Dclassworlds.conf=/usr/local/Cellar/maven/3.6.3_1/libexec/bin/m2.conf -Dmaven.home=/usr/local/Cellar/maven/3.6.3_1/libexec -Dlibrary.jansi.path=/usr/local/Cellar/maven/3.6.3_1/libexec/lib/jansi-native -Dmaven.multiModuleProjectDirectory=/Users/yusungsim/jsoup-pit 
java_command: org.pitest.mutationtest.execute.MutationTestMinion 53914
java_class_path (initial): /Users/yusungsim/jsoup-pit/target/test-classes:/Users/yusungsim/jsoup-pit/target/classes:/Users/yusungsim/.m2/repository/org/junit/jupiter/junit-jupiter/5.6.0/junit-jupiter-5.6.0.jar:/Users/yusungsim/.m2/repository/org/junit/jupiter/junit-jupiter-api/5.6.0/junit-jupiter-api-5.6.0.jar:/Users/yusungsim/.m2/repository/org/apiguardian/apiguardian-api/1.1.0/apiguardian-api-1.1.0.jar:/Users/yusungsim/.m2/repository/org/opentest4j/opentest4j/1.2.0/opentest4j-1.2.0.jar:/Users/yusungsim/.m2/repository/org/junit/platform/junit-platform-commons/1.6.0/junit-platform-commons-1.6.0.jar:/Users/yusungsim/.m2/repository/org/junit/jupiter/junit-jupiter-params/5.6.0/junit-jupiter-params-5.6.0.jar:/Users/yusungsim/.m2/repository/org/junit/jupiter/junit-jupiter-engine/5.6.0/junit-jupiter-engine-5.6.0.jar:/Users/yusungsim/.m2/repository/org/junit/platform/junit-platform-engine/1.6.0/junit-platform-engine-1.6.0.jar:/Users/yusungsim/.m2/repository/com/google/code/gson/gson/2.7/gson-2.7.jar:/Users/yusungsim/.m2/repository/org/eclipse/jetty/jetty-server/9.4.26.v20200117/jetty-server-9.4.26.v20200117.jar:/Users/yusungsim/.m2/repository/javax/servlet/javax.servlet-api/3.1.0/javax.servlet-api-3.1.0.jar:/Users/yusungsim/.m2/repository/org/eclipse/jetty/jetty-http/9.4.26.v20200117/jetty-http-9.4.26.v20200117.jar:/Users/yusungsim/.m2/repository/org/eclipse/jetty/jetty-util/9.4.26.v20200117/jetty-util-9.4.26.v20200117.jar:/Users/yusungsim/.m2/repository/org/eclipse/jetty/jetty-io/9.4.26.v20200117/jetty-io-9.4.26.v20200117.jar:/Users/yusungsim/.m2/repository/org/eclipse/jetty/jetty-servlet/9.4.26.v20200117/jetty-servlet-9.4.26.v20200117.jar:/Users/yusungsim/.m2/repository/org/eclipse/jetty/jetty-security/9.4.26.v20200117/jetty-security-9.4.26.v20200117.jar:/Users/yusungsim/.m2/repository/org/pitest/pitest-junit5-plugin/0.8/pitest-junit5-plugin-0.8.jar:/Users/yusungsim/.m2/repository/org/pitest/pitest/1.5.1/pitest-1.5.1.jar
Launcher Type: SUN_STANDARD

[Global flags]
     intx CICompilerCount                          = 3                                         {product} {ergonomic}
     uint ConcGCThreads                            = 1                                         {product} {ergonomic}
     uint G1ConcRefinementThreads                  = 4                                         {product} {ergonomic}
   size_t G1HeapRegionSize                         = 1048576                                   {product} {ergonomic}
    uintx GCDrainStackTargetSize                   = 64                                        {product} {ergonomic}
   size_t InitialHeapSize                          = 134217728                                 {product} {ergonomic}
   size_t MarkStackSize                            = 4194304                                   {product} {ergonomic}
   size_t MaxHeapSize                              = 2147483648                                {product} {ergonomic}
   size_t MaxNewSize                               = 1287651328                                {product} {ergonomic}
   size_t MinHeapDeltaBytes                        = 1048576                                   {product} {ergonomic}
   size_t MinHeapSize                              = 8388608                                   {product} {ergonomic}
    uintx NonNMethodCodeHeapSize                   = 5832780                                {pd product} {ergonomic}
    uintx NonProfiledCodeHeapSize                  = 122912730                              {pd product} {ergonomic}
    uintx ProfiledCodeHeapSize                     = 122912730                              {pd product} {ergonomic}
    uintx ReservedCodeCacheSize                    = 251658240                              {pd product} {ergonomic}
     bool SegmentedCodeCache                       = true                                      {product} {ergonomic}
   size_t SoftMaxHeapSize                          = 2147483648                             {manageable} {ergonomic}
     bool UseCompressedClassPointers               = true                                 {lp64_product} {ergonomic}
     bool UseCompressedOops                        = true                                 {lp64_product} {ergonomic}
     bool UseG1GC                                  = true                                      {product} {ergonomic}

Logging:
Log output configuration:
 #0: stdout all=warning uptime,level,tags
 #1: stderr all=off uptime,level,tags

Environment Variables:
JAVA_HOME=/usr/local/opt/openjdk
CLASSPATH=/Users/yusungsim/jsoup-pit/target/test-classes:/Users/yusungsim/jsoup-pit/target/classes:/Users/yusungsim/.m2/repository/org/junit/jupiter/junit-jupiter/5.6.0/junit-jupiter-5.6.0.jar:/Users/yusungsim/.m2/repository/org/junit/jupiter/junit-jupiter-api/5.6.0/junit-jupiter-api-5.6.0.jar:/Users/yusungsim/.m2/repository/org/apiguardian/apiguardian-api/1.1.0/apiguardian-api-1.1.0.jar:/Users/yusungsim/.m2/repository/org/opentest4j/opentest4j/1.2.0/opentest4j-1.2.0.jar:/Users/yusungsim/.m2/repository/org/junit/platform/junit-platform-commons/1.6.0/junit-platform-commons-1.6.0.jar:/Users/yusungsim/.m2/repository/org/junit/jupiter/junit-jupiter-params/5.6.0/junit-jupiter-params-5.6.0.jar:/Users/yusungsim/.m2/repository/org/junit/jupiter/junit-jupiter-engine/5.6.0/junit-jupiter-engine-5.6.0.jar:/Users/yusungsim/.m2/repository/org/junit/platform/junit-platform-engine/1.6.0/junit-platform-engine-1.6.0.jar:/Users/yusungsim/.m2/repository/com/google/code/gson/gson/2.7/gson-2.7.jar:/Users/yusungsim/.m2/repository/org/eclipse/jetty/jetty-server/9.4.26.v20200117/jetty-server-9.4.26.v20200117.jar:/Users/yusungsim/.m2/repository/javax/servlet/javax.servlet-api/3.1.0/javax.servlet-api-3.1.0.jar:/Users/yusungsim/.m2/repository/org/eclipse/jetty/jetty-http/9.4.26.v20200117/jetty-http-9.4.26.v20200117.jar:/Users/yusungsim/.m2/repository/org/eclipse/jetty/jetty-util/9.4.26.v20200117/jetty-util-9.4.26.v20200117.jar:/Users/yusungsim/.m2/repository/org/eclipse/jetty/jetty-io/9.4.26.v20200117/jetty-io-9.4.26.v20200117.jar:/Users/yusungsim/.m2/repository/org/eclipse/jetty/jetty-servlet/9.4.26.v20200117/jetty-servlet-9.4.26.v20200117.jar:/Users/yusungsim/.m2/repository/org/eclipse/jetty/jetty-security/9.4.26.v20200117/jetty-security-9.4.26.v20200117.jar:/Users/yusungsim/.m2/repository/org/pitest/pitest-junit5-plugin/0.8/pitest-junit5-plugin-0.8.jar:/Users/yusungsim/.m2/repository/org/pitest/pitest/1.5.1/pitest-1.5.1.jar
PATH=/Users/yusungsim/.nvm/versions/node/v12.16.0/bin:/Users/yusungsim/pintos-kaist/utils:/Library/Frameworks/Python.framework/Versions/3.8/bin:/Users/yusungsim/.cargo/bin:/usr/local/bin:/usr/bin:/bin:/usr/sbin:/sbin
SHELL=/bin/zsh

Signal Handlers:
SIGSEGV: [libjvm.dylib+0x7f0282], sa_mask[0]=11111111011111110111111111111111, sa_flags=SA_ONSTACK|SA_RESTART|SA_SIGINFO
SIGBUS: [libjvm.dylib+0x7f0282], sa_mask[0]=11111111011111110111111111111111, sa_flags=SA_RESTART|SA_SIGINFO
SIGFPE: [libjvm.dylib+0x7f0282], sa_mask[0]=11111111011111110111111111111111, sa_flags=SA_RESTART|SA_SIGINFO
SIGPIPE: [libjvm.dylib+0x6357e1], sa_mask[0]=11111111011111110111111111111111, sa_flags=SA_RESTART|SA_SIGINFO
SIGXFSZ: [libjvm.dylib+0x6357e1], sa_mask[0]=11111111011111110111111111111111, sa_flags=SA_RESTART|SA_SIGINFO
SIGILL: [libjvm.dylib+0x7f0282], sa_mask[0]=11111111011111110111111111111111, sa_flags=SA_RESTART|SA_SIGINFO
SIGUSR2: [libjvm.dylib+0x635db6], sa_mask[0]=00100000000000000000000000000000, sa_flags=SA_RESTART|SA_SIGINFO
SIGHUP: [libjvm.dylib+0x634daf], sa_mask[0]=11111111011111110111111111111111, sa_flags=SA_RESTART|SA_SIGINFO
SIGINT: [libjvm.dylib+0x634daf], sa_mask[0]=11111111011111110111111111111111, sa_flags=SA_RESTART|SA_SIGINFO
SIGTERM: [libjvm.dylib+0x634daf], sa_mask[0]=11111111011111110111111111111111, sa_flags=SA_RESTART|SA_SIGINFO
SIGQUIT: [libjvm.dylib+0x634daf], sa_mask[0]=11111111011111110111111111111111, sa_flags=SA_RESTART|SA_SIGINFO


---------------  S Y S T E M  ---------------

OS:uname:Darwin 19.4.0 Darwin Kernel Version 19.4.0: Wed Mar  4 22:28:40 PST 2020; root:xnu-6153.101.6~15/RELEASE_X86_64 x86_64
rlimit: STACK 8192k, CORE 0k, NPROC 1392, NOFILE 10240, AS infinity, DATA infinity, FSIZE infinity
load average:3.38 2.79 2.79

CPU:total 4 (initial active 4) (2 cores per cpu, 2 threads per core) family 6 model 61 stepping 4, cmov, cx8, fxsr, mmx, sse, sse2, sse3, ssse3, sse4.1, sse4.2, popcnt, avx, avx2, aes, clmul, erms, 3dnowpref, lzcnt, ht, tsc, tscinvbit, bmi1, bmi2, adx, fma

Memory: 4k page, physical 8388608k(572384k free), swap 2097152k(1551104k free)

vm_info: OpenJDK 64-Bit Server VM (13.0.2+8) for bsd-amd64 JRE (13.0.2+8), built on Feb  6 2020 02:07:52 by "brew" with clang 4.2.1 Compatible Apple LLVM 11.0.0 (clang-1100.0.33.17)

END.
