#
# A fatal error has been detected by the Java Runtime Environment:
#
#  SIGSEGV (0xb) at pc=0x000000010e87071b, pid=27204, tid=42755
#
# JRE version: OpenJDK Runtime Environment (13.0.2+8) (build 13.0.2+8)
# Java VM: OpenJDK 64-Bit Server VM (13.0.2+8, mixed mode, sharing, tiered, compressed oops, g1 gc, bsd-amd64)
# Problematic frame:
# V  [libjvm.dylib+0x27071b]  _ZN13nmethodBucket18next_not_unloadingEv+0x1d
#
# No core dump will be written. Core dumps have been disabled. To enable core dumping, try "ulimit -c unlimited" before starting Java again
#
# If you would like to submit a bug report, please visit:
#   http://bugreport.java.com/bugreport/crash.jsp
#

---------------  S U M M A R Y ------------

Command Line: -Djava.awt.headless=true -javaagent:/var/folders/my/1qtkmkpd47v5pfljf3gykccc0000gn/T/15877241573230447491979145990264994879628862318507.jar -Dclassworlds.conf=/usr/local/Cellar/maven/3.6.3_1/libexec/bin/m2.conf -Dmaven.home=/usr/local/Cellar/maven/3.6.3_1/libexec -Dlibrary.jansi.path=/usr/local/Cellar/maven/3.6.3_1/libexec/lib/jansi-native -Dmaven.multiModuleProjectDirectory=/Users/yusungsim/jsoup-pit org.pitest.mutationtest.execute.MutationTestMinion 59247

Host: MacBookPro12,1 x86_64 2700 MHz, 4 cores, 8G, Darwin 19.4.0
Time: Fri Apr 24 19:33:15 2020 KST elapsed time: 26 seconds (0d 0h 0m 26s)

---------------  T H R E A D  ---------------

Current thread (0x00007f91d000c000):  JavaThread "Sweeper thread" daemon [_thread_in_vm, id=42755, stack(0x000070000982f000,0x000070000992f000)]

Stack: [0x000070000982f000,0x000070000992f000],  sp=0x000070000992eb00,  free space=1022k
Native frames: (J=compiled Java code, A=aot compiled Java code, j=interpreted, Vv=VM code, C=native code)
V  [libjvm.dylib+0x27071b]  _ZN13nmethodBucket18next_not_unloadingEv+0x1d
V  [libjvm.dylib+0x270930]  _ZN17DependencyContext24remove_dependent_nmethodEP7nmethod+0xae
V  [libjvm.dylib+0x388773]  _ZN13InstanceKlass24remove_dependent_nmethodEP7nmethod+0x29
V  [libjvm.dylib+0x6153c7]  _ZN7nmethod18flush_dependenciesEb+0x99
V  [libjvm.dylib+0x615823]  _ZN7nmethod26make_not_entrant_or_zombieEi+0x269
V  [libjvm.dylib+0x75d32c]  _ZN14NMethodSweeper23process_compiled_methodEP14CompiledMethod+0xac
V  [libjvm.dylib+0x75ce46]  _ZN14NMethodSweeper16sweep_code_cacheEv+0x13e
V  [libjvm.dylib+0x75ca63]  _ZN14NMethodSweeper14possibly_sweepEv+0xeb
V  [libjvm.dylib+0x75c973]  _ZN14NMethodSweeper12sweeper_loopEv+0xab
V  [libjvm.dylib+0x79d2d2]  _ZN10JavaThread17thread_main_innerEv+0x86
V  [libjvm.dylib+0x79d116]  _ZN10JavaThread3runEv+0x124
V  [libjvm.dylib+0x79af53]  _ZN6Thread8call_runEv+0x71
V  [libjvm.dylib+0x633c9c]  _ZL19thread_native_entryP6Thread+0x12f
C  [libsystem_pthread.dylib+0x6109]  _pthread_start+0x94
C  [libsystem_pthread.dylib+0x1b8b]  thread_start+0xf


siginfo: si_signo: 11 (SIGSEGV), si_code: 0 (unknown), si_addr: 0x0000000000000000

Register to memory mapping:

RAX=0x00000001218d0680 points into unknown readable memory: 6c 00 00 00 00 00 00 00
RBX=0x00007f91d1ef9990 points into unknown readable memory: 10 51 8b 21 01 00 00 00
RCX=0x0000000800bf3c01 is pointing into metadata
RDX=0x0000000000000023 is an unknown value
RSP=0x000070000992eb00 is pointing into the stack for thread: 0x00007f91d000c000
RBP=0x000070000992eb10 is pointing into the stack for thread: 0x00007f91d000c000
RSI=0x000000011a13ac10 is at entry_point+-624 in (nmethod*)0x000000011a13ac10
RDI=0x00000001218b5110 points into unknown readable memory: 80 06 8d 21 01 00 00 00
R8 =0x0 is NULL
R9 =0x000000011a13b8f8 is at entry_point+2680 in (nmethod*)0x000000011a13ac10
R10=0x00007f91cf7079b8 points into unknown readable memory: 35 79 2b 00 00 00 00 00
R11=0x00007f91d1bdd000 points into unknown readable memory: c2 d7 1b 1d f9 07 00 30
R12=0x00007f91cf4991a0 points into unknown readable memory: 10 ac 13 1a 01 00 00 00
R13=0x00007f91d1a5f030 points into unknown readable memory: 90 f5 a7 1a 01 00 00 00
R14=0x00007f91cf4991b0 points into unknown readable memory: 90 99 ef d1 91 7f 00 00
R15=0x000000011a13ac10 is at entry_point+-624 in (nmethod*)0x000000011a13ac10


Registers:
RAX=0x00000001218d0680, RBX=0x00007f91d1ef9990, RCX=0x0000000800bf3c01, RDX=0x0000000000000023
RSP=0x000070000992eb00, RBP=0x000070000992eb10, RSI=0x000000011a13ac10, RDI=0x00000001218b5110
R8 =0x0000000000000000, R9 =0x000000011a13b8f8, R10=0x00007f91cf7079b8, R11=0x00007f91d1bdd000
R12=0x00007f91cf4991a0, R13=0x00007f91d1a5f030, R14=0x00007f91cf4991b0, R15=0x000000011a13ac10
RIP=0x000000010e87071b, EFLAGS=0x0000000000010202, ERR=0x0000000000000000
  TRAPNO=0x000000000000000d

Top of Stack: (sp=0x000070000992eb00)
0x000070000992eb00:   00007f91cf4991a0 000070000992eb60
0x000070000992eb10:   000070000992eb50 000000010e870930
0x000070000992eb20:   000070000992eb60 0000000800bf3aa8
0x000070000992eb30:   000070000992eb88 000000011a13ac10
0x000070000992eb40:   0000000000000001 000000011a13ac10
0x000070000992eb50:   000070000992eb70 000000010e988773
0x000070000992eb60:   0000000800bf3c08 0000000800bf3c10
0x000070000992eb70:   000070000992ebe0 000000010ec153c7
0x000070000992eb80:   0000000000000001 000000011a13ac10
0x000070000992eb90:   0000000000000000 000000011a13b8f8
0x000070000992eba0:   0000700000000024 0000001200000002
0x000070000992ebb0:   000070000992ebe0 000000010ef92668
0x000070000992ebc0:   00007f91cf707920 0000000000000001
0x000070000992ebd0:   0000000000000004 0000000000000000
0x000070000992ebe0:   000070000992ec60 000000010ec15823
0x000070000992ebf0:   0000000131b2f650 000000010e82effe
0x000070000992ec00:   000070000992ec30 000000011a13a490
0x000070000992ec10:   00007f91cf413cd0 419a35ce00000001
0x000070000992ec20:   0000000131b2f650 00007f91d000c000
0x000070000992ec30:   0efa23011a13ac10 000000011a13ac10
0x000070000992ec40:   000000000000089a 0000000000000a40
0x000070000992ec50:   00007f91cf707920 00007f91d000c000
0x000070000992ec60:   000070000992ec90 000000010ed5d32c
0x000070000992ec70:   000000010ee3a3fb 0000000000000001
0x000070000992ec80:   00007f91cf707920 000000011a13ac10
0x000070000992ec90:   000070000992edf0 000000010ed5ce46
0x000070000992eca0:   0000000000000000 00007f91cf608150
0x000070000992ecb0:   00007f91cf608180 00007f91cf608190
0x000070000992ecc0:   00007f91cf608568 00000000000003d8
0x000070000992ecd0:   000070000992ed90 00007fff6ed2e917
0x000070000992ece0:   00000000002b7935 0000000000000000
0x000070000992ecf0:   679435031c910028 0000000638f04550 

Instructions: (pc=0x000000010e87071b)
0x000000010e87061b:   41 5e 5d c3 90 55 48 89 e5 41 57 41 56 41 54 53
0x000000010e87062b:   49 89 f7 e8 6d 00 00 00 48 85 c0 74 58 48 89 c3
0x000000010e87063b:   45 31 f6 4c 8b 23 83 7b 08 00 7e 37 49 8b 04 24
0x000000010e87064b:   4c 89 e7 ff 90 88 00 00 00 84 c0 74 26 41 83 7c
0x000000010e87065b:   24 68 00 75 1e 4c 89 e7 4c 89 fe e8 75 60 3a 00
0x000000010e87066b:   84 c0 74 0f 49 8b 07 4c 89 ff 4c 89 e6 ff 50 10
0x000000010e87067b:   41 ff c6 48 89 df e8 78 00 00 00 48 89 c3 48 85
0x000000010e87068b:   c0 75 b0 eb 03 45 31 f6 44 89 f0 5b 41 5c 41 5e
0x000000010e87069b:   41 5f 5d c3 90 55 48 89 e5 41 56 53 48 8b 07 48
0x000000010e8706ab:   8b 18 48 85 db 74 42 49 89 fe 48 8b 3b 48 8b 07
0x000000010e8706bb:   ff 90 20 02 00 00 84 c0 74 31 48 8b 4b 10 49 8b
0x000000010e8706cb:   16 48 8b 02 48 39 d8 75 15 48 89 d8 f0 48 0f b1
0x000000010e8706db:   0a 48 39 d8 75 08 48 89 df e8 19 01 00 00 49 8b
0x000000010e8706eb:   06 48 8b 18 48 85 db 75 c1 31 db 48 89 d8 5b 41
0x000000010e8706fb:   5e 5d c3 55 48 89 e5 41 56 53 48 8b 5f 10 48 85
0x000000010e87070b:   db 74 40 49 89 fe 49 83 c6 10 48 8b 3b 48 8b 07
0x000000010e87071b:   ff 90 20 02 00 00 84 c0 74 2b 48 8b 4b 10 49 8b
0x000000010e87072b:   06 48 39 d8 75 15 48 89 d8 f0 49 0f b1 0e 48 39
0x000000010e87073b:   d8 75 08 48 89 df e8 bc 00 00 00 49 8b 1e 48 85
0x000000010e87074b:   db 75 c7 31 db 48 89 d8 5b 41 5e 5d c3 55 48 89
0x000000010e87075b:   e5 41 57 41 56 53 50 49 89 f6 49 89 ff e8 33 ff
0x000000010e87076b:   ff ff eb 0d 4c 39 30 74 72 48 89 c7 e8 82 ff ff
0x000000010e87077b:   ff 48 85 c0 75 ee 31 db bf 20 00 00 00 be 01 00
0x000000010e87078b:   00 00 31 d2 e8 e5 9f e7 ff 48 85 c0 74 17 4c 89
0x000000010e87079b:   30 c7 40 08 01 00 00 00 31 c9 48 89 48 10 48 89
0x000000010e8707ab:   48 18 48 89 c3 49 8b 07 48 8b 08 48 89 4b 10 49
0x000000010e8707bb:   8b 17 48 89 c8 f0 48 0f b1 1a 48 39 c8 75 e6 48
0x000000010e8707cb:   8d 05 c7 94 74 00 80 38 00 74 16 48 8b 05 2b 87
0x000000010e8707db:   78 00 48 8b 40 28 48 ff 00 eb 06 ff 40 08 8b 40
0x000000010e8707eb:   08 48 83 c4 08 5b 41 5e 41 5f 5d c3 90 55 48 89
0x000000010e8707fb:   e5 48 89 77 10 5d c3 48 83 3d 26 87 78 00 00 74
0x000000010e87080b:   42 48 8d 15 15 87 78 00 48 8b 0d 0e 87 78 00 48 


Stack slot to memory mapping:
stack at sp + 0 slots: 0x00007f91cf4991a0 points into unknown readable memory: 10 ac 13 1a 01 00 00 00
stack at sp + 1 slots: 0x000070000992eb60 is pointing into the stack for thread: 0x00007f91d000c000
stack at sp + 2 slots: 0x000070000992eb50 is pointing into the stack for thread: 0x00007f91d000c000
stack at sp + 3 slots: 0x000000010e870930: _ZN17DependencyContext24remove_dependent_nmethodEP7nmethod+0xae in /usr/local/Cellar/openjdk/13.0.2+8_2/libexec/openjdk.jdk/Contents/Home/lib/server/libjvm.dylib at 0x000000010e600000
stack at sp + 4 slots: 0x000070000992eb60 is pointing into the stack for thread: 0x00007f91d000c000
stack at sp + 5 slots: 0x0000000800bf3aa8 is a pointer to class: 
org.jsoup.parser.HtmlTreeBuilderState$7 {0x0000000800bf3aa8}
stack at sp + 6 slots: 0x000070000992eb88 is pointing into the stack for thread: 0x00007f91d000c000
stack at sp + 7 slots: 0x000000011a13ac10 is at entry_point+-624 in (nmethod*)0x000000011a13ac10


---------------  P R O C E S S  ---------------

Threads class SMR info:
_java_thread_list=0x00007f91d495dfc0, length=19, elements={
0x00007f91d100d800, 0x00007f91d1046000, 0x00007f91d1049000, 0x00007f91d104a000,
0x00007f91d104c000, 0x00007f91d104b000, 0x00007f91d000c000, 0x00007f91d1047000,
0x00007f91d1033800, 0x00007f91d429b800, 0x00007f91d13e8000, 0x00007f91d2a0d800,
0x00007f91d43d7800, 0x00007f91d3d34000, 0x00007f91d29e6000, 0x00007f91d2f63000,
0x00007f91d42e8000, 0x00007f91d3018800, 0x00007f91d13ac000
}

Java Threads: ( => current thread )
  0x00007f91d100d800 JavaThread "main" [_thread_blocked, id=10499, stack(0x0000700008b05000,0x0000700008c05000)]
  0x00007f91d1046000 JavaThread "Reference Handler" daemon [_thread_blocked, id=14339, stack(0x000070000921a000,0x000070000931a000)]
  0x00007f91d1049000 JavaThread "Finalizer" daemon [_thread_blocked, id=14851, stack(0x000070000931d000,0x000070000941d000)]
  0x00007f91d104a000 JavaThread "Signal Dispatcher" daemon [_thread_blocked, id=21763, stack(0x0000700009526000,0x0000700009626000)]
  0x00007f91d104c000 JavaThread "C2 CompilerThread0" daemon [_thread_in_vm, id=22531, stack(0x0000700009629000,0x0000700009729000)]
  0x00007f91d104b000 JavaThread "C1 CompilerThread0" daemon [_thread_in_vm, id=43011, stack(0x000070000972c000,0x000070000982c000)]
=>0x00007f91d000c000 JavaThread "Sweeper thread" daemon [_thread_in_vm, id=42755, stack(0x000070000982f000,0x000070000992f000)]
  0x00007f91d1047000 JavaThread "Common-Cleaner" daemon [_thread_blocked, id=24067, stack(0x0000700009932000,0x0000700009a32000)]
  0x00007f91d1033800 JavaThread "Service Thread" daemon [_thread_blocked, id=24579, stack(0x0000700009a35000,0x0000700009b35000)]
  0x00007f91d429b800 JavaThread "qtp2135383915-2692" [_thread_blocked, id=30327, stack(0x0000700009f44000,0x000070000a044000)]
  0x00007f91d13e8000 JavaThread "qtp2135383915-2693" [_thread_in_native, id=27375, stack(0x000070000a24d000,0x000070000a34d000)]
  0x00007f91d2a0d800 JavaThread "qtp2135383915-2694-acceptor-0@4b95fc54-ServerConnector@30a6d5e{HTTP/1.1,[http/1.1]}{0.0.0.0:59263}" [_thread_in_native, id=38687, stack(0x000070000a350000,0x000070000a450000)]
  0x00007f91d43d7800 JavaThread "qtp2135383915-2695" [_thread_blocked, id=26679, stack(0x000070000a453000,0x000070000a553000)]
  0x00007f91d3d34000 JavaThread "qtp2135383915-2696" [_thread_in_native, id=40991, stack(0x000070000a556000,0x000070000a656000)]
  0x00007f91d29e6000 JavaThread "qtp2135383915-2697" [_thread_blocked, id=27675, stack(0x000070000a659000,0x000070000a759000)]
  0x00007f91d2f63000 JavaThread "qtp2135383915-2698" [_thread_blocked, id=29727, stack(0x000070000a75c000,0x000070000a85c000)]
  0x00007f91d42e8000 JavaThread "qtp2135383915-2699" [_thread_blocked, id=40735, stack(0x000070000a85f000,0x000070000a95f000)]
  0x00007f91d3018800 JavaThread "Connector-Scheduler-30a6d5e-4" [_thread_blocked, id=40219, stack(0x000070000a962000,0x000070000aa62000)]
  0x00007f91d13ac000 JavaThread "Keep-Alive-Timer" daemon [_thread_blocked, id=38407, stack(0x000070000aa65000,0x000070000ab65000)]

Other Threads:
  0x00007f91d1045800 VMThread "VM Thread" [stack: 0x0000700009117000,0x0000700009217000] [id=19203]
  0x00007f91cf88e800 WatcherThread [stack: 0x0000700009b38000,0x0000700009c38000] [id=24835]
  0x00007f91cf82b000 GCTaskThread "GC Thread#0" [stack: 0x0000700008c08000,0x0000700008d08000] [id=21251]
  0x00007f91d0962800 GCTaskThread "GC Thread#1" [stack: 0x0000700009d3e000,0x0000700009e3e000] [id=25603]
  0x00007f91cfdaa000 GCTaskThread "GC Thread#2" [stack: 0x0000700009e41000,0x0000700009f41000] [id=26115]
  0x00007f91d407e800 GCTaskThread "GC Thread#3" [stack: 0x000070000a047000,0x000070000a147000] [id=39703]
  0x00007f91d1019800 ConcurrentGCThread "G1 Main Marker" [stack: 0x0000700008d0b000,0x0000700008e0b000] [id=12035]
  0x00007f91d0009800 ConcurrentGCThread "G1 Conc#0" [stack: 0x0000700008e0e000,0x0000700008f0e000] [id=20483]
  0x00007f91cf87c000 ConcurrentGCThread "G1 Refine#0" [stack: 0x0000700008f11000,0x0000700009011000] [id=12803]
  0x00007f91d101a000 ConcurrentGCThread "G1 Young RemSet Sampling" [stack: 0x0000700009014000,0x0000700009114000] [id=13315]

Threads with active compile tasks:
C2 CompilerThread0    26765 7683       4       org.pitest.coverage.analysis.ControlFlowAnalyser::findJumpTargets (138 bytes)
C1 CompilerThread0    26765 7688       2       org.pitest.mutationtest.engine.gregor.mutators.NegateConditionalsMutator::create (11 bytes)

VM state:not at safepoint (normal execution)

VM Mutex/Monitor currently owned by a thread:  ([mutex/lock_event])
[0x00007f91cf707920] CodeCache_lock - owner thread: 0x00007f91d000c000
[0x00007f91cf70ab20] Compile_lock - owner thread: 0x00007f91d104b000
[0x00007f91cf70ae20] MethodCompileQueue_lock - owner thread: 0x00007f91d104b000

OutOfMemory and StackOverflow Exception counts:
StackOverflowErrors=3
LinkageErrors=36

Heap address: 0x0000000780000000, size: 2048 MB, Compressed Oops mode: Zero based, Oop shift amount: 3
Narrow klass base: 0x0000000800000000, Narrow klass shift: 3
Compressed class space size: 1073741824 Address: 0x0000000800af5000

Heap:
 garbage-first heap   total 69632K, used 48850K [0x0000000780000000, 0x0000000800000000)
  region size 1024K, 17 young (17408K), 1 survivors (1024K)
 Metaspace       used 20548K, capacity 21429K, committed 21760K, reserved 1069056K
  class space    used 2174K, capacity 2494K, committed 2560K, reserved 1048576K
Heap Regions: E=young(eden), S=young(survivor), O=old, HS=humongous(starts), HC=humongous(continues), CS=collection set, F=free, A=archive, TAMS=top-at-mark-start (previous, next)
|   0|0x0000000780000000, 0x0000000780100000, 0x0000000780100000|100%| O|  |TAMS 0x0000000780100000, 0x0000000780000000| Untracked 
|   1|0x0000000780100000, 0x0000000780200000, 0x0000000780200000|100%| O|  |TAMS 0x0000000780200000, 0x0000000780100000| Untracked 
|   2|0x0000000780200000, 0x0000000780300000, 0x0000000780300000|100%| O|  |TAMS 0x0000000780300000, 0x0000000780200000| Untracked 
|   3|0x0000000780300000, 0x000000078034e000, 0x0000000780400000| 30%| O|  |TAMS 0x000000078034e000, 0x0000000780300000| Untracked 
|   4|0x0000000780400000, 0x0000000780500000, 0x0000000780500000|100%|HS|  |TAMS 0x0000000780400000, 0x0000000780400000| Complete 
|   5|0x0000000780500000, 0x0000000780600000, 0x0000000780600000|100%|HS|  |TAMS 0x0000000780500000, 0x0000000780500000| Complete 
|   6|0x0000000780600000, 0x0000000780700000, 0x0000000780700000|100%|HS|  |TAMS 0x0000000780600000, 0x0000000780600000| Complete 
|   7|0x0000000780700000, 0x0000000780800000, 0x0000000780800000|100%|HC|  |TAMS 0x0000000780700000, 0x0000000780700000| Complete 
|   8|0x0000000780800000, 0x0000000780900000, 0x0000000780900000|100%|HS|  |TAMS 0x0000000780800000, 0x0000000780800000| Complete 
|   9|0x0000000780900000, 0x0000000780a00000, 0x0000000780a00000|100%|HS|  |TAMS 0x0000000780900000, 0x0000000780900000| Complete 
|  10|0x0000000780a00000, 0x0000000780b00000, 0x0000000780b00000|100%|HS|  |TAMS 0x0000000780a00000, 0x0000000780a00000| Complete 
|  11|0x0000000780b00000, 0x0000000780c00000, 0x0000000780c00000|100%|HC|  |TAMS 0x0000000780b00000, 0x0000000780b00000| Complete 
|  12|0x0000000780c00000, 0x0000000780d00000, 0x0000000780d00000|100%|HS|  |TAMS 0x0000000780d00000, 0x0000000780c00000| Complete 
|  13|0x0000000780d00000, 0x0000000780e00000, 0x0000000780e00000|100%|HS|  |TAMS 0x0000000780d00000, 0x0000000780d00000| Complete 
|  14|0x0000000780e00000, 0x0000000780f00000, 0x0000000780f00000|100%|HC|  |TAMS 0x0000000780e00000, 0x0000000780e00000| Complete 
|  15|0x0000000780f00000, 0x0000000781000000, 0x0000000781000000|100%|HS|  |TAMS 0x0000000780f00000, 0x0000000780f00000| Complete 
|  16|0x0000000781000000, 0x0000000781100000, 0x0000000781100000|100%|HS|  |TAMS 0x0000000781000000, 0x0000000781000000| Complete 
|  17|0x0000000781100000, 0x0000000781200000, 0x0000000781200000|100%|HS|  |TAMS 0x0000000781200000, 0x0000000781100000| Complete 
|  18|0x0000000781200000, 0x0000000781300000, 0x0000000781300000|100%|HC|  |TAMS 0x0000000781300000, 0x0000000781200000| Complete 
|  19|0x0000000781300000, 0x0000000781400000, 0x0000000781400000|100%|HS|  |TAMS 0x0000000781300000, 0x0000000781300000| Complete 
|  20|0x0000000781400000, 0x0000000781500000, 0x0000000781500000|100%|HC|  |TAMS 0x0000000781400000, 0x0000000781400000| Complete 
|  21|0x0000000781500000, 0x0000000781600000, 0x0000000781600000|100%|HS|  |TAMS 0x0000000781500000, 0x0000000781500000| Complete 
|  22|0x0000000781600000, 0x0000000781700000, 0x0000000781700000|100%|HS|  |TAMS 0x0000000781600000, 0x0000000781600000| Complete 
|  23|0x0000000781700000, 0x0000000781800000, 0x0000000781800000|100%|HC|  |TAMS 0x0000000781700000, 0x0000000781700000| Complete 
|  24|0x0000000781800000, 0x0000000781900000, 0x0000000781900000|100%|HS|  |TAMS 0x0000000781800000, 0x0000000781800000| Complete 
|  25|0x0000000781900000, 0x0000000781a00000, 0x0000000781a00000|100%|HS|  |TAMS 0x0000000781900000, 0x0000000781900000| Complete 
|  26|0x0000000781a00000, 0x0000000781b00000, 0x0000000781b00000|100%|HS|  |TAMS 0x0000000781a00000, 0x0000000781a00000| Complete 
|  27|0x0000000781b00000, 0x0000000781c00000, 0x0000000781c00000|100%|HS|  |TAMS 0x0000000781b00000, 0x0000000781b00000| Complete 
|  28|0x0000000781c00000, 0x0000000781d00000, 0x0000000781d00000|100%|HS|  |TAMS 0x0000000781c00000, 0x0000000781c00000| Complete 
|  29|0x0000000781d00000, 0x0000000781d00000, 0x0000000781e00000|  0%| F|  |TAMS 0x0000000781d00000, 0x0000000781d00000| Untracked 
|  30|0x0000000781e00000, 0x0000000781e00000, 0x0000000781f00000|  0%| F|  |TAMS 0x0000000781e00000, 0x0000000781e00000| Untracked 
|  31|0x0000000781f00000, 0x0000000781f00000, 0x0000000782000000|  0%| F|  |TAMS 0x0000000781f00000, 0x0000000781f00000| Untracked 
|  32|0x0000000782000000, 0x0000000782000000, 0x0000000782100000|  0%| F|  |TAMS 0x0000000782000000, 0x0000000782000000| Untracked 
|  33|0x0000000782100000, 0x0000000782100000, 0x0000000782200000|  0%| F|  |TAMS 0x0000000782100000, 0x0000000782100000| Untracked 
|  34|0x0000000782200000, 0x0000000782200000, 0x0000000782300000|  0%| F|  |TAMS 0x0000000782200000, 0x0000000782200000| Untracked 
|  35|0x0000000782300000, 0x0000000782400000, 0x0000000782400000|100%| O|  |TAMS 0x0000000782400000, 0x0000000782300000| Untracked 
|  36|0x0000000782400000, 0x0000000782500000, 0x0000000782500000|100%| O|  |TAMS 0x0000000782500000, 0x0000000782400000| Untracked 
|  37|0x0000000782500000, 0x0000000782500000, 0x0000000782600000|  0%| F|  |TAMS 0x0000000782500000, 0x0000000782500000| Untracked 
|  38|0x0000000782600000, 0x0000000782700000, 0x0000000782700000|100%| O|  |TAMS 0x0000000782700000, 0x0000000782600000| Untracked 
|  39|0x0000000782700000, 0x0000000782800000, 0x0000000782800000|100%| O|  |TAMS 0x0000000782800000, 0x0000000782700000| Untracked 
|  40|0x0000000782800000, 0x0000000782800000, 0x0000000782900000|  0%| F|  |TAMS 0x0000000782800000, 0x0000000782800000| Untracked 
|  41|0x0000000782900000, 0x0000000782900000, 0x0000000782a00000|  0%| F|  |TAMS 0x0000000782900000, 0x0000000782900000| Untracked 
|  42|0x0000000782a00000, 0x0000000782a6c710, 0x0000000782b00000| 42%| S|CS|TAMS 0x0000000782a00000, 0x0000000782a00000| Complete 
|  43|0x0000000782b00000, 0x0000000782b00000, 0x0000000782c00000|  0%| F|  |TAMS 0x0000000782b00000, 0x0000000782b00000| Untracked 
|  44|0x0000000782c00000, 0x0000000782c00000, 0x0000000782d00000|  0%| F|  |TAMS 0x0000000782c00000, 0x0000000782c00000| Untracked 
|  45|0x0000000782d00000, 0x0000000782d00000, 0x0000000782e00000|  0%| F|  |TAMS 0x0000000782d00000, 0x0000000782d00000| Untracked 
|  46|0x0000000782e00000, 0x0000000782e00000, 0x0000000782f00000|  0%| F|  |TAMS 0x0000000782e00000, 0x0000000782e00000| Untracked 
|  47|0x0000000782f00000, 0x0000000782f00000, 0x0000000783000000|  0%| F|  |TAMS 0x0000000782f00000, 0x0000000782f00000| Untracked 
|  48|0x0000000783000000, 0x0000000783000000, 0x0000000783100000|  0%| F|  |TAMS 0x0000000783000000, 0x0000000783000000| Untracked 
|  49|0x0000000783100000, 0x000000078313b400, 0x0000000783200000| 23%| O|  |TAMS 0x0000000783121600, 0x0000000783100000| Untracked 
|  50|0x0000000783200000, 0x00000007832426c8, 0x0000000783300000| 25%| E|  |TAMS 0x0000000783200000, 0x0000000783200000| Complete 
|  51|0x0000000783300000, 0x0000000783400000, 0x0000000783400000|100%| E|CS|TAMS 0x0000000783300000, 0x0000000783300000| Complete 
|  52|0x0000000783400000, 0x0000000783500000, 0x0000000783500000|100%| E|CS|TAMS 0x0000000783400000, 0x0000000783400000| Complete 
|  53|0x0000000783500000, 0x0000000783600000, 0x0000000783600000|100%| E|CS|TAMS 0x0000000783500000, 0x0000000783500000| Complete 
|  54|0x0000000783600000, 0x0000000783700000, 0x0000000783700000|100%| E|CS|TAMS 0x0000000783600000, 0x0000000783600000| Complete 
|  55|0x0000000783700000, 0x0000000783800000, 0x0000000783800000|100%| E|CS|TAMS 0x0000000783700000, 0x0000000783700000| Complete 
|  56|0x0000000783800000, 0x0000000783900000, 0x0000000783900000|100%| E|CS|TAMS 0x0000000783800000, 0x0000000783800000| Complete 
|  57|0x0000000783900000, 0x0000000783a00000, 0x0000000783a00000|100%| E|CS|TAMS 0x0000000783900000, 0x0000000783900000| Complete 
|  58|0x0000000783a00000, 0x0000000783b00000, 0x0000000783b00000|100%| E|CS|TAMS 0x0000000783a00000, 0x0000000783a00000| Complete 
| 179|0x000000078b300000, 0x000000078b400000, 0x000000078b400000|100%| E|CS|TAMS 0x000000078b300000, 0x000000078b300000| Complete 
| 180|0x000000078b400000, 0x000000078b500000, 0x000000078b500000|100%| E|CS|TAMS 0x000000078b400000, 0x000000078b400000| Complete 
| 181|0x000000078b500000, 0x000000078b600000, 0x000000078b600000|100%| E|CS|TAMS 0x000000078b500000, 0x000000078b500000| Complete 
| 182|0x000000078b600000, 0x000000078b700000, 0x000000078b700000|100%| E|  |TAMS 0x000000078b600000, 0x000000078b600000| Complete 
| 183|0x000000078b700000, 0x000000078b800000, 0x000000078b800000|100%| E|CS|TAMS 0x000000078b700000, 0x000000078b700000| Complete 
| 184|0x000000078b800000, 0x000000078b900000, 0x000000078b900000|100%| E|CS|TAMS 0x000000078b800000, 0x000000078b800000| Complete 
| 185|0x000000078b900000, 0x000000078ba00000, 0x000000078ba00000|100%| E|CS|TAMS 0x000000078b900000, 0x000000078b900000| Complete 
|1022|0x00000007bfe00000, 0x00000007bfe48000, 0x00000007bff00000| 28%|OA|  |TAMS 0x00000007bfe48000, 0x00000007bfe00000| Untracked 
|1023|0x00000007bff00000, 0x00000007bff77000, 0x00000007c0000000| 46%|CA|  |TAMS 0x00000007bff77000, 0x00000007bff00000| Untracked 

Card table byte_map: [0x0000000118636000,0x0000000118a36000] _byte_map_base: 0x0000000114a36000

Marking Bits (Prev, Next): (CMBitMap*) 0x00007f91d1018e18, (CMBitMap*) 0x00007f91d1018e58
 Prev Bits: [0x0000000128a21000, 0x000000012aa21000)
 Next Bits: [0x000000012aa21000, 0x000000012ca21000)

Polling page: 0x000000010dd5b000

Metaspace:

Usage:
  Non-class:     18.49 MB capacity,    17.94 MB ( 97%) used,   457.90 KB (  2%) free+waste,   103.25 KB ( <1%) overhead. 
      Class:      2.44 MB capacity,     2.12 MB ( 87%) used,   275.07 KB ( 11%) free+waste,    44.00 KB (  2%) overhead. 
       Both:     20.93 MB capacity,    20.07 MB ( 96%) used,   732.97 KB (  3%) free+waste,   147.25 KB ( <1%) overhead. 

Virtual space:
  Non-class space:       20.00 MB reserved,      18.75 MB ( 94%) committed 
      Class space:        1.00 GB reserved,       2.50 MB ( <1%) committed 
             Both:        1.02 GB reserved,      21.25 MB (  2%) committed 

Chunk freelists:
   Non-Class:  25.00 KB
       Class:  14.00 KB
        Both:  39.00 KB

MaxMetaspaceSize: unlimited
CompressedClassSpaceSize: 1.00 GB

CodeHeap 'non-profiled nmethods': size=120032Kb used=4250Kb max_used=4360Kb free=115781Kb
 bounds [0x00000001214e9000, 0x0000000121939000, 0x0000000128a21000]
CodeHeap 'profiled nmethods': size=120028Kb used=12671Kb max_used=14173Kb free=107356Kb
 bounds [0x0000000119fb2000, 0x000000011add2000, 0x00000001214e9000]
CodeHeap 'non-nmethods': size=5700Kb used=1233Kb max_used=1347Kb free=4466Kb
 bounds [0x0000000119a21000, 0x0000000119c91000, 0x0000000119fb2000]
 total_blobs=10349 nmethods=5534 adapters=408
 compilation: enabled
              stopped_count=0, restarted_count=0
 full_count=0

Compilation events (20 events):
Event: 26.675 Thread 0x00007f91d104c000 nmethod 7670 0x0000000121923910 code [0x0000000121923d20, 0x0000000121927590]
Event: 26.675 Thread 0x00007f91d104c000 7601       4       org.pitest.reloc.asm.Label::addLineNumber (89 bytes)
Event: 26.675 Thread 0x00007f91d104c000 nmethod 7601 0x0000000121929190 code [0x0000000121929300, 0x0000000121929398]
Event: 26.675 Thread 0x00007f91d104c000 7553       4       sun.nio.fs.UnixFileAttributes::toFileTime (36 bytes)
Event: 26.676 Thread 0x00007f91d104c000 nmethod 7553 0x0000000121929490 code [0x0000000121929620, 0x0000000121929738]
Event: 26.677 Thread 0x00007f91d104c000 7554       4       sun.nio.fs.UnixFileAttributes$UnixAsBasicFileAttributes::lastModifiedTime (8 bytes)
Event: 26.678 Thread 0x00007f91d104c000 nmethod 7554 0x0000000121929890 code [0x0000000121929a20, 0x0000000121929b98]
Event: 26.678 Thread 0x00007f91d104c000 7528       4       org.junit.platform.commons.util.ReflectionUtils$$Lambda$126/0x0000000800bb8c40::get (8 bytes)
Event: 26.678 Thread 0x00007f91d104c000 nmethod 7528 0x0000000121929d10 code [0x0000000121929ea0, 0x0000000121929f98]
Event: 26.678 Thread 0x00007f91d104c000 7529       4       org.junit.platform.commons.util.ReflectionUtils$$Lambda$128/0x0000000800bb9840::get (8 bytes)
Event: 26.679 Thread 0x00007f91d104c000 nmethod 7529 0x000000012192a090 code [0x000000012192a220, 0x000000012192a318]
Event: 26.679 Thread 0x00007f91d104c000 7531       4       org.junit.platform.engine.UniqueIdFormat::checkAllowed (38 bytes)
Event: 26.712 Thread 0x00007f91d104c000 nmethod 7531 0x000000012192a410 code [0x000000012192a5a0, 0x000000012192ad78]
Event: 26.712 Thread 0x00007f91d104c000 7680 %     4       org.jsoup.parser.Parser::parseBodyFragment @ 74 (100 bytes)
Event: 26.716 Thread 0x00007f91d104c000 nmethod 7680% 0x000000012163b210 code [0x000000012163b3a0, 0x000000012163b5a8]
Event: 26.716 Thread 0x00007f91d104c000 7681       4       org.pitest.reloc.asm.tree.MethodNode::visitJumpInsn (21 bytes)
Event: 26.719 Thread 0x00007f91d104b000 7686       2       org.pitest.reloc.asm.Frame::execute (2318 bytes)
Event: 26.724 Thread 0x00007f91d104b000 nmethod 7686 0x000000011a8ff090 code [0x000000011a8ffb00, 0x000000011a9028f8]
Event: 26.749 Thread 0x00007f91d104c000 nmethod 7681 0x000000012179f110 code [0x000000012179f2c0, 0x000000012179fb98]
Event: 26.749 Thread 0x00007f91d104c000 7683       4       org.pitest.coverage.analysis.ControlFlowAnalyser::findJumpTargets (138 bytes)

GC Heap History (20 events):
Event: 25.298 GC heap before
{Heap before GC invocations=52 (full 0):
 garbage-first heap   total 69632K, used 48528K [0x0000000780000000, 0x0000000800000000)
  region size 1024K, 40 young (40960K), 1 survivors (1024K)
 Metaspace       used 20446K, capacity 21253K, committed 21504K, reserved 1069056K
  class space    used 2168K, capacity 2486K, committed 2560K, reserved 1048576K
}
Event: 25.299 GC heap after
{Heap after GC invocations=53 (full 0):
 garbage-first heap   total 69632K, used 8600K [0x0000000780000000, 0x0000000800000000)
  region size 1024K, 1 young (1024K), 1 survivors (1024K)
 Metaspace       used 20446K, capacity 21253K, committed 21504K, reserved 1069056K
  class space    used 2168K, capacity 2486K, committed 2560K, reserved 1048576K
}
Event: 25.622 GC heap before
{Heap before GC invocations=53 (full 0):
 garbage-first heap   total 69632K, used 47512K [0x0000000780000000, 0x0000000800000000)
  region size 1024K, 40 young (40960K), 1 survivors (1024K)
 Metaspace       used 20492K, capacity 21323K, committed 21504K, reserved 1069056K
  class space    used 2169K, capacity 2487K, committed 2560K, reserved 1048576K
}
Event: 25.623 GC heap after
{Heap after GC invocations=54 (full 0):
 garbage-first heap   total 69632K, used 8569K [0x0000000780000000, 0x0000000800000000)
  region size 1024K, 1 young (1024K), 1 survivors (1024K)
 Metaspace       used 20492K, capacity 21323K, committed 21504K, reserved 1069056K
  class space    used 2169K, capacity 2487K, committed 2560K, reserved 1048576K
}
Event: 25.735 GC heap before
{Heap before GC invocations=54 (full 0):
 garbage-first heap   total 69632K, used 47481K [0x0000000780000000, 0x0000000800000000)
  region size 1024K, 40 young (40960K), 1 survivors (1024K)
 Metaspace       used 20492K, capacity 21323K, committed 21504K, reserved 1069056K
  class space    used 2169K, capacity 2487K, committed 2560K, reserved 1048576K
}
Event: 25.736 GC heap after
{Heap after GC invocations=55 (full 0):
 garbage-first heap   total 69632K, used 8585K [0x0000000780000000, 0x0000000800000000)
  region size 1024K, 1 young (1024K), 1 survivors (1024K)
 Metaspace       used 20492K, capacity 21323K, committed 21504K, reserved 1069056K
  class space    used 2169K, capacity 2487K, committed 2560K, reserved 1048576K
}
Event: 25.845 GC heap before
{Heap before GC invocations=55 (full 0):
 garbage-first heap   total 69632K, used 47497K [0x0000000780000000, 0x0000000800000000)
  region size 1024K, 40 young (40960K), 1 survivors (1024K)
 Metaspace       used 20492K, capacity 21323K, committed 21504K, reserved 1069056K
  class space    used 2169K, capacity 2487K, committed 2560K, reserved 1048576K
}
Event: 25.846 GC heap after
{Heap after GC invocations=56 (full 0):
 garbage-first heap   total 69632K, used 8590K [0x0000000780000000, 0x0000000800000000)
  region size 1024K, 1 young (1024K), 1 survivors (1024K)
 Metaspace       used 20492K, capacity 21323K, committed 21504K, reserved 1069056K
  class space    used 2169K, capacity 2487K, committed 2560K, reserved 1048576K
}
Event: 25.943 GC heap before
{Heap before GC invocations=56 (full 0):
 garbage-first heap   total 69632K, used 48526K [0x0000000780000000, 0x0000000800000000)
  region size 1024K, 40 young (40960K), 1 survivors (1024K)
 Metaspace       used 20492K, capacity 21323K, committed 21504K, reserved 1069056K
  class space    used 2169K, capacity 2487K, committed 2560K, reserved 1048576K
}
Event: 25.944 GC heap after
{Heap after GC invocations=57 (full 0):
 garbage-first heap   total 69632K, used 8585K [0x0000000780000000, 0x0000000800000000)
  region size 1024K, 1 young (1024K), 1 survivors (1024K)
 Metaspace       used 20492K, capacity 21323K, committed 21504K, reserved 1069056K
  class space    used 2169K, capacity 2487K, committed 2560K, reserved 1048576K
}
Event: 26.078 GC heap before
{Heap before GC invocations=57 (full 0):
 garbage-first heap   total 69632K, used 47497K [0x0000000780000000, 0x0000000800000000)
  region size 1024K, 40 young (40960K), 1 survivors (1024K)
 Metaspace       used 20497K, capacity 21323K, committed 21504K, reserved 1069056K
  class space    used 2169K, capacity 2487K, committed 2560K, reserved 1048576K
}
Event: 26.078 GC heap after
{Heap after GC invocations=58 (full 0):
 garbage-first heap   total 69632K, used 8558K [0x0000000780000000, 0x0000000800000000)
  region size 1024K, 1 young (1024K), 1 survivors (1024K)
 Metaspace       used 20497K, capacity 21323K, committed 21504K, reserved 1069056K
  class space    used 2169K, capacity 2487K, committed 2560K, reserved 1048576K
}
Event: 26.284 GC heap before
{Heap before GC invocations=58 (full 0):
 garbage-first heap   total 69632K, used 56686K [0x0000000780000000, 0x0000000800000000)
  region size 1024K, 31 young (31744K), 1 survivors (1024K)
 Metaspace       used 20536K, capacity 21411K, committed 21760K, reserved 1069056K
  class space    used 2173K, capacity 2491K, committed 2560K, reserved 1048576K
}
Event: 26.286 GC heap after
{Heap after GC invocations=59 (full 0):
 garbage-first heap   total 69632K, used 10767K [0x0000000780000000, 0x0000000800000000)
  region size 1024K, 1 young (1024K), 1 survivors (1024K)
 Metaspace       used 20536K, capacity 21411K, committed 21760K, reserved 1069056K
  class space    used 2173K, capacity 2491K, committed 2560K, reserved 1048576K
}
Event: 26.378 GC heap before
{Heap before GC invocations=60 (full 0):
 garbage-first heap   total 69632K, used 39439K [0x0000000780000000, 0x0000000800000000)
  region size 1024K, 14 young (14336K), 1 survivors (1024K)
 Metaspace       used 20536K, capacity 21411K, committed 21760K, reserved 1069056K
  class space    used 2173K, capacity 2491K, committed 2560K, reserved 1048576K
}
Event: 26.379 GC heap after
{Heap after GC invocations=61 (full 0):
 garbage-first heap   total 69632K, used 11038K [0x0000000780000000, 0x0000000800000000)
  region size 1024K, 1 young (1024K), 1 survivors (1024K)
 Metaspace       used 20536K, capacity 21411K, committed 21760K, reserved 1069056K
  class space    used 2173K, capacity 2491K, committed 2560K, reserved 1048576K
}
Event: 26.419 GC heap before
{Heap before GC invocations=62 (full 0):
 garbage-first heap   total 69632K, used 35614K [0x0000000780000000, 0x0000000800000000)
  region size 1024K, 5 young (5120K), 1 survivors (1024K)
 Metaspace       used 20536K, capacity 21411K, committed 21760K, reserved 1069056K
  class space    used 2173K, capacity 2491K, committed 2560K, reserved 1048576K
}
Event: 26.421 GC heap after
{Heap after GC invocations=63 (full 0):
 garbage-first heap   total 69632K, used 12986K [0x0000000780000000, 0x0000000800000000)
  region size 1024K, 1 young (1024K), 1 survivors (1024K)
 Metaspace       used 20536K, capacity 21411K, committed 21760K, reserved 1069056K
  class space    used 2173K, capacity 2491K, committed 2560K, reserved 1048576K
}
Event: 26.603 GC heap before
{Heap before GC invocations=64 (full 0):
 garbage-first heap   total 69632K, used 47802K [0x0000000780000000, 0x0000000800000000)
  region size 1024K, 22 young (22528K), 1 survivors (1024K)
 Metaspace       used 20544K, capacity 21423K, committed 21760K, reserved 1069056K
  class space    used 2174K, capacity 2493K, committed 2560K, reserved 1048576K
}
Event: 26.605 GC heap after
{Heap after GC invocations=65 (full 0):
 garbage-first heap   total 69632K, used 11986K [0x0000000780000000, 0x0000000800000000)
  region size 1024K, 1 young (1024K), 1 survivors (1024K)
 Metaspace       used 20544K, capacity 21423K, committed 21760K, reserved 1069056K
  class space    used 2174K, capacity 2493K, committed 2560K, reserved 1048576K
}

Deoptimization events (20 events):
Event: 26.633 Thread 0x00007f91cf8b1800 DEOPT PACKING pc=0x000000011a978995 sp=0x0000700009d37f40
Event: 26.633 Thread 0x00007f91cf8b1800 DEOPT UNPACKING pc=0x0000000119a6a33a sp=0x0000700009d37548 mode 0
Event: 26.634 Thread 0x00007f91cf8b1800 DEOPT PACKING pc=0x000000011a978995 sp=0x0000700009d37f40
Event: 26.634 Thread 0x00007f91cf8b1800 DEOPT UNPACKING pc=0x0000000119a6a33a sp=0x0000700009d37548 mode 0
Event: 26.681 Thread 0x00007f91cf8b1800 DEOPT PACKING pc=0x000000011a436f64 sp=0x0000700009d37e00
Event: 26.681 Thread 0x00007f91cf8b1800 DEOPT UNPACKING pc=0x0000000119a6a33a sp=0x0000700009d37370 mode 0
Event: 26.681 Thread 0x00007f91cf8b1800 DEOPT PACKING pc=0x000000011a49ea11 sp=0x0000700009d37dc0
Event: 26.681 Thread 0x00007f91cf8b1800 DEOPT UNPACKING pc=0x0000000119a6a33a sp=0x0000700009d37370 mode 0
Event: 26.681 Thread 0x00007f91cf8b1800 DEOPT PACKING pc=0x000000011a49ea11 sp=0x0000700009d37dc0
Event: 26.681 Thread 0x00007f91cf8b1800 DEOPT UNPACKING pc=0x0000000119a6a33a sp=0x0000700009d37370 mode 0
Event: 26.716 Thread 0x00007f91d100d800 DEOPT PACKING pc=0x000000011a8d1523 sp=0x0000700008c040a0
Event: 26.716 Thread 0x00007f91d100d800 DEOPT UNPACKING pc=0x0000000119a6a33a sp=0x0000700008c03600 mode 0
Event: 26.717 Thread 0x00007f91d100d800 DEOPT PACKING pc=0x000000011a3d4933 sp=0x0000700008c041a0
Event: 26.717 Thread 0x00007f91d100d800 DEOPT UNPACKING pc=0x0000000119a6a33a sp=0x0000700008c03740 mode 0
Event: 26.717 Thread 0x00007f91d100d800 DEOPT PACKING pc=0x000000011a512aeb sp=0x0000700008c04130
Event: 26.717 Thread 0x00007f91d100d800 DEOPT UNPACKING pc=0x0000000119a6a33a sp=0x0000700008c035f0 mode 0
Event: 26.719 Thread 0x00007f91d100d800 Uncommon trap: trap_request=0xffffff45 fr.pc=0x00000001217cfffc relative=0x0000000000005e1c
Event: 26.719 Thread 0x00007f91d100d800 Uncommon trap: reason=unstable_if action=reinterpret pc=0x00000001217cfffc method=org.pitest.reloc.asm.Frame.execute(IILorg/pitest/reloc/asm/Symbol;Lorg/pitest/reloc/asm/SymbolTable;)V @ 1 c2
Event: 26.719 Thread 0x00007f91d100d800 DEOPT PACKING pc=0x00000001217cfffc sp=0x0000700008c03ca0
Event: 26.719 Thread 0x00007f91d100d800 DEOPT UNPACKING pc=0x0000000119a69e25 sp=0x0000700008c03c38 mode 2

Classes unloaded (0 events):
No events

Classes redefined (20 events):
Event: 24.662 Thread 0x00007f91d1045800 redefined class name=org.jsoup.parser.HtmlTreeBuilderState$7, count=76
Event: 24.699 Thread 0x00007f91d1045800 redefined class name=org.jsoup.parser.HtmlTreeBuilderState$7, count=77
Event: 24.737 Thread 0x00007f91d1045800 redefined class name=org.jsoup.parser.HtmlTreeBuilderState$7, count=78
Event: 24.773 Thread 0x00007f91d1045800 redefined class name=org.jsoup.parser.HtmlTreeBuilderState$7, count=79
Event: 25.334 Thread 0x00007f91d1045800 redefined class name=org.jsoup.parser.HtmlTreeBuilderState$7, count=80
Event: 25.390 Thread 0x00007f91d1045800 redefined class name=org.jsoup.parser.HtmlTreeBuilderState$7, count=81
Event: 25.468 Thread 0x00007f91d1045800 redefined class name=org.jsoup.parser.HtmlTreeBuilderState$7, count=82
Event: 25.503 Thread 0x00007f91d1045800 redefined class name=org.jsoup.parser.HtmlTreeBuilderState$7, count=83
Event: 25.541 Thread 0x00007f91d1045800 redefined class name=org.jsoup.parser.HtmlTreeBuilderState$7, count=84
Event: 25.603 Thread 0x00007f91d1045800 redefined class name=org.jsoup.parser.HtmlTreeBuilderState$7, count=85
Event: 26.052 Thread 0x00007f91d1045800 redefined class name=org.jsoup.parser.HtmlTreeBuilderState$7, count=86
Event: 26.152 Thread 0x00007f91d1045800 redefined class name=org.jsoup.parser.HtmlTreeBuilderState$7, count=87
Event: 26.186 Thread 0x00007f91d1045800 redefined class name=org.jsoup.parser.HtmlTreeBuilderState$7, count=88
Event: 26.219 Thread 0x00007f91d1045800 redefined class name=org.jsoup.parser.HtmlTreeBuilderState$7, count=89
Event: 26.325 Thread 0x00007f91d1045800 redefined class name=org.jsoup.parser.HtmlTreeBuilderState$7, count=90
Event: 26.442 Thread 0x00007f91d1045800 redefined class name=org.jsoup.parser.HtmlTreeBuilderState$7, count=91
Event: 26.487 Thread 0x00007f91d1045800 redefined class name=org.jsoup.parser.HtmlTreeBuilderState$7, count=92
Event: 26.527 Thread 0x00007f91d1045800 redefined class name=org.jsoup.parser.HtmlTreeBuilderState$7, count=93
Event: 26.698 Thread 0x00007f91d1045800 redefined class name=org.jsoup.parser.HtmlTreeBuilderState$7, count=94
Event: 26.735 Thread 0x00007f91d1045800 redefined class name=org.jsoup.parser.HtmlTreeBuilderState$7, count=95

Internal exceptions (20 events):
Event: 17.610 Thread 0x00007f91d2c96800 Exception <a 'java/lang/reflect/InvocationTargetException'{0x0000000781274198}> (0x0000000781274198) 
thrown [/private/tmp/openjdk-20200206-75669-1lx9p0o/jdk13u-jdk-13.0.2+8/src/hotspot/share/runtime/reflection.cpp, line 1188]
Event: 17.702 Thread 0x00007f91d3d3b000 Exception <a 'java/lang/reflect/InvocationTargetException'{0x000000078b59dbc8}> (0x000000078b59dbc8) 
thrown [/private/tmp/openjdk-20200206-75669-1lx9p0o/jdk13u-jdk-13.0.2+8/src/hotspot/share/runtime/reflection.cpp, line 1188]
Event: 17.798 Thread 0x00007f91d43c1800 Exception <a 'java/lang/reflect/InvocationTargetException'{0x0000000782e59500}> (0x0000000782e59500) 
thrown [/private/tmp/openjdk-20200206-75669-1lx9p0o/jdk13u-jdk-13.0.2+8/src/hotspot/share/runtime/reflection.cpp, line 1188]
Event: 24.098 Thread 0x00007f91d1237000 Exception <a 'java/lang/reflect/InvocationTargetException'{0x0000000782ce2968}> (0x0000000782ce2968) 
thrown [/private/tmp/openjdk-20200206-75669-1lx9p0o/jdk13u-jdk-13.0.2+8/src/hotspot/share/runtime/reflection.cpp, line 1188]
Event: 24.132 Thread 0x00007f91cf8b5000 Exception <a 'java/lang/reflect/InvocationTargetException'{0x0000000782af5d40}> (0x0000000782af5d40) 
thrown [/private/tmp/openjdk-20200206-75669-1lx9p0o/jdk13u-jdk-13.0.2+8/src/hotspot/share/runtime/reflection.cpp, line 1188]
Event: 24.604 Thread 0x00007f91d3763000 Exception <a 'java/lang/reflect/InvocationTargetException'{0x000000078b5cc840}> (0x000000078b5cc840) 
thrown [/private/tmp/openjdk-20200206-75669-1lx9p0o/jdk13u-jdk-13.0.2+8/src/hotspot/share/runtime/reflection.cpp, line 1188]
Event: 24.681 Thread 0x00007f91d3763000 Exception <a 'java/lang/reflect/InvocationTargetException'{0x0000000783857938}> (0x0000000783857938) 
thrown [/private/tmp/openjdk-20200206-75669-1lx9p0o/jdk13u-jdk-13.0.2+8/src/hotspot/share/runtime/reflection.cpp, line 1188]
Event: 24.720 Thread 0x00007f91d1772000 Exception <a 'java/lang/reflect/InvocationTargetException'{0x0000000783545960}> (0x0000000783545960) 
thrown [/private/tmp/openjdk-20200206-75669-1lx9p0o/jdk13u-jdk-13.0.2+8/src/hotspot/share/runtime/reflection.cpp, line 1188]
Event: 24.754 Thread 0x00007f91d3763000 Exception <a 'java/lang/reflect/InvocationTargetException'{0x000000078335dab0}> (0x000000078335dab0) 
thrown [/private/tmp/openjdk-20200206-75669-1lx9p0o/jdk13u-jdk-13.0.2+8/src/hotspot/share/runtime/reflection.cpp, line 1188]
Event: 25.315 Thread 0x00007f91d1237000 Exception <a 'java/net/ConnectException'{0x000000078b44a0f8}> (0x000000078b44a0f8) 
thrown [/private/tmp/openjdk-20200206-75669-1lx9p0o/jdk13u-jdk-13.0.2+8/src/hotspot/share/prims/jni.cpp, line 598]
Event: 25.315 Thread 0x00007f91d1237000 Exception <a 'java/lang/reflect/InvocationTargetException'{0x000000078b44a930}> (0x000000078b44a930) 
thrown [/private/tmp/openjdk-20200206-75669-1lx9p0o/jdk13u-jdk-13.0.2+8/src/hotspot/share/runtime/reflection.cpp, line 1188]
Event: 25.486 Thread 0x00007f91d1237000 Exception <a 'java/lang/reflect/InvocationTargetException'{0x00000007828c6c10}> (0x00000007828c6c10) 
thrown [/private/tmp/openjdk-20200206-75669-1lx9p0o/jdk13u-jdk-13.0.2+8/src/hotspot/share/runtime/reflection.cpp, line 1188]
Event: 25.524 Thread 0x00007f91d1237000 Exception <a 'java/lang/reflect/InvocationTargetException'{0x0000000781f19c68}> (0x0000000781f19c68) 
thrown [/private/tmp/openjdk-20200206-75669-1lx9p0o/jdk13u-jdk-13.0.2+8/src/hotspot/share/runtime/reflection.cpp, line 1188]
Event: 26.029 Thread 0x00007f91d40c3000 Exception <a 'java/lang/reflect/InvocationTargetException'{0x0000000781be23e0}> (0x0000000781be23e0) 
thrown [/private/tmp/openjdk-20200206-75669-1lx9p0o/jdk13u-jdk-13.0.2+8/src/hotspot/share/runtime/reflection.cpp, line 1188]
Event: 26.169 Thread 0x00007f91cff68800 Exception <a 'java/lang/reflect/InvocationTargetException'{0x00000007832f3970}> (0x00000007832f3970) 
thrown [/private/tmp/openjdk-20200206-75669-1lx9p0o/jdk13u-jdk-13.0.2+8/src/hotspot/share/runtime/reflection.cpp, line 1188]
Event: 26.202 Thread 0x00007f91d132c000 Exception <a 'java/lang/reflect/InvocationTargetException'{0x0000000782f306e8}> (0x0000000782f306e8) 
thrown [/private/tmp/openjdk-20200206-75669-1lx9p0o/jdk13u-jdk-13.0.2+8/src/hotspot/share/runtime/reflection.cpp, line 1188]
Event: 26.461 Thread 0x00007f91d132c000 Exception <a 'java/lang/reflect/InvocationTargetException'{0x000000078b727b58}> (0x000000078b727b58) 
thrown [/private/tmp/openjdk-20200206-75669-1lx9p0o/jdk13u-jdk-13.0.2+8/src/hotspot/share/runtime/reflection.cpp, line 1188]
Event: 26.511 Thread 0x00007f91cf8b1000 Exception <a 'java/lang/reflect/InvocationTargetException'{0x0000000783aaf948}> (0x0000000783aaf948) 
thrown [/private/tmp/openjdk-20200206-75669-1lx9p0o/jdk13u-jdk-13.0.2+8/src/hotspot/share/runtime/reflection.cpp, line 1188]
Event: 26.682 Thread 0x00007f91cf8b1800 Exception <a 'java/lang/reflect/InvocationTargetException'{0x00000007836a1920}> (0x00000007836a1920) 
thrown [/private/tmp/openjdk-20200206-75669-1lx9p0o/jdk13u-jdk-13.0.2+8/src/hotspot/share/runtime/reflection.cpp, line 1188]
Event: 26.750 Thread 0x00007f91cf8b1800 Exception <a 'java/lang/reflect/InvocationTargetException'{0x0000000783383510}> (0x0000000783383510) 
thrown [/private/tmp/openjdk-20200206-75669-1lx9p0o/jdk13u-jdk-13.0.2+8/src/hotspot/share/runtime/reflection.cpp, line 1188]

Events (20 events):
Event: 26.723 Thread 0x00007f91d000c000 flushing nmethod 0x000000011ac5f890
Event: 26.723 Thread 0x00007f91d000c000 flushing nmethod 0x000000011acaa090
Event: 26.723 Thread 0x00007f91d000c000 flushing nmethod 0x000000011acd9e10
Event: 26.723 Thread 0x00007f91d000c000 flushing nmethod 0x000000011aceb990
Event: 26.723 Thread 0x00007f91d000c000 flushing nmethod 0x000000011acefa10
Event: 26.723 Thread 0x00007f91d000c000 flushing nmethod 0x000000011ad19610
Event: 26.723 Thread 0x00007f91d000c000 flushing nmethod 0x000000011ad2d610
Event: 26.723 Thread 0x00007f91d000c000 flushing nmethod 0x000000011ad3b910
Event: 26.723 Thread 0x00007f91d000c000 flushing nmethod 0x000000011ad44390
Event: 26.724 Thread 0x00007f91d000c000 flushing nmethod 0x000000011ad5bf90
Event: 26.724 Thread 0x00007f91d000c000 flushing nmethod 0x000000011ada5390
Event: 26.724 Thread 0x00007f91d000c000 flushing nmethod 0x000000011adc1990
Event: 26.724 Executing VM operation: HandshakeAllThreads
Event: 26.725 Executing VM operation: HandshakeAllThreads done
Event: 26.725 Executing VM operation: RedefineClasses
Event: 26.748 Executing VM operation: RedefineClasses done
Event: 26.748 Thread 0x00007f91cf8b1800 Thread added: 0x00007f91cf8b1800
Event: 26.748 Protecting memory [0x0000700009c3b000,0x0000700009c3f000] with protection modes 0
Event: 26.750 Protecting memory [0x0000700009c3b000,0x0000700009c3f000] with protection modes 3
Event: 26.750 Thread 0x00007f91cf8b1800 Thread exited: 0x00007f91cf8b1800


Dynamic libraries:
0x00007fff6e04e000 	/usr/lib/libz.1.dylib
0x000000010dced000 	/usr/local/Cellar/openjdk/13.0.2+8_2/libexec/openjdk.jdk/Contents/Home/lib/libjli.dylib
0x00007fff33e5f000 	/System/Library/Frameworks/Cocoa.framework/Versions/A/Cocoa
0x00007fff4163c000 	/System/Library/Frameworks/Security.framework/Versions/A/Security
0x00007fff32dc9000 	/System/Library/Frameworks/ApplicationServices.framework/Versions/A/ApplicationServices
0x00007fff6bb12000 	/usr/lib/libSystem.B.dylib
0x00007fff6e90e000 	/usr/lib/system/libcache.dylib
0x00007fff6e914000 	/usr/lib/system/libcommonCrypto.dylib
0x00007fff6e920000 	/usr/lib/system/libcompiler_rt.dylib
0x00007fff6e928000 	/usr/lib/system/libcopyfile.dylib
0x00007fff6e932000 	/usr/lib/system/libcorecrypto.dylib
0x00007fff6ead1000 	/usr/lib/system/libdispatch.dylib
0x00007fff6eb12000 	/usr/lib/system/libdyld.dylib
0x00007fff6eb49000 	/usr/lib/system/libkeymgr.dylib
0x00007fff6eb57000 	/usr/lib/system/liblaunch.dylib
0x00007fff6eb58000 	/usr/lib/system/libmacho.dylib
0x00007fff6eb5e000 	/usr/lib/system/libquarantine.dylib
0x00007fff6eb61000 	/usr/lib/system/libremovefile.dylib
0x00007fff6eb63000 	/usr/lib/system/libsystem_asl.dylib
0x00007fff6eb7b000 	/usr/lib/system/libsystem_blocks.dylib
0x00007fff6eb7c000 	/usr/lib/system/libsystem_c.dylib
0x00007fff6ec04000 	/usr/lib/system/libsystem_configuration.dylib
0x00007fff6ec08000 	/usr/lib/system/libsystem_coreservices.dylib
0x00007fff6ec0c000 	/usr/lib/system/libsystem_darwin.dylib
0x00007fff6ec15000 	/usr/lib/system/libsystem_dnssd.dylib
0x00007fff6ec1d000 	/usr/lib/system/libsystem_featureflags.dylib
0x00007fff6ec1f000 	/usr/lib/system/libsystem_info.dylib
0x00007fff6ec9a000 	/usr/lib/system/libsystem_m.dylib
0x00007fff6ece2000 	/usr/lib/system/libsystem_malloc.dylib
0x00007fff6ed0a000 	/usr/lib/system/libsystem_networkextension.dylib
0x00007fff6ed18000 	/usr/lib/system/libsystem_notify.dylib
0x00007fff6ed36000 	/usr/lib/system/libsystem_sandbox.dylib
0x00007fff6ed3b000 	/usr/lib/system/libsystem_secinit.dylib
0x00007fff6ec6d000 	/usr/lib/system/libsystem_kernel.dylib
0x00007fff6ed22000 	/usr/lib/system/libsystem_platform.dylib
0x00007fff6ed2b000 	/usr/lib/system/libsystem_pthread.dylib
0x00007fff6ed3e000 	/usr/lib/system/libsystem_symptoms.dylib
0x00007fff6ed46000 	/usr/lib/system/libsystem_trace.dylib
0x00007fff6ed5e000 	/usr/lib/system/libunwind.dylib
0x00007fff6ed64000 	/usr/lib/system/libxpc.dylib
0x00007fff6d972000 	/usr/lib/libobjc.A.dylib
0x00007fff6be4b000 	/usr/lib/libc++abi.dylib
0x00007fff6bdf8000 	/usr/lib/libc++.1.dylib
0x00007fff34cfa000 	/System/Library/Frameworks/CoreFoundation.framework/Versions/A/CoreFoundation
0x00007fff373b0000 	/System/Library/Frameworks/Foundation.framework/Versions/C/Foundation
0x00007fff31fba000 	/System/Library/Frameworks/AppKit.framework/Versions/C/AppKit
0x00007fff347e3000 	/System/Library/Frameworks/CoreData.framework/Versions/A/CoreData
0x00007fff65b33000 	/System/Library/PrivateFrameworks/UIFoundation.framework/Versions/A/UIFoundation
0x00007fff60be1000 	/System/Library/PrivateFrameworks/RemoteViewServices.framework/Versions/A/RemoteViewServices
0x00007fff68687000 	/System/Library/PrivateFrameworks/XCTTargetBootstrap.framework/Versions/A/XCTTargetBootstrap
0x00007fff34bce000 	/System/Library/Frameworks/CoreDisplay.framework/Versions/A/CoreDisplay
0x00007fff3a269000 	/System/Library/Frameworks/Metal.framework/Versions/A/Metal
0x00007fff4ec50000 	/System/Library/PrivateFrameworks/DesktopServicesPriv.framework/Versions/A/DesktopServicesPriv
0x00007fff6cc4f000 	/usr/lib/liblangid.dylib
0x00007fff4dee9000 	/System/Library/PrivateFrameworks/CoreSVG.framework/Versions/A/CoreSVG
0x00007fff63d37000 	/System/Library/PrivateFrameworks/SkyLight.framework/Versions/A/SkyLight
0x00007fff3517b000 	/System/Library/Frameworks/CoreGraphics.framework/Versions/A/CoreGraphics
0x00007fff3098e000 	/System/Library/Frameworks/Accelerate.framework/Versions/A/Accelerate
0x00007fff6df3f000 	/usr/lib/libxml2.2.dylib
0x00007fff59b93000 	/System/Library/PrivateFrameworks/IconServices.framework/Versions/A/IconServices
0x00007fff37b8f000 	/System/Library/Frameworks/IOSurface.framework/Versions/A/IOSurface
0x00007fff6b63c000 	/usr/lib/libDiagnosticMessagesClient.dylib
0x00007fff4eaaa000 	/System/Library/PrivateFrameworks/DFRFoundation.framework/Versions/A/DFRFoundation
0x00007fff6c9de000 	/usr/lib/libicucore.A.dylib
0x00007fff330fb000 	/System/Library/Frameworks/AudioToolbox.framework/Versions/A/AudioToolbox
0x00007fff331de000 	/System/Library/Frameworks/AudioUnit.framework/Versions/A/AudioUnit
0x00007fff6bd14000 	/usr/lib/libauto.dylib
0x00007fff4eb4c000 	/System/Library/PrivateFrameworks/DataDetectorsCore.framework/Versions/A/DataDetectorsCore
0x00007fff33980000 	/System/Library/Frameworks/Carbon.framework/Versions/A/Frameworks/HIToolbox.framework/Versions/A/HIToolbox
0x00007fff40839000 	/System/Library/Frameworks/QuartzCore.framework/Versions/A/QuartzCore
0x00007fff33cbf000 	/System/Library/Frameworks/Carbon.framework/Versions/A/Frameworks/SpeechRecognition.framework/Versions/A/SpeechRecognition
0x00007fff4e5c1000 	/System/Library/PrivateFrameworks/CoreUI.framework/Versions/A/CoreUI
0x00007fff3424e000 	/System/Library/Frameworks/CoreAudio.framework/Versions/A/CoreAudio
0x00007fff37075000 	/System/Library/Frameworks/DiskArbitration.framework/Versions/A/DiskArbitration
0x00007fff5bbe0000 	/System/Library/PrivateFrameworks/MultitouchSupport.framework/Versions/A/MultitouchSupport
0x00007fff6c8a5000 	/usr/lib/libenergytrace.dylib
0x00007fff37ae9000 	/System/Library/Frameworks/IOKit.framework/Versions/A/IOKit
0x00007fff360e2000 	/System/Library/Frameworks/CoreServices.framework/Versions/A/CoreServices
0x00007fff5dd77000 	/System/Library/PrivateFrameworks/PerformanceAnalysis.framework/Versions/A/PerformanceAnalysis
0x00007fff3f86c000 	/System/Library/Frameworks/OpenGL.framework/Versions/A/OpenGL
0x00007fff33e6d000 	/System/Library/Frameworks/ColorSync.framework/Versions/A/ColorSync
0x00007fff357fd000 	/System/Library/Frameworks/CoreImage.framework/Versions/A/CoreImage
0x00007fff36b54000 	/System/Library/Frameworks/CoreText.framework/Versions/A/CoreText
0x00007fff37c1f000 	/System/Library/Frameworks/ImageIO.framework/Versions/A/ImageIO
0x00007fff6be74000 	/usr/lib/libcompression.dylib
0x00007fff6b980000 	/usr/lib/libMobileGestalt.dylib
0x00007fff658ac000 	/System/Library/PrivateFrameworks/TextureIO.framework/Versions/A/TextureIO
0x00007fff6bc77000 	/usr/lib/libate.dylib
0x00007fff59d9c000 	/System/Library/PrivateFrameworks/InternationalSupport.framework/Versions/A/InternationalSupport
0x00007fff6cc51000 	/usr/lib/liblzma.5.dylib
0x00007fff6c8cc000 	/usr/lib/libfakelink.dylib
0x00007fff6bc04000 	/usr/lib/libarchive.2.dylib
0x00007fff426ec000 	/System/Library/Frameworks/SystemConfiguration.framework/Versions/A/SystemConfiguration
0x00007fff6b56f000 	/usr/lib/libCRFSuite.dylib
0x00007fff33571000 	/System/Library/Frameworks/CFNetwork.framework/Versions/A/CFNetwork
0x00007fff6bdda000 	/usr/lib/libbsm.0.dylib
0x00007fff6eb4a000 	/usr/lib/system/libkxld.dylib
0x00007fff4847f000 	/System/Library/PrivateFrameworks/AppleFSCompression.framework/Versions/A/AppleFSCompression
0x00007fff6c165000 	/usr/lib/libcoretls.dylib
0x00007fff6c17c000 	/usr/lib/libcoretls_cfhelpers.dylib
0x00007fff6d9b8000 	/usr/lib/libpam.2.dylib
0x00007fff6daed000 	/usr/lib/libsqlite3.dylib
0x00007fff6df2c000 	/usr/lib/libxar.1.dylib
0x00007fff6bdeb000 	/usr/lib/libbz2.1.0.dylib
0x00007fff6c8ed000 	/usr/lib/libiconv.2.dylib
0x00007fff6be61000 	/usr/lib/libcharset.1.dylib
0x00007fff6d457000 	/usr/lib/libnetwork.dylib
0x00007fff6d9bf000 	/usr/lib/libpcap.A.dylib
0x00007fff6bbb9000 	/usr/lib/libapple_nghttp2.dylib
0x00007fff36499000 	/System/Library/Frameworks/CoreServices.framework/Versions/A/Frameworks/FSEvents.framework/Versions/A/FSEvents
0x00007fff36169000 	/System/Library/Frameworks/CoreServices.framework/Versions/A/Frameworks/CarbonCore.framework/Versions/A/CarbonCore
0x00007fff366dc000 	/System/Library/Frameworks/CoreServices.framework/Versions/A/Frameworks/Metadata.framework/Versions/A/Metadata
0x00007fff36775000 	/System/Library/Frameworks/CoreServices.framework/Versions/A/Frameworks/OSServices.framework/Versions/A/OSServices
0x00007fff367a3000 	/System/Library/Frameworks/CoreServices.framework/Versions/A/Frameworks/SearchKit.framework/Versions/A/SearchKit
0x00007fff360e3000 	/System/Library/Frameworks/CoreServices.framework/Versions/A/Frameworks/AE.framework/Versions/A/AE
0x00007fff364a2000 	/System/Library/Frameworks/CoreServices.framework/Versions/A/Frameworks/LaunchServices.framework/Versions/A/LaunchServices
0x00007fff3644b000 	/System/Library/Frameworks/CoreServices.framework/Versions/A/Frameworks/DictionaryServices.framework/Versions/A/DictionaryServices
0x00007fff3680b000 	/System/Library/Frameworks/CoreServices.framework/Versions/A/Frameworks/SharedFileList.framework/Versions/A/SharedFileList
0x00007fff3b68c000 	/System/Library/Frameworks/NetFS.framework/Versions/A/NetFS
0x00007fff5c10f000 	/System/Library/PrivateFrameworks/NetAuth.framework/Versions/A/NetAuth
0x00007fff68a54000 	/System/Library/PrivateFrameworks/login.framework/Versions/A/Frameworks/loginsupport.framework/Versions/A/loginsupport
0x00007fff65379000 	/System/Library/PrivateFrameworks/TCC.framework/Versions/A/TCC
0x00007fff4d05c000 	/System/Library/PrivateFrameworks/CoreNLP.framework/Versions/A/CoreNLP
0x00007fff5b60e000 	/System/Library/PrivateFrameworks/MetadataUtilities.framework/Versions/A/MetadataUtilities
0x00007fff6cd29000 	/usr/lib/libmecabra.dylib
0x00007fff6cc81000 	/usr/lib/libmecab.dylib
0x00007fff6c8dd000 	/usr/lib/libgermantok.dylib
0x00007fff6bba0000 	/usr/lib/libThaiTokenizer.dylib
0x00007fff6b5a6000 	/usr/lib/libChineseTokenizer.dylib
0x00007fff309a6000 	/System/Library/Frameworks/Accelerate.framework/Versions/A/Frameworks/vImage.framework/Versions/A/vImage
0x00007fff31e10000 	/System/Library/Frameworks/Accelerate.framework/Versions/A/Frameworks/vecLib.framework/Versions/A/vecLib
0x00007fff31d4d000 	/System/Library/Frameworks/Accelerate.framework/Versions/A/Frameworks/vecLib.framework/Versions/A/libvMisc.dylib
0x00007fff31b75000 	/System/Library/Frameworks/Accelerate.framework/Versions/A/Frameworks/vecLib.framework/Versions/A/libvDSP.dylib
0x00007fff30ffd000 	/System/Library/Frameworks/Accelerate.framework/Versions/A/Frameworks/vecLib.framework/Versions/A/libBLAS.dylib
0x00007fff31739000 	/System/Library/Frameworks/Accelerate.framework/Versions/A/Frameworks/vecLib.framework/Versions/A/libLAPACK.dylib
0x00007fff31ad5000 	/System/Library/Frameworks/Accelerate.framework/Versions/A/Frameworks/vecLib.framework/Versions/A/libLinearAlgebra.dylib
0x00007fff31b62000 	/System/Library/Frameworks/Accelerate.framework/Versions/A/Frameworks/vecLib.framework/Versions/A/libSparseBLAS.dylib
0x00007fff31aeb000 	/System/Library/Frameworks/Accelerate.framework/Versions/A/Frameworks/vecLib.framework/Versions/A/libQuadrature.dylib
0x00007fff31265000 	/System/Library/Frameworks/Accelerate.framework/Versions/A/Frameworks/vecLib.framework/Versions/A/libBNNS.dylib
0x00007fff31af1000 	/System/Library/Frameworks/Accelerate.framework/Versions/A/Frameworks/vecLib.framework/Versions/A/libSparse.dylib
0x00007fff5a184000 	/System/Library/PrivateFrameworks/LanguageModeling.framework/Versions/A/LanguageModeling
0x00007fff4ca0c000 	/System/Library/PrivateFrameworks/CoreEmoji.framework/Versions/A/CoreEmoji
0x00007fff5a2a2000 	/System/Library/PrivateFrameworks/LinguisticData.framework/Versions/A/LinguisticData
0x00007fff5a253000 	/System/Library/PrivateFrameworks/Lexicon.framework/Versions/A/Lexicon
0x00007fff6be62000 	/usr/lib/libcmph.dylib
0x00007fff3e27a000 	/System/Library/Frameworks/OpenDirectory.framework/Versions/A/Frameworks/CFOpenDirectory.framework/Versions/A/CFOpenDirectory
0x00007fff3e297000 	/System/Library/Frameworks/OpenDirectory.framework/Versions/A/OpenDirectory
0x00007fff466b7000 	/System/Library/PrivateFrameworks/APFS.framework/Versions/A/APFS
0x00007fff41986000 	/System/Library/Frameworks/SecurityFoundation.framework/Versions/A/SecurityFoundation
0x00007fff6df28000 	/usr/lib/libutil.dylib
0x00007fff4df41000 	/System/Library/PrivateFrameworks/CoreServicesStore.framework/Versions/A/CoreServicesStore
0x00007fff41a3d000 	/System/Library/Frameworks/ServiceManagement.framework/Versions/A/ServiceManagement
0x00007fff49c4d000 	/System/Library/PrivateFrameworks/BackgroundTaskManagement.framework/Versions/A/BackgroundTaskManagement
0x00007fff6e025000 	/usr/lib/libxslt.1.dylib
0x00007fff48af1000 	/System/Library/PrivateFrameworks/AppleSystemInfo.framework/Versions/A/AppleSystemInfo
0x00007fff37e3a000 	/System/Library/Frameworks/ImageIO.framework/Versions/A/Resources/libJPEG.dylib
0x00007fff380f6000 	/System/Library/Frameworks/ImageIO.framework/Versions/A/Resources/libTIFF.dylib
0x00007fff380d9000 	/System/Library/Frameworks/ImageIO.framework/Versions/A/Resources/libPng.dylib
0x00007fff37d7c000 	/System/Library/Frameworks/ImageIO.framework/Versions/A/Resources/libGIF.dylib
0x00007fff37d80000 	/System/Library/Frameworks/ImageIO.framework/Versions/A/Resources/libJP2.dylib
0x00007fff380f4000 	/System/Library/Frameworks/ImageIO.framework/Versions/A/Resources/libRadiance.dylib
0x00007fff6c8a6000 	/usr/lib/libexpat.1.dylib
0x00007fff485da000 	/System/Library/PrivateFrameworks/AppleJPEG.framework/Versions/A/AppleJPEG
0x00007fff51206000 	/System/Library/PrivateFrameworks/FontServices.framework/libFontParser.dylib
0x00007fff67a5a000 	/System/Library/PrivateFrameworks/WatchdogClient.framework/Versions/A/WatchdogClient
0x00007fff597e0000 	/System/Library/PrivateFrameworks/IOAccelerator.framework/Versions/A/IOAccelerator
0x00007fff3a604000 	/System/Library/Frameworks/MetalPerformanceShaders.framework/Versions/A/MetalPerformanceShaders
0x00007fff55f79000 	/System/Library/PrivateFrameworks/GPUWrangler.framework/Versions/A/GPUWrangler
0x00007fff597f5000 	/System/Library/PrivateFrameworks/IOPresentment.framework/Versions/A/IOPresentment
0x00007fff4eabd000 	/System/Library/PrivateFrameworks/DSExternalDisplay.framework/Versions/A/DSExternalDisplay
0x00007fff3ec0b000 	/System/Library/Frameworks/OpenGL.framework/Versions/A/Libraries/libCoreFSCache.dylib
0x00007fff3a350000 	/System/Library/Frameworks/MetalPerformanceShaders.framework/Frameworks/MPSCore.framework/Versions/A/MPSCore
0x00007fff3a38e000 	/System/Library/Frameworks/MetalPerformanceShaders.framework/Frameworks/MPSImage.framework/Versions/A/MPSImage
0x00007fff3a455000 	/System/Library/Frameworks/MetalPerformanceShaders.framework/Frameworks/MPSNeuralNetwork.framework/Versions/A/MPSNeuralNetwork
0x00007fff3a419000 	/System/Library/Frameworks/MetalPerformanceShaders.framework/Frameworks/MPSMatrix.framework/Versions/A/MPSMatrix
0x00007fff3a5b4000 	/System/Library/Frameworks/MetalPerformanceShaders.framework/Frameworks/MPSRayIntersector.framework/Versions/A/MPSRayIntersector
0x00007fff3a43f000 	/System/Library/Frameworks/MetalPerformanceShaders.framework/Frameworks/MPSNDArray.framework/Versions/A/MPSNDArray
0x00007fff5b65b000 	/System/Library/PrivateFrameworks/MetalTools.framework/Versions/A/MetalTools
0x00007fff4788a000 	/System/Library/PrivateFrameworks/AggregateDictionary.framework/Versions/A/AggregateDictionary
0x00007fff4c466000 	/System/Library/PrivateFrameworks/CoreAnalytics.framework/Versions/A/CoreAnalytics
0x00007fff48a10000 	/System/Library/PrivateFrameworks/AppleSauce.framework/Versions/A/AppleSauce
0x00007fff6b862000 	/usr/lib/libIOReport.dylib
0x00007fff36d0c000 	/System/Library/Frameworks/CoreVideo.framework/Versions/A/CoreVideo
0x00007fff573f3000 	/System/Library/PrivateFrameworks/GraphVisualizer.framework/Versions/A/GraphVisualizer
0x00007fff5075a000 	/System/Library/PrivateFrameworks/FaceCore.framework/Versions/A/FaceCore
0x00007fff3e221000 	/System/Library/Frameworks/OpenCL.framework/Versions/A/OpenCL
0x00007fff6b684000 	/usr/lib/libFosl_dynamic.dylib
0x00007fff5cb24000 	/System/Library/PrivateFrameworks/OTSVG.framework/Versions/A/OTSVG
0x00007fff32ece000 	/System/Library/Frameworks/ApplicationServices.framework/Versions/A/Frameworks/ATS.framework/Versions/A/Resources/libFontRegistry.dylib
0x00007fff513d7000 	/System/Library/PrivateFrameworks/FontServices.framework/libhvf.dylib
0x00007fff3ec16000 	/System/Library/Frameworks/OpenGL.framework/Versions/A/Libraries/libGFXShared.dylib
0x00007fff3edf4000 	/System/Library/Frameworks/OpenGL.framework/Versions/A/Libraries/libGLU.dylib
0x00007fff3ec1f000 	/System/Library/Frameworks/OpenGL.framework/Versions/A/Libraries/libGL.dylib
0x00007fff3ec2a000 	/System/Library/Frameworks/OpenGL.framework/Versions/A/Libraries/libGLImage.dylib
0x00007fff3ec08000 	/System/Library/Frameworks/OpenGL.framework/Versions/A/Libraries/libCVMSPluginSupport.dylib
0x00007fff3ec11000 	/System/Library/Frameworks/OpenGL.framework/Versions/A/Libraries/libCoreVMClient.dylib
0x00007fff6d2f8000 	/usr/lib/libncurses.5.4.dylib
0x00007fff32dca000 	/System/Library/Frameworks/ApplicationServices.framework/Versions/A/Frameworks/ATS.framework/Versions/A/ATS
0x00007fff32f97000 	/System/Library/Frameworks/ApplicationServices.framework/Versions/A/Frameworks/ColorSyncLegacy.framework/Versions/A/ColorSyncLegacy
0x00007fff33035000 	/System/Library/Frameworks/ApplicationServices.framework/Versions/A/Frameworks/HIServices.framework/Versions/A/HIServices
0x00007fff3308d000 	/System/Library/Frameworks/ApplicationServices.framework/Versions/A/Frameworks/LangAnalysis.framework/Versions/A/LangAnalysis
0x00007fff3309c000 	/System/Library/Frameworks/ApplicationServices.framework/Versions/A/Frameworks/PrintCore.framework/Versions/A/PrintCore
0x00007fff330e2000 	/System/Library/Frameworks/ApplicationServices.framework/Versions/A/Frameworks/QD.framework/Versions/A/QD
0x00007fff330ed000 	/System/Library/Frameworks/ApplicationServices.framework/Versions/A/Frameworks/SpeechSynthesis.framework/Versions/A/SpeechSynthesis
0x00007fff32f67000 	/System/Library/Frameworks/ApplicationServices.framework/Versions/A/Frameworks/ATSUI.framework/Versions/A/ATSUI
0x00007fff6c73a000 	/usr/lib/libcups.2.dylib
0x00007fff396a1000 	/System/Library/Frameworks/Kerberos.framework/Versions/A/Kerberos
0x00007fff377e2000 	/System/Library/Frameworks/GSS.framework/Versions/A/GSS
0x00007fff6da79000 	/usr/lib/libresolv.9.dylib
0x00007fff575a1000 	/System/Library/PrivateFrameworks/Heimdal.framework/Versions/A/Heimdal
0x00007fff396b4000 	/System/Library/Frameworks/Kerberos.framework/Versions/A/Libraries/libHeimdalProxy.dylib
0x00007fff6c8e3000 	/usr/lib/libheimdal-asn1.dylib
0x00007fff4b8ff000 	/System/Library/PrivateFrameworks/CommonAuth.framework/Versions/A/CommonAuth
0x00007fff48b8e000 	/System/Library/PrivateFrameworks/AssertionServices.framework/Versions/A/AssertionServices
0x00007fff49730000 	/System/Library/PrivateFrameworks/AudioToolboxCore.framework/Versions/A/AudioToolboxCore
0x00007fff68704000 	/System/Library/PrivateFrameworks/caulk.framework/Versions/A/caulk
0x00007fff49cf9000 	/System/Library/PrivateFrameworks/BaseBoard.framework/Versions/A/BaseBoard
0x00007fff60d6f000 	/System/Library/PrivateFrameworks/RunningBoardServices.framework/Versions/A/RunningBoardServices
0x00007fff5dd83000 	/System/Library/PrivateFrameworks/PersistentConnection.framework/Versions/A/PersistentConnection
0x00007fff60769000 	/System/Library/PrivateFrameworks/ProtocolBuffer.framework/Versions/A/ProtocolBuffer
0x00007fff4b923000 	/System/Library/PrivateFrameworks/CommonUtilities.framework/Versions/A/CommonUtilities
0x00007fff49e87000 	/System/Library/PrivateFrameworks/Bom.framework/Versions/A/Bom
0x00007fff6b535000 	/usr/lib/libAudioToolboxUtility.dylib
0x00007fff49c57000 	/System/Library/PrivateFrameworks/Backup.framework/Versions/A/Backup
0x00007fff4e9de000 	/System/Library/PrivateFrameworks/CrashReporterSupport.framework/Versions/A/CrashReporterSupport
0x00007fff627fd000 	/System/Library/PrivateFrameworks/Sharing.framework/Versions/A/Sharing
0x00007fff4819d000 	/System/Library/PrivateFrameworks/Apple80211.framework/Versions/A/Apple80211
0x00007fff49974000 	/System/Library/PrivateFrameworks/AuthKit.framework/Versions/A/AuthKit
0x00007fff4e6ee000 	/System/Library/PrivateFrameworks/CoreUtils.framework/Versions/A/CoreUtils
0x00007fff36d51000 	/System/Library/Frameworks/CoreWLAN.framework/Versions/A/CoreWLAN
0x00007fff3796f000 	/System/Library/Frameworks/IOBluetooth.framework/Versions/A/IOBluetooth
0x00007fff5b95f000 	/System/Library/PrivateFrameworks/MobileKeyBag.framework/Versions/A/MobileKeyBag
0x00007fff4d4f4000 	/System/Library/PrivateFrameworks/CorePhoneNumbers.framework/Versions/A/CorePhoneNumbers
0x00007fff4858d000 	/System/Library/PrivateFrameworks/AppleIDAuthSupport.framework/Versions/A/AppleIDAuthSupport
0x00007fff3b699000 	/System/Library/Frameworks/Network.framework/Versions/A/Network
0x00007fff5a030000 	/System/Library/PrivateFrameworks/KeychainCircle.framework/Versions/A/KeychainCircle
0x00007fff347aa000 	/System/Library/Frameworks/CoreBluetooth.framework/Versions/A/CoreBluetooth
0x00007fff6487a000 	/System/Library/PrivateFrameworks/SpeechRecognitionCore.framework/Versions/A/SpeechRecognitionCore
0x000000010e600000 	/usr/local/Cellar/openjdk/13.0.2+8_2/libexec/openjdk.jdk/Contents/Home/lib/server/libjvm.dylib
0x000000010dd10000 	/usr/local/Cellar/openjdk/13.0.2+8_2/libexec/openjdk.jdk/Contents/Home/lib/libverify.dylib
0x000000010dd1d000 	/usr/local/Cellar/openjdk/13.0.2+8_2/libexec/openjdk.jdk/Contents/Home/lib/libjava.dylib
0x000000010dd5d000 	/usr/local/Cellar/openjdk/13.0.2+8_2/libexec/openjdk.jdk/Contents/Home/lib/libinstrument.dylib
0x000000010dde3000 	/usr/local/Cellar/openjdk/13.0.2+8_2/libexec/openjdk.jdk/Contents/Home/lib/libzip.dylib
0x000000010ddec000 	/usr/local/Cellar/openjdk/13.0.2+8_2/libexec/openjdk.jdk/Contents/Home/lib/libjimage.dylib
0x0000000119493000 	/usr/local/Cellar/openjdk/13.0.2+8_2/libexec/openjdk.jdk/Contents/Home/lib/libnio.dylib
0x00000001194a3000 	/usr/local/Cellar/openjdk/13.0.2+8_2/libexec/openjdk.jdk/Contents/Home/lib/libnet.dylib
0x0000000119450000 	/usr/local/Cellar/openjdk/13.0.2+8_2/libexec/openjdk.jdk/Contents/Home/lib/libextnet.dylib
0x000000011946e000 	/usr/local/Cellar/openjdk/13.0.2+8_2/libexec/openjdk.jdk/Contents/Home/lib/libmanagement.dylib
0x0000000119474000 	/usr/local/Cellar/openjdk/13.0.2+8_2/libexec/openjdk.jdk/Contents/Home/lib/libmanagement_ext.dylib


VM Arguments:
jvm_args: -Djava.awt.headless=true -javaagent:/var/folders/my/1qtkmkpd47v5pfljf3gykccc0000gn/T/15877241573230447491979145990264994879628862318507.jar -Dclassworlds.conf=/usr/local/Cellar/maven/3.6.3_1/libexec/bin/m2.conf -Dmaven.home=/usr/local/Cellar/maven/3.6.3_1/libexec -Dlibrary.jansi.path=/usr/local/Cellar/maven/3.6.3_1/libexec/lib/jansi-native -Dmaven.multiModuleProjectDirectory=/Users/yusungsim/jsoup-pit 
java_command: org.pitest.mutationtest.execute.MutationTestMinion 59247
java_class_path (initial): /Users/yusungsim/jsoup-pit/target/test-classes:/Users/yusungsim/jsoup-pit/target/classes:/Users/yusungsim/.m2/repository/org/junit/jupiter/junit-jupiter/5.6.0/junit-jupiter-5.6.0.jar:/Users/yusungsim/.m2/repository/org/junit/jupiter/junit-jupiter-api/5.6.0/junit-jupiter-api-5.6.0.jar:/Users/yusungsim/.m2/repository/org/apiguardian/apiguardian-api/1.1.0/apiguardian-api-1.1.0.jar:/Users/yusungsim/.m2/repository/org/opentest4j/opentest4j/1.2.0/opentest4j-1.2.0.jar:/Users/yusungsim/.m2/repository/org/junit/platform/junit-platform-commons/1.6.0/junit-platform-commons-1.6.0.jar:/Users/yusungsim/.m2/repository/org/junit/jupiter/junit-jupiter-params/5.6.0/junit-jupiter-params-5.6.0.jar:/Users/yusungsim/.m2/repository/org/junit/jupiter/junit-jupiter-engine/5.6.0/junit-jupiter-engine-5.6.0.jar:/Users/yusungsim/.m2/repository/org/junit/platform/junit-platform-engine/1.6.0/junit-platform-engine-1.6.0.jar:/Users/yusungsim/.m2/repository/com/google/code/gson/gson/2.7/gson-2.7.jar:/Users/yusungsim/.m2/repository/org/eclipse/jetty/jetty-server/9.4.26.v20200117/jetty-server-9.4.26.v20200117.jar:/Users/yusungsim/.m2/repository/javax/servlet/javax.servlet-api/3.1.0/javax.servlet-api-3.1.0.jar:/Users/yusungsim/.m2/repository/org/eclipse/jetty/jetty-http/9.4.26.v20200117/jetty-http-9.4.26.v20200117.jar:/Users/yusungsim/.m2/repository/org/eclipse/jetty/jetty-util/9.4.26.v20200117/jetty-util-9.4.26.v20200117.jar:/Users/yusungsim/.m2/repository/org/eclipse/jetty/jetty-io/9.4.26.v20200117/jetty-io-9.4.26.v20200117.jar:/Users/yusungsim/.m2/repository/org/eclipse/jetty/jetty-servlet/9.4.26.v20200117/jetty-servlet-9.4.26.v20200117.jar:/Users/yusungsim/.m2/repository/org/eclipse/jetty/jetty-security/9.4.26.v20200117/jetty-security-9.4.26.v20200117.jar:/Users/yusungsim/.m2/repository/org/pitest/pitest-junit5-plugin/0.8/pitest-junit5-plugin-0.8.jar:/Users/yusungsim/.m2/repository/org/pitest/pitest/1.5.1/pitest-1.5.1.jar
Launcher Type: SUN_STANDARD

[Global flags]
     intx CICompilerCount                          = 3                                         {product} {ergonomic}
     uint ConcGCThreads                            = 1                                         {product} {ergonomic}
     uint G1ConcRefinementThreads                  = 4                                         {product} {ergonomic}
   size_t G1HeapRegionSize                         = 1048576                                   {product} {ergonomic}
    uintx GCDrainStackTargetSize                   = 64                                        {product} {ergonomic}
   size_t InitialHeapSize                          = 134217728                                 {product} {ergonomic}
   size_t MarkStackSize                            = 4194304                                   {product} {ergonomic}
   size_t MaxHeapSize                              = 2147483648                                {product} {ergonomic}
   size_t MaxNewSize                               = 1287651328                                {product} {ergonomic}
   size_t MinHeapDeltaBytes                        = 1048576                                   {product} {ergonomic}
   size_t MinHeapSize                              = 8388608                                   {product} {ergonomic}
    uintx NonNMethodCodeHeapSize                   = 5832780                                {pd product} {ergonomic}
    uintx NonProfiledCodeHeapSize                  = 122912730                              {pd product} {ergonomic}
    uintx ProfiledCodeHeapSize                     = 122912730                              {pd product} {ergonomic}
    uintx ReservedCodeCacheSize                    = 251658240                              {pd product} {ergonomic}
     bool SegmentedCodeCache                       = true                                      {product} {ergonomic}
   size_t SoftMaxHeapSize                          = 2147483648                             {manageable} {ergonomic}
     bool UseCompressedClassPointers               = true                                 {lp64_product} {ergonomic}
     bool UseCompressedOops                        = true                                 {lp64_product} {ergonomic}
     bool UseG1GC                                  = true                                      {product} {ergonomic}

Logging:
Log output configuration:
 #0: stdout all=warning uptime,level,tags
 #1: stderr all=off uptime,level,tags

Environment Variables:
JAVA_HOME=/usr/local/opt/openjdk
CLASSPATH=/Users/yusungsim/jsoup-pit/target/test-classes:/Users/yusungsim/jsoup-pit/target/classes:/Users/yusungsim/.m2/repository/org/junit/jupiter/junit-jupiter/5.6.0/junit-jupiter-5.6.0.jar:/Users/yusungsim/.m2/repository/org/junit/jupiter/junit-jupiter-api/5.6.0/junit-jupiter-api-5.6.0.jar:/Users/yusungsim/.m2/repository/org/apiguardian/apiguardian-api/1.1.0/apiguardian-api-1.1.0.jar:/Users/yusungsim/.m2/repository/org/opentest4j/opentest4j/1.2.0/opentest4j-1.2.0.jar:/Users/yusungsim/.m2/repository/org/junit/platform/junit-platform-commons/1.6.0/junit-platform-commons-1.6.0.jar:/Users/yusungsim/.m2/repository/org/junit/jupiter/junit-jupiter-params/5.6.0/junit-jupiter-params-5.6.0.jar:/Users/yusungsim/.m2/repository/org/junit/jupiter/junit-jupiter-engine/5.6.0/junit-jupiter-engine-5.6.0.jar:/Users/yusungsim/.m2/repository/org/junit/platform/junit-platform-engine/1.6.0/junit-platform-engine-1.6.0.jar:/Users/yusungsim/.m2/repository/com/google/code/gson/gson/2.7/gson-2.7.jar:/Users/yusungsim/.m2/repository/org/eclipse/jetty/jetty-server/9.4.26.v20200117/jetty-server-9.4.26.v20200117.jar:/Users/yusungsim/.m2/repository/javax/servlet/javax.servlet-api/3.1.0/javax.servlet-api-3.1.0.jar:/Users/yusungsim/.m2/repository/org/eclipse/jetty/jetty-http/9.4.26.v20200117/jetty-http-9.4.26.v20200117.jar:/Users/yusungsim/.m2/repository/org/eclipse/jetty/jetty-util/9.4.26.v20200117/jetty-util-9.4.26.v20200117.jar:/Users/yusungsim/.m2/repository/org/eclipse/jetty/jetty-io/9.4.26.v20200117/jetty-io-9.4.26.v20200117.jar:/Users/yusungsim/.m2/repository/org/eclipse/jetty/jetty-servlet/9.4.26.v20200117/jetty-servlet-9.4.26.v20200117.jar:/Users/yusungsim/.m2/repository/org/eclipse/jetty/jetty-security/9.4.26.v20200117/jetty-security-9.4.26.v20200117.jar:/Users/yusungsim/.m2/repository/org/pitest/pitest-junit5-plugin/0.8/pitest-junit5-plugin-0.8.jar:/Users/yusungsim/.m2/repository/org/pitest/pitest/1.5.1/pitest-1.5.1.jar
PATH=/Users/yusungsim/.nvm/versions/node/v12.16.0/bin:/Users/yusungsim/pintos-kaist/utils:/Library/Frameworks/Python.framework/Versions/3.8/bin:/Users/yusungsim/.cargo/bin:/usr/local/bin:/usr/bin:/bin:/usr/sbin:/sbin:/Users/yusungsim/.nvm/versions/node/v12.16.0/bin:/Users/yusungsim/pintos-kaist/utils:/Library/Frameworks/Python.framework/Versions/3.8/bin:/Users/yusungsim/.cargo/bin
SHELL=/bin/zsh

Signal Handlers:
SIGSEGV: [libjvm.dylib+0x7f0282], sa_mask[0]=11111111011111110111111111111111, sa_flags=SA_ONSTACK|SA_RESTART|SA_SIGINFO
SIGBUS: [libjvm.dylib+0x7f0282], sa_mask[0]=11111111011111110111111111111111, sa_flags=SA_RESTART|SA_SIGINFO
SIGFPE: [libjvm.dylib+0x7f0282], sa_mask[0]=11111111011111110111111111111111, sa_flags=SA_RESTART|SA_SIGINFO
SIGPIPE: [libjvm.dylib+0x6357e1], sa_mask[0]=11111111011111110111111111111111, sa_flags=SA_RESTART|SA_SIGINFO
SIGXFSZ: [libjvm.dylib+0x6357e1], sa_mask[0]=11111111011111110111111111111111, sa_flags=SA_RESTART|SA_SIGINFO
SIGILL: [libjvm.dylib+0x7f0282], sa_mask[0]=11111111011111110111111111111111, sa_flags=SA_RESTART|SA_SIGINFO
SIGUSR2: [libjvm.dylib+0x635db6], sa_mask[0]=00100000000000000000000000000000, sa_flags=SA_RESTART|SA_SIGINFO
SIGHUP: [libjvm.dylib+0x634daf], sa_mask[0]=11111111011111110111111111111111, sa_flags=SA_RESTART|SA_SIGINFO
SIGINT: [libjvm.dylib+0x634daf], sa_mask[0]=11111111011111110111111111111111, sa_flags=SA_RESTART|SA_SIGINFO
SIGTERM: [libjvm.dylib+0x634daf], sa_mask[0]=11111111011111110111111111111111, sa_flags=SA_RESTART|SA_SIGINFO
SIGQUIT: [libjvm.dylib+0x634daf], sa_mask[0]=11111111011111110111111111111111, sa_flags=SA_RESTART|SA_SIGINFO


---------------  S Y S T E M  ---------------

OS:uname:Darwin 19.4.0 Darwin Kernel Version 19.4.0: Wed Mar  4 22:28:40 PST 2020; root:xnu-6153.101.6~15/RELEASE_X86_64 x86_64
rlimit: STACK 8192k, CORE 0k, NPROC 1392, NOFILE 10240, AS infinity, DATA infinity, FSIZE infinity
load average:5.56 3.51 3.22

CPU:total 4 (initial active 4) (2 cores per cpu, 2 threads per core) family 6 model 61 stepping 4, cmov, cx8, fxsr, mmx, sse, sse2, sse3, ssse3, sse4.1, sse4.2, popcnt, avx, avx2, aes, clmul, erms, 3dnowpref, lzcnt, ht, tsc, tscinvbit, bmi1, bmi2, adx, fma

Memory: 4k page, physical 8388608k(382092k free), swap 3145728k(1521152k free)

vm_info: OpenJDK 64-Bit Server VM (13.0.2+8) for bsd-amd64 JRE (13.0.2+8), built on Feb  6 2020 02:07:52 by "brew" with clang 4.2.1 Compatible Apple LLVM 11.0.0 (clang-1100.0.33.17)

END.
